CRITICAL - 2022-11-20 00:53:22 --> Undefined variable: total_amount
in APPPATH\Views\bakul.php on line 72.
 1 APPPATH\Views\bakul.php(72): CodeIgniter\Debug\Exceptions->errorHandler(8, 'Undefined variable: total_amount', 'APPPATH\\Views\\bakul.php', 72, [])
 2 SYSTEMPATH\View\View.php(213): include('APPPATH\\Views\\bakul.php')
 3 SYSTEMPATH\View\View.php(216): CodeIgniter\View\View->CodeIgniter\View\{closure}()
 4 SYSTEMPATH\Common.php(1135): CodeIgniter\View\View->render('bakul', [], true)
 5 APPPATH\Controllers\Bakul.php(25): view('bakul')
 6 SYSTEMPATH\CodeIgniter.php(896): App\Controllers\Bakul->index()
 7 SYSTEMPATH\CodeIgniter.php(466): CodeIgniter\CodeIgniter->runController(Object(App\Controllers\Bakul))
 8 SYSTEMPATH\CodeIgniter.php(349): CodeIgniter\CodeIgniter->handleRequest(null, Object(Config\Cache), false)
 9 FCPATH\index.php(55): CodeIgniter\CodeIgniter->run()
CRITICAL - 2022-11-20 00:54:26 --> Undefined variable: total_amount
in APPPATH\Views\bakul.php on line 72.
 1 APPPATH\Views\bakul.php(72): CodeIgniter\Debug\Exceptions->errorHandler(8, 'Undefined variable: total_amount', 'APPPATH\\Views\\bakul.php', 72, [])
 2 SYSTEMPATH\View\View.php(213): include('APPPATH\\Views\\bakul.php')
 3 SYSTEMPATH\View\View.php(216): CodeIgniter\View\View->CodeIgniter\View\{closure}()
 4 SYSTEMPATH\Common.php(1135): CodeIgniter\View\View->render('bakul', [], true)
 5 APPPATH\Controllers\Bakul.php(25): view('bakul')
 6 SYSTEMPATH\CodeIgniter.php(896): App\Controllers\Bakul->index()
 7 SYSTEMPATH\CodeIgniter.php(466): CodeIgniter\CodeIgniter->runController(Object(App\Controllers\Bakul))
 8 SYSTEMPATH\CodeIgniter.php(349): CodeIgniter\CodeIgniter->handleRequest(null, Object(Config\Cache), false)
 9 FCPATH\index.php(55): CodeIgniter\CodeIgniter->run()
CRITICAL - 2022-11-20 00:54:30 --> Undefined variable: total_amount
in APPPATH\Views\bakul.php on line 72.
 1 APPPATH\Views\bakul.php(72): CodeIgniter\Debug\Exceptions->errorHandler(8, 'Undefined variable: total_amount', 'APPPATH\\Views\\bakul.php', 72, [])
 2 SYSTEMPATH\View\View.php(213): include('APPPATH\\Views\\bakul.php')
 3 SYSTEMPATH\View\View.php(216): CodeIgniter\View\View->CodeIgniter\View\{closure}()
 4 SYSTEMPATH\Common.php(1135): CodeIgniter\View\View->render('bakul', [], true)
 5 APPPATH\Controllers\Bakul.php(25): view('bakul')
 6 SYSTEMPATH\CodeIgniter.php(896): App\Controllers\Bakul->index()
 7 SYSTEMPATH\CodeIgniter.php(466): CodeIgniter\CodeIgniter->runController(Object(App\Controllers\Bakul))
 8 SYSTEMPATH\CodeIgniter.php(349): CodeIgniter\CodeIgniter->handleRequest(null, Object(Config\Cache), false)
 9 FCPATH\index.php(55): CodeIgniter\CodeIgniter->run()
CRITICAL - 2022-11-20 00:54:58 --> Undefined variable: total_amount
in APPPATH\Views\bakul.php on line 72.
 1 APPPATH\Views\bakul.php(72): CodeIgniter\Debug\Exceptions->errorHandler(8, 'Undefined variable: total_amount', 'APPPATH\\Views\\bakul.php', 72, [])
 2 SYSTEMPATH\View\View.php(213): include('APPPATH\\Views\\bakul.php')
 3 SYSTEMPATH\View\View.php(216): CodeIgniter\View\View->CodeIgniter\View\{closure}()
 4 SYSTEMPATH\Common.php(1135): CodeIgniter\View\View->render('bakul', [], true)
 5 APPPATH\Controllers\Bakul.php(25): view('bakul')
 6 SYSTEMPATH\CodeIgniter.php(896): App\Controllers\Bakul->index()
 7 SYSTEMPATH\CodeIgniter.php(466): CodeIgniter\CodeIgniter->runController(Object(App\Controllers\Bakul))
 8 SYSTEMPATH\CodeIgniter.php(349): CodeIgniter\CodeIgniter->handleRequest(null, Object(Config\Cache), false)
 9 FCPATH\index.php(55): CodeIgniter\CodeIgniter->run()
CRITICAL - 2022-11-20 00:55:08 --> Undefined variable: total_amount
in APPPATH\Views\bakul.php on line 72.
 1 APPPATH\Views\bakul.php(72): CodeIgniter\Debug\Exceptions->errorHandler(8, 'Undefined variable: total_amount', 'APPPATH\\Views\\bakul.php', 72, [])
 2 SYSTEMPATH\View\View.php(213): include('APPPATH\\Views\\bakul.php')
 3 SYSTEMPATH\View\View.php(216): CodeIgniter\View\View->CodeIgniter\View\{closure}()
 4 SYSTEMPATH\Common.php(1135): CodeIgniter\View\View->render('bakul', [], true)
 5 APPPATH\Controllers\Bakul.php(25): view('bakul')
 6 SYSTEMPATH\CodeIgniter.php(896): App\Controllers\Bakul->index()
 7 SYSTEMPATH\CodeIgniter.php(466): CodeIgniter\CodeIgniter->runController(Object(App\Controllers\Bakul))
 8 SYSTEMPATH\CodeIgniter.php(349): CodeIgniter\CodeIgniter->handleRequest(null, Object(Config\Cache), false)
 9 FCPATH\index.php(55): CodeIgniter\CodeIgniter->run()
CRITICAL - 2022-11-20 01:22:05 --> Undefined variable: total_amount
in APPPATH\Views\bakul.php on line 85.
 1 APPPATH\Views\bakul.php(85): CodeIgniter\Debug\Exceptions->errorHandler(8, 'Undefined variable: total_amount', 'APPPATH\\Views\\bakul.php', 85, [])
 2 SYSTEMPATH\View\View.php(213): include('APPPATH\\Views\\bakul.php')
 3 SYSTEMPATH\View\View.php(216): CodeIgniter\View\View->CodeIgniter\View\{closure}()
 4 SYSTEMPATH\Common.php(1135): CodeIgniter\View\View->render('bakul', [], true)
 5 APPPATH\Controllers\Bakul.php(25): view('bakul')
 6 SYSTEMPATH\CodeIgniter.php(896): App\Controllers\Bakul->index()
 7 SYSTEMPATH\CodeIgniter.php(466): CodeIgniter\CodeIgniter->runController(Object(App\Controllers\Bakul))
 8 SYSTEMPATH\CodeIgniter.php(349): CodeIgniter\CodeIgniter->handleRequest(null, Object(Config\Cache), false)
 9 FCPATH\index.php(55): CodeIgniter\CodeIgniter->run()
CRITICAL - 2022-11-20 01:22:57 --> Invalid argument supplied for foreach()
in APPPATH\Controllers\Bakul.php on line 75.
 1 APPPATH\Controllers\Bakul.php(75): CodeIgniter\Debug\Exceptions->errorHandler(2, 'Invalid argument supplied for foreach()', 'APPPATH\\Controllers\\Bakul.php', 75, [...])
 2 SYSTEMPATH\CodeIgniter.php(896): App\Controllers\Bakul->update()
 3 SYSTEMPATH\CodeIgniter.php(466): CodeIgniter\CodeIgniter->runController(Object(App\Controllers\Bakul))
 4 SYSTEMPATH\CodeIgniter.php(349): CodeIgniter\CodeIgniter->handleRequest(null, Object(Config\Cache), false)
 5 FCPATH\index.php(55): CodeIgniter\CodeIgniter->run()
CRITICAL - 2022-11-20 01:27:58 --> Invalid argument supplied for foreach()
in APPPATH\Controllers\Bakul.php on line 75.
 1 APPPATH\Controllers\Bakul.php(75): CodeIgniter\Debug\Exceptions->errorHandler(2, 'Invalid argument supplied for foreach()', 'APPPATH\\Controllers\\Bakul.php', 75, [...])
 2 SYSTEMPATH\CodeIgniter.php(896): App\Controllers\Bakul->update()
 3 SYSTEMPATH\CodeIgniter.php(466): CodeIgniter\CodeIgniter->runController(Object(App\Controllers\Bakul))
 4 SYSTEMPATH\CodeIgniter.php(349): CodeIgniter\CodeIgniter->handleRequest(null, Object(Config\Cache), false)
 5 FCPATH\index.php(55): CodeIgniter\CodeIgniter->run()
CRITICAL - 2022-11-20 01:28:42 --> Invalid argument supplied for foreach()
in APPPATH\Controllers\Bakul.php on line 75.
 1 APPPATH\Controllers\Bakul.php(75): CodeIgniter\Debug\Exceptions->errorHandler(2, 'Invalid argument supplied for foreach()', 'APPPATH\\Controllers\\Bakul.php', 75, [...])
 2 SYSTEMPATH\CodeIgniter.php(896): App\Controllers\Bakul->update()
 3 SYSTEMPATH\CodeIgniter.php(466): CodeIgniter\CodeIgniter->runController(Object(App\Controllers\Bakul))
 4 SYSTEMPATH\CodeIgniter.php(349): CodeIgniter\CodeIgniter->handleRequest(null, Object(Config\Cache), false)
 5 FCPATH\index.php(55): CodeIgniter\CodeIgniter->run()
CRITICAL - 2022-11-20 01:29:31 --> Invalid argument supplied for foreach()
in APPPATH\Controllers\Bakul.php on line 75.
 1 APPPATH\Controllers\Bakul.php(75): CodeIgniter\Debug\Exceptions->errorHandler(2, 'Invalid argument supplied for foreach()', 'APPPATH\\Controllers\\Bakul.php', 75, [...])
 2 SYSTEMPATH\CodeIgniter.php(896): App\Controllers\Bakul->update()
 3 SYSTEMPATH\CodeIgniter.php(466): CodeIgniter\CodeIgniter->runController(Object(App\Controllers\Bakul))
 4 SYSTEMPATH\CodeIgniter.php(349): CodeIgniter\CodeIgniter->handleRequest(null, Object(Config\Cache), false)
 5 FCPATH\index.php(55): CodeIgniter\CodeIgniter->run()
CRITICAL - 2022-11-20 01:50:08 --> Undefined variable: total_amount
in APPPATH\Views\bakul.php on line 85.
 1 APPPATH\Views\bakul.php(85): CodeIgniter\Debug\Exceptions->errorHandler(8, 'Undefined variable: total_amount', 'APPPATH\\Views\\bakul.php', 85, [])
 2 SYSTEMPATH\View\View.php(213): include('APPPATH\\Views\\bakul.php')
 3 SYSTEMPATH\View\View.php(216): CodeIgniter\View\View->CodeIgniter\View\{closure}()
 4 SYSTEMPATH\Common.php(1135): CodeIgniter\View\View->render('bakul', [], true)
 5 APPPATH\Controllers\Bakul.php(25): view('bakul')
 6 SYSTEMPATH\CodeIgniter.php(896): App\Controllers\Bakul->index()
 7 SYSTEMPATH\CodeIgniter.php(466): CodeIgniter\CodeIgniter->runController(Object(App\Controllers\Bakul))
 8 SYSTEMPATH\CodeIgniter.php(349): CodeIgniter\CodeIgniter->handleRequest(null, Object(Config\Cache), false)
 9 FCPATH\index.php(55): CodeIgniter\CodeIgniter->run()
CRITICAL - 2022-11-20 01:50:43 --> Invalid argument supplied for foreach()
in APPPATH\Controllers\Bakul.php on line 75.
 1 APPPATH\Controllers\Bakul.php(75): CodeIgniter\Debug\Exceptions->errorHandler(2, 'Invalid argument supplied for foreach()', 'APPPATH\\Controllers\\Bakul.php', 75, [...])
 2 SYSTEMPATH\CodeIgniter.php(896): App\Controllers\Bakul->update()
 3 SYSTEMPATH\CodeIgniter.php(466): CodeIgniter\CodeIgniter->runController(Object(App\Controllers\Bakul))
 4 SYSTEMPATH\CodeIgniter.php(349): CodeIgniter\CodeIgniter->handleRequest(null, Object(Config\Cache), false)
 5 FCPATH\index.php(55): CodeIgniter\CodeIgniter->run()
CRITICAL - 2022-11-20 01:51:58 --> Undefined variable: total_amount
in APPPATH\Views\bakul.php on line 85.
 1 APPPATH\Views\bakul.php(85): CodeIgniter\Debug\Exceptions->errorHandler(8, 'Undefined variable: total_amount', 'APPPATH\\Views\\bakul.php', 85, [])
 2 SYSTEMPATH\View\View.php(213): include('APPPATH\\Views\\bakul.php')
 3 SYSTEMPATH\View\View.php(216): CodeIgniter\View\View->CodeIgniter\View\{closure}()
 4 SYSTEMPATH\Common.php(1135): CodeIgniter\View\View->render('bakul', [], true)
 5 APPPATH\Controllers\Bakul.php(25): view('bakul')
 6 SYSTEMPATH\CodeIgniter.php(896): App\Controllers\Bakul->index()
 7 SYSTEMPATH\CodeIgniter.php(466): CodeIgniter\CodeIgniter->runController(Object(App\Controllers\Bakul))
 8 SYSTEMPATH\CodeIgniter.php(349): CodeIgniter\CodeIgniter->handleRequest(null, Object(Config\Cache), false)
 9 FCPATH\index.php(55): CodeIgniter\CodeIgniter->run()
CRITICAL - 2022-11-20 01:53:17 --> Invalid argument supplied for foreach()
in APPPATH\Controllers\Bakul.php on line 75.
 1 APPPATH\Controllers\Bakul.php(75): CodeIgniter\Debug\Exceptions->errorHandler(2, 'Invalid argument supplied for foreach()', 'APPPATH\\Controllers\\Bakul.php', 75, [...])
 2 SYSTEMPATH\CodeIgniter.php(896): App\Controllers\Bakul->update()
 3 SYSTEMPATH\CodeIgniter.php(466): CodeIgniter\CodeIgniter->runController(Object(App\Controllers\Bakul))
 4 SYSTEMPATH\CodeIgniter.php(349): CodeIgniter\CodeIgniter->handleRequest(null, Object(Config\Cache), false)
 5 FCPATH\index.php(55): CodeIgniter\CodeIgniter->run()
CRITICAL - 2022-11-20 01:54:58 --> Undefined variable: total_amount
in APPPATH\Views\bakul.php on line 85.
 1 APPPATH\Views\bakul.php(85): CodeIgniter\Debug\Exceptions->errorHandler(8, 'Undefined variable: total_amount', 'APPPATH\\Views\\bakul.php', 85, [])
 2 SYSTEMPATH\View\View.php(213): include('APPPATH\\Views\\bakul.php')
 3 SYSTEMPATH\View\View.php(216): CodeIgniter\View\View->CodeIgniter\View\{closure}()
 4 SYSTEMPATH\Common.php(1135): CodeIgniter\View\View->render('bakul', [], true)
 5 APPPATH\Controllers\Bakul.php(25): view('bakul')
 6 SYSTEMPATH\CodeIgniter.php(896): App\Controllers\Bakul->index()
 7 SYSTEMPATH\CodeIgniter.php(466): CodeIgniter\CodeIgniter->runController(Object(App\Controllers\Bakul))
 8 SYSTEMPATH\CodeIgniter.php(349): CodeIgniter\CodeIgniter->handleRequest(null, Object(Config\Cache), false)
 9 FCPATH\index.php(55): CodeIgniter\CodeIgniter->run()
CRITICAL - 2022-11-20 01:56:13 --> Undefined variable: total_amount
in APPPATH\Views\bakul.php on line 85.
 1 APPPATH\Views\bakul.php(85): CodeIgniter\Debug\Exceptions->errorHandler(8, 'Undefined variable: total_amount', 'APPPATH\\Views\\bakul.php', 85, [])
 2 SYSTEMPATH\View\View.php(213): include('APPPATH\\Views\\bakul.php')
 3 SYSTEMPATH\View\View.php(216): CodeIgniter\View\View->CodeIgniter\View\{closure}()
 4 SYSTEMPATH\Common.php(1135): CodeIgniter\View\View->render('bakul', [], true)
 5 APPPATH\Controllers\Bakul.php(25): view('bakul')
 6 SYSTEMPATH\CodeIgniter.php(896): App\Controllers\Bakul->index()
 7 SYSTEMPATH\CodeIgniter.php(466): CodeIgniter\CodeIgniter->runController(Object(App\Controllers\Bakul))
 8 SYSTEMPATH\CodeIgniter.php(349): CodeIgniter\CodeIgniter->handleRequest(null, Object(Config\Cache), false)
 9 FCPATH\index.php(55): CodeIgniter\CodeIgniter->run()
CRITICAL - 2022-11-20 01:57:31 --> Undefined variable: total_amount
in APPPATH\Views\bakul.php on line 85.
 1 APPPATH\Views\bakul.php(85): CodeIgniter\Debug\Exceptions->errorHandler(8, 'Undefined variable: total_amount', 'APPPATH\\Views\\bakul.php', 85, [])
 2 SYSTEMPATH\View\View.php(213): include('APPPATH\\Views\\bakul.php')
 3 SYSTEMPATH\View\View.php(216): CodeIgniter\View\View->CodeIgniter\View\{closure}()
 4 SYSTEMPATH\Common.php(1135): CodeIgniter\View\View->render('bakul', [], true)
 5 APPPATH\Controllers\Bakul.php(25): view('bakul')
 6 SYSTEMPATH\CodeIgniter.php(896): App\Controllers\Bakul->index()
 7 SYSTEMPATH\CodeIgniter.php(466): CodeIgniter\CodeIgniter->runController(Object(App\Controllers\Bakul))
 8 SYSTEMPATH\CodeIgniter.php(349): CodeIgniter\CodeIgniter->handleRequest(null, Object(Config\Cache), false)
 9 FCPATH\index.php(55): CodeIgniter\CodeIgniter->run()
CRITICAL - 2022-11-20 02:01:05 --> Undefined variable: total_amount
in APPPATH\Views\bakul.php on line 85.
 1 APPPATH\Views\bakul.php(85): CodeIgniter\Debug\Exceptions->errorHandler(8, 'Undefined variable: total_amount', 'APPPATH\\Views\\bakul.php', 85, [])
 2 SYSTEMPATH\View\View.php(213): include('APPPATH\\Views\\bakul.php')
 3 SYSTEMPATH\View\View.php(216): CodeIgniter\View\View->CodeIgniter\View\{closure}()
 4 SYSTEMPATH\Common.php(1135): CodeIgniter\View\View->render('bakul', [], true)
 5 APPPATH\Controllers\Bakul.php(25): view('bakul')
 6 SYSTEMPATH\CodeIgniter.php(896): App\Controllers\Bakul->index()
 7 SYSTEMPATH\CodeIgniter.php(466): CodeIgniter\CodeIgniter->runController(Object(App\Controllers\Bakul))
 8 SYSTEMPATH\CodeIgniter.php(349): CodeIgniter\CodeIgniter->handleRequest(null, Object(Config\Cache), false)
 9 FCPATH\index.php(55): CodeIgniter\CodeIgniter->run()
CRITICAL - 2022-11-20 02:01:09 --> Undefined variable: total_amount
in APPPATH\Views\bakul.php on line 85.
 1 APPPATH\Views\bakul.php(85): CodeIgniter\Debug\Exceptions->errorHandler(8, 'Undefined variable: total_amount', 'APPPATH\\Views\\bakul.php', 85, [])
 2 SYSTEMPATH\View\View.php(213): include('APPPATH\\Views\\bakul.php')
 3 SYSTEMPATH\View\View.php(216): CodeIgniter\View\View->CodeIgniter\View\{closure}()
 4 SYSTEMPATH\Common.php(1135): CodeIgniter\View\View->render('bakul', [], true)
 5 APPPATH\Controllers\Bakul.php(25): view('bakul')
 6 SYSTEMPATH\CodeIgniter.php(896): App\Controllers\Bakul->index()
 7 SYSTEMPATH\CodeIgniter.php(466): CodeIgniter\CodeIgniter->runController(Object(App\Controllers\Bakul))
 8 SYSTEMPATH\CodeIgniter.php(349): CodeIgniter\CodeIgniter->handleRequest(null, Object(Config\Cache), false)
 9 FCPATH\index.php(55): CodeIgniter\CodeIgniter->run()
CRITICAL - 2022-11-20 02:01:37 --> Undefined variable: total_amount
in APPPATH\Views\bakul.php on line 85.
 1 APPPATH\Views\bakul.php(85): CodeIgniter\Debug\Exceptions->errorHandler(8, 'Undefined variable: total_amount', 'APPPATH\\Views\\bakul.php', 85, [])
 2 SYSTEMPATH\View\View.php(213): include('APPPATH\\Views\\bakul.php')
 3 SYSTEMPATH\View\View.php(216): CodeIgniter\View\View->CodeIgniter\View\{closure}()
 4 SYSTEMPATH\Common.php(1135): CodeIgniter\View\View->render('bakul', [], true)
 5 APPPATH\Controllers\Bakul.php(25): view('bakul')
 6 SYSTEMPATH\CodeIgniter.php(896): App\Controllers\Bakul->index()
 7 SYSTEMPATH\CodeIgniter.php(466): CodeIgniter\CodeIgniter->runController(Object(App\Controllers\Bakul))
 8 SYSTEMPATH\CodeIgniter.php(349): CodeIgniter\CodeIgniter->handleRequest(null, Object(Config\Cache), false)
 9 FCPATH\index.php(55): CodeIgniter\CodeIgniter->run()
CRITICAL - 2022-11-20 02:03:41 --> Undefined variable: total_amount
in APPPATH\Views\bakul.php on line 85.
 1 APPPATH\Views\bakul.php(85): CodeIgniter\Debug\Exceptions->errorHandler(8, 'Undefined variable: total_amount', 'APPPATH\\Views\\bakul.php', 85, [])
 2 SYSTEMPATH\View\View.php(213): include('APPPATH\\Views\\bakul.php')
 3 SYSTEMPATH\View\View.php(216): CodeIgniter\View\View->CodeIgniter\View\{closure}()
 4 SYSTEMPATH\Common.php(1135): CodeIgniter\View\View->render('bakul', [], true)
 5 APPPATH\Controllers\Bakul.php(25): view('bakul')
 6 SYSTEMPATH\CodeIgniter.php(896): App\Controllers\Bakul->index()
 7 SYSTEMPATH\CodeIgniter.php(466): CodeIgniter\CodeIgniter->runController(Object(App\Controllers\Bakul))
 8 SYSTEMPATH\CodeIgniter.php(349): CodeIgniter\CodeIgniter->handleRequest(null, Object(Config\Cache), false)
 9 FCPATH\index.php(55): CodeIgniter\CodeIgniter->run()
CRITICAL - 2022-11-20 02:04:43 --> Undefined variable: total_amount
in APPPATH\Views\bakul.php on line 85.
 1 APPPATH\Views\bakul.php(85): CodeIgniter\Debug\Exceptions->errorHandler(8, 'Undefined variable: total_amount', 'APPPATH\\Views\\bakul.php', 85, [])
 2 SYSTEMPATH\View\View.php(213): include('APPPATH\\Views\\bakul.php')
 3 SYSTEMPATH\View\View.php(216): CodeIgniter\View\View->CodeIgniter\View\{closure}()
 4 SYSTEMPATH\Common.php(1135): CodeIgniter\View\View->render('bakul', [], true)
 5 APPPATH\Controllers\Bakul.php(25): view('bakul')
 6 SYSTEMPATH\CodeIgniter.php(896): App\Controllers\Bakul->index()
 7 SYSTEMPATH\CodeIgniter.php(466): CodeIgniter\CodeIgniter->runController(Object(App\Controllers\Bakul))
 8 SYSTEMPATH\CodeIgniter.php(349): CodeIgniter\CodeIgniter->handleRequest(null, Object(Config\Cache), false)
 9 FCPATH\index.php(55): CodeIgniter\CodeIgniter->run()
