CRITICAL - 2022-09-24 13:32:38 --> Undefined variable: total_amount
in APPPATH\Views\bakul.php on line 60.
 1 APPPATH\Views\bakul.php(60): CodeIgniter\Debug\Exceptions->errorHandler(8, 'Undefined variable: total_amount', 'APPPATH\\Views\\bakul.php', 60, [])
 2 SYSTEMPATH\View\View.php(213): include('APPPATH\\Views\\bakul.php')
 3 SYSTEMPATH\View\View.php(216): CodeIgniter\View\View->CodeIgniter\View\{closure}()
 4 SYSTEMPATH\Common.php(1135): CodeIgniter\View\View->render('bakul', [], true)
 5 APPPATH\Controllers\Produk.php(248): view('bakul')
 6 SYSTEMPATH\CodeIgniter.php(896): App\Controllers\Produk->bakul()
 7 SYSTEMPATH\CodeIgniter.php(466): CodeIgniter\CodeIgniter->runController(Object(App\Controllers\Produk))
 8 SYSTEMPATH\CodeIgniter.php(349): CodeIgniter\CodeIgniter->handleRequest(null, Object(Config\Cache), false)
 9 FCPATH\index.php(55): CodeIgniter\CodeIgniter->run()
CRITICAL - 2022-09-24 13:45:58 --> Undefined variable: total_amount
in APPPATH\Views\bakul.php on line 60.
 1 APPPATH\Views\bakul.php(60): CodeIgniter\Debug\Exceptions->errorHandler(8, 'Undefined variable: total_amount', 'APPPATH\\Views\\bakul.php', 60, [])
 2 SYSTEMPATH\View\View.php(213): include('APPPATH\\Views\\bakul.php')
 3 SYSTEMPATH\View\View.php(216): CodeIgniter\View\View->CodeIgniter\View\{closure}()
 4 SYSTEMPATH\Common.php(1135): CodeIgniter\View\View->render('bakul', [], true)
 5 APPPATH\Controllers\Produk.php(248): view('bakul')
 6 SYSTEMPATH\CodeIgniter.php(896): App\Controllers\Produk->bakul()
 7 SYSTEMPATH\CodeIgniter.php(466): CodeIgniter\CodeIgniter->runController(Object(App\Controllers\Produk))
 8 SYSTEMPATH\CodeIgniter.php(349): CodeIgniter\CodeIgniter->handleRequest(null, Object(Config\Cache), false)
 9 FCPATH\index.php(55): CodeIgniter\CodeIgniter->run()
