CRITICAL - 2022-09-12 01:58:37 --> Invalid file: front_layout.php
in SYSTEMPATH\Exceptions\FrameworkException.php on line 33.
 1 SYSTEMPATH\View\View.php(201): CodeIgniter\Exceptions\FrameworkException::forInvalidFile('front_layout.php')
 2 SYSTEMPATH\View\View.php(229): CodeIgniter\View\View->render('front_layout', [], true)
 3 SYSTEMPATH\Common.php(1135): CodeIgniter\View\View->render('bakul', [], true)
 4 APPPATH\Controllers\BakulController.php(12): view('bakul')
 5 SYSTEMPATH\CodeIgniter.php(896): App\Controllers\BakulController->index()
 6 SYSTEMPATH\CodeIgniter.php(466): CodeIgniter\CodeIgniter->runController(Object(App\Controllers\BakulController))
 7 SYSTEMPATH\CodeIgniter.php(349): CodeIgniter\CodeIgniter->handleRequest(null, Object(Config\Cache), false)
 8 FCPATH\index.php(55): CodeIgniter\CodeIgniter->run()
CRITICAL - 2022-09-12 01:58:41 --> Invalid file: front_layout.php
in SYSTEMPATH\Exceptions\FrameworkException.php on line 33.
 1 SYSTEMPATH\View\View.php(201): CodeIgniter\Exceptions\FrameworkException::forInvalidFile('front_layout.php')
 2 SYSTEMPATH\View\View.php(229): CodeIgniter\View\View->render('front_layout', [], true)
 3 SYSTEMPATH\Common.php(1135): CodeIgniter\View\View->render('bakul', [], true)
 4 APPPATH\Controllers\BakulController.php(12): view('bakul')
 5 SYSTEMPATH\CodeIgniter.php(896): App\Controllers\BakulController->index()
 6 SYSTEMPATH\CodeIgniter.php(466): CodeIgniter\CodeIgniter->runController(Object(App\Controllers\BakulController))
 7 SYSTEMPATH\CodeIgniter.php(349): CodeIgniter\CodeIgniter->handleRequest(null, Object(Config\Cache), false)
 8 FCPATH\index.php(55): CodeIgniter\CodeIgniter->run()
