CRITICAL - 2023-02-14 01:50:04 --> Undefined variable: ketogori
in APPPATH\Views\admin_kategori\listing.php on line 51.
 1 APPPATH\Views\admin_kategori\listing.php(51): CodeIgniter\Debug\Exceptions->errorHandler(8, 'Undefined variable: ketogori', 'APPPATH\\Views\\admin_kategori\\listing.php', 51, [...])
 2 SYSTEMPATH\View\View.php(213): include('APPPATH\\Views\\admin_kategori\\listing.php')
 3 SYSTEMPATH\View\View.php(216): CodeIgniter\View\View->CodeIgniter\View\{closure}()
 4 SYSTEMPATH\Common.php(1135): CodeIgniter\View\View->render('admin_kategori/listing', [], true)
 5 APPPATH\Controllers\Kategori.php(57): view('admin_kategori/listing', [...])
 6 SYSTEMPATH\CodeIgniter.php(896): App\Controllers\Kategori->index()
 7 SYSTEMPATH\CodeIgniter.php(466): CodeIgniter\CodeIgniter->runController(Object(App\Controllers\Kategori))
 8 SYSTEMPATH\CodeIgniter.php(349): CodeIgniter\CodeIgniter->handleRequest(null, Object(Config\Cache), false)
 9 FCPATH\index.php(55): CodeIgniter\CodeIgniter->run()
CRITICAL - 2023-02-14 02:04:28 --> Undefined variable: produk
in APPPATH\Views\admin_kategori\edit.php on line 30.
 1 APPPATH\Views\admin_kategori\edit.php(30): CodeIgniter\Debug\Exceptions->errorHandler(8, 'Undefined variable: produk', 'APPPATH\\Views\\admin_kategori\\edit.php', 30, [...])
 2 SYSTEMPATH\View\View.php(213): include('APPPATH\\Views\\admin_kategori\\edit.php')
 3 SYSTEMPATH\View\View.php(216): CodeIgniter\View\View->CodeIgniter\View\{closure}()
 4 SYSTEMPATH\Common.php(1135): CodeIgniter\View\View->render('admin_kategori/edit', [], true)
 5 APPPATH\Controllers\Kategori.php(71): view('admin_kategori/edit', [...])
 6 SYSTEMPATH\CodeIgniter.php(896): App\Controllers\Kategori->edit('2')
 7 SYSTEMPATH\CodeIgniter.php(466): CodeIgniter\CodeIgniter->runController(Object(App\Controllers\Kategori))
 8 SYSTEMPATH\CodeIgniter.php(349): CodeIgniter\CodeIgniter->handleRequest(null, Object(Config\Cache), false)
 9 FCPATH\index.php(55): CodeIgniter\CodeIgniter->run()
CRITICAL - 2023-02-14 02:05:08 --> Undefined variable: produk
in APPPATH\Views\admin_kategori\edit.php on line 30.
 1 APPPATH\Views\admin_kategori\edit.php(30): CodeIgniter\Debug\Exceptions->errorHandler(8, 'Undefined variable: produk', 'APPPATH\\Views\\admin_kategori\\edit.php', 30, [...])
 2 SYSTEMPATH\View\View.php(213): include('APPPATH\\Views\\admin_kategori\\edit.php')
 3 SYSTEMPATH\View\View.php(216): CodeIgniter\View\View->CodeIgniter\View\{closure}()
 4 SYSTEMPATH\Common.php(1135): CodeIgniter\View\View->render('admin_kategori/edit', [], true)
 5 APPPATH\Controllers\Kategori.php(71): view('admin_kategori/edit', [...])
 6 SYSTEMPATH\CodeIgniter.php(896): App\Controllers\Kategori->edit('2')
 7 SYSTEMPATH\CodeIgniter.php(466): CodeIgniter\CodeIgniter->runController(Object(App\Controllers\Kategori))
 8 SYSTEMPATH\CodeIgniter.php(349): CodeIgniter\CodeIgniter->handleRequest(null, Object(Config\Cache), false)
 9 FCPATH\index.php(55): CodeIgniter\CodeIgniter->run()
CRITICAL - 2023-02-14 02:05:33 --> Undefined variable: produk
in APPPATH\Views\admin_kategori\edit.php on line 30.
 1 APPPATH\Views\admin_kategori\edit.php(30): CodeIgniter\Debug\Exceptions->errorHandler(8, 'Undefined variable: produk', 'APPPATH\\Views\\admin_kategori\\edit.php', 30, [...])
 2 SYSTEMPATH\View\View.php(213): include('APPPATH\\Views\\admin_kategori\\edit.php')
 3 SYSTEMPATH\View\View.php(216): CodeIgniter\View\View->CodeIgniter\View\{closure}()
 4 SYSTEMPATH\Common.php(1135): CodeIgniter\View\View->render('admin_kategori/edit', [], true)
 5 APPPATH\Controllers\Kategori.php(71): view('admin_kategori/edit', [...])
 6 SYSTEMPATH\CodeIgniter.php(896): App\Controllers\Kategori->edit('2')
 7 SYSTEMPATH\CodeIgniter.php(466): CodeIgniter\CodeIgniter->runController(Object(App\Controllers\Kategori))
 8 SYSTEMPATH\CodeIgniter.php(349): CodeIgniter\CodeIgniter->handleRequest(null, Object(Config\Cache), false)
 9 FCPATH\index.php(55): CodeIgniter\CodeIgniter->run()
CRITICAL - 2023-02-14 02:07:03 --> Undefined variable: produk
in APPPATH\Views\admin_kategori\edit.php on line 34.
 1 APPPATH\Views\admin_kategori\edit.php(34): CodeIgniter\Debug\Exceptions->errorHandler(8, 'Undefined variable: produk', 'APPPATH\\Views\\admin_kategori\\edit.php', 34, [...])
 2 SYSTEMPATH\View\View.php(213): include('APPPATH\\Views\\admin_kategori\\edit.php')
 3 SYSTEMPATH\View\View.php(216): CodeIgniter\View\View->CodeIgniter\View\{closure}()
 4 SYSTEMPATH\Common.php(1135): CodeIgniter\View\View->render('admin_kategori/edit', [], true)
 5 APPPATH\Controllers\Kategori.php(71): view('admin_kategori/edit', [...])
 6 SYSTEMPATH\CodeIgniter.php(896): App\Controllers\Kategori->edit('2')
 7 SYSTEMPATH\CodeIgniter.php(466): CodeIgniter\CodeIgniter->runController(Object(App\Controllers\Kategori))
 8 SYSTEMPATH\CodeIgniter.php(349): CodeIgniter\CodeIgniter->handleRequest(null, Object(Config\Cache), false)
 9 FCPATH\index.php(55): CodeIgniter\CodeIgniter->run()
CRITICAL - 2023-02-14 02:07:04 --> Undefined variable: produk
in APPPATH\Views\admin_kategori\edit.php on line 34.
 1 APPPATH\Views\admin_kategori\edit.php(34): CodeIgniter\Debug\Exceptions->errorHandler(8, 'Undefined variable: produk', 'APPPATH\\Views\\admin_kategori\\edit.php', 34, [...])
 2 SYSTEMPATH\View\View.php(213): include('APPPATH\\Views\\admin_kategori\\edit.php')
 3 SYSTEMPATH\View\View.php(216): CodeIgniter\View\View->CodeIgniter\View\{closure}()
 4 SYSTEMPATH\Common.php(1135): CodeIgniter\View\View->render('admin_kategori/edit', [], true)
 5 APPPATH\Controllers\Kategori.php(71): view('admin_kategori/edit', [...])
 6 SYSTEMPATH\CodeIgniter.php(896): App\Controllers\Kategori->edit('2')
 7 SYSTEMPATH\CodeIgniter.php(466): CodeIgniter\CodeIgniter->runController(Object(App\Controllers\Kategori))
 8 SYSTEMPATH\CodeIgniter.php(349): CodeIgniter\CodeIgniter->handleRequest(null, Object(Config\Cache), false)
 9 FCPATH\index.php(55): CodeIgniter\CodeIgniter->run()
CRITICAL - 2023-02-14 21:25:25 --> Undefined variable: select
in APPPATH\Views\admin_produk\edit.php on line 59.
 1 APPPATH\Views\admin_produk\edit.php(59): CodeIgniter\Debug\Exceptions->errorHandler(8, 'Undefined variable: select', 'APPPATH\\Views\\admin_produk\\edit.php', 59, [...])
 2 SYSTEMPATH\View\View.php(213): include('APPPATH\\Views\\admin_produk\\edit.php')
 3 SYSTEMPATH\View\View.php(216): CodeIgniter\View\View->CodeIgniter\View\{closure}()
 4 SYSTEMPATH\Common.php(1135): CodeIgniter\View\View->render('admin_produk/edit', [], true)
 5 APPPATH\Controllers\Produk.php(90): view('admin_produk/edit', [...])
 6 SYSTEMPATH\CodeIgniter.php(896): App\Controllers\Produk->edit('19')
 7 SYSTEMPATH\CodeIgniter.php(466): CodeIgniter\CodeIgniter->runController(Object(App\Controllers\Produk))
 8 SYSTEMPATH\CodeIgniter.php(349): CodeIgniter\CodeIgniter->handleRequest(null, Object(Config\Cache), false)
 9 FCPATH\index.php(55): CodeIgniter\CodeIgniter->run()
CRITICAL - 2023-02-14 21:56:59 --> Undefined index: Boys
in APPPATH\Models\KategoriModel.php on line 39.
 1 APPPATH\Models\KategoriModel.php(39): CodeIgniter\Debug\Exceptions->errorHandler(8, 'Undefined index: Boys', 'APPPATH\\Models\\KategoriModel.php', 39, [...])
 2 APPPATH\Controllers\Produk.php(84): App\Models\KategoriModel->dropdown()
 3 SYSTEMPATH\CodeIgniter.php(896): App\Controllers\Produk->edit('20')
 4 SYSTEMPATH\CodeIgniter.php(466): CodeIgniter\CodeIgniter->runController(Object(App\Controllers\Produk))
 5 SYSTEMPATH\CodeIgniter.php(349): CodeIgniter\CodeIgniter->handleRequest(null, Object(Config\Cache), false)
 6 FCPATH\index.php(55): CodeIgniter\CodeIgniter->run()
CRITICAL - 2023-02-14 21:58:27 --> Undefined index: Boys
in APPPATH\Models\KategoriModel.php on line 39.
 1 APPPATH\Models\KategoriModel.php(39): CodeIgniter\Debug\Exceptions->errorHandler(8, 'Undefined index: Boys', 'APPPATH\\Models\\KategoriModel.php', 39, [...])
 2 APPPATH\Controllers\Produk.php(84): App\Models\KategoriModel->dropdown()
 3 SYSTEMPATH\CodeIgniter.php(896): App\Controllers\Produk->edit('20')
 4 SYSTEMPATH\CodeIgniter.php(466): CodeIgniter\CodeIgniter->runController(Object(App\Controllers\Produk))
 5 SYSTEMPATH\CodeIgniter.php(349): CodeIgniter\CodeIgniter->handleRequest(null, Object(Config\Cache), false)
 6 FCPATH\index.php(55): CodeIgniter\CodeIgniter->run()
CRITICAL - 2023-02-14 21:58:29 --> Undefined index: Boys
in APPPATH\Models\KategoriModel.php on line 39.
 1 APPPATH\Models\KategoriModel.php(39): CodeIgniter\Debug\Exceptions->errorHandler(8, 'Undefined index: Boys', 'APPPATH\\Models\\KategoriModel.php', 39, [...])
 2 APPPATH\Controllers\Produk.php(84): App\Models\KategoriModel->dropdown()
 3 SYSTEMPATH\CodeIgniter.php(896): App\Controllers\Produk->edit('20')
 4 SYSTEMPATH\CodeIgniter.php(466): CodeIgniter\CodeIgniter->runController(Object(App\Controllers\Produk))
 5 SYSTEMPATH\CodeIgniter.php(349): CodeIgniter\CodeIgniter->handleRequest(null, Object(Config\Cache), false)
 6 FCPATH\index.php(55): CodeIgniter\CodeIgniter->run()
CRITICAL - 2023-02-14 22:00:44 --> Undefined index: Boys
in APPPATH\Models\KategoriModel.php on line 39.
 1 APPPATH\Models\KategoriModel.php(39): CodeIgniter\Debug\Exceptions->errorHandler(8, 'Undefined index: Boys', 'APPPATH\\Models\\KategoriModel.php', 39, [...])
 2 APPPATH\Controllers\Produk.php(84): App\Models\KategoriModel->dropdown()
 3 SYSTEMPATH\CodeIgniter.php(896): App\Controllers\Produk->edit('20')
 4 SYSTEMPATH\CodeIgniter.php(466): CodeIgniter\CodeIgniter->runController(Object(App\Controllers\Produk))
 5 SYSTEMPATH\CodeIgniter.php(349): CodeIgniter\CodeIgniter->handleRequest(null, Object(Config\Cache), false)
 6 FCPATH\index.php(55): CodeIgniter\CodeIgniter->run()
CRITICAL - 2023-02-14 22:00:46 --> Undefined index: Boys
in APPPATH\Models\KategoriModel.php on line 39.
 1 APPPATH\Models\KategoriModel.php(39): CodeIgniter\Debug\Exceptions->errorHandler(8, 'Undefined index: Boys', 'APPPATH\\Models\\KategoriModel.php', 39, [...])
 2 APPPATH\Controllers\Produk.php(84): App\Models\KategoriModel->dropdown()
 3 SYSTEMPATH\CodeIgniter.php(896): App\Controllers\Produk->edit('20')
 4 SYSTEMPATH\CodeIgniter.php(466): CodeIgniter\CodeIgniter->runController(Object(App\Controllers\Produk))
 5 SYSTEMPATH\CodeIgniter.php(349): CodeIgniter\CodeIgniter->handleRequest(null, Object(Config\Cache), false)
 6 FCPATH\index.php(55): CodeIgniter\CodeIgniter->run()
CRITICAL - 2023-02-14 22:00:47 --> Undefined index: Boys
in APPPATH\Models\KategoriModel.php on line 39.
 1 APPPATH\Models\KategoriModel.php(39): CodeIgniter\Debug\Exceptions->errorHandler(8, 'Undefined index: Boys', 'APPPATH\\Models\\KategoriModel.php', 39, [...])
 2 APPPATH\Controllers\Produk.php(84): App\Models\KategoriModel->dropdown()
 3 SYSTEMPATH\CodeIgniter.php(896): App\Controllers\Produk->edit('20')
 4 SYSTEMPATH\CodeIgniter.php(466): CodeIgniter\CodeIgniter->runController(Object(App\Controllers\Produk))
 5 SYSTEMPATH\CodeIgniter.php(349): CodeIgniter\CodeIgniter->handleRequest(null, Object(Config\Cache), false)
 6 FCPATH\index.php(55): CodeIgniter\CodeIgniter->run()
