ERROR - 2023-02-04 00:08:51 --> Unknown column 'kategori.deleted_at' in 'where clause'
CRITICAL - 2023-02-04 00:08:51 --> Unknown column 'kategori.deleted_at' in 'where clause'
in SYSTEMPATH\Database\MySQLi\Connection.php on line 292.
 1 SYSTEMPATH\Database\MySQLi\Connection.php(292): mysqli->query('SELECT COUNT(*) AS `numrows`
FROM `kategori`
WHERE `kategori`.`deleted_at` IS NULL', 0)
 2 SYSTEMPATH\Database\BaseConnection.php(695): CodeIgniter\Database\MySQLi\Connection->execute('SELECT COUNT(*) AS `numrows`
FROM `kategori`
WHERE `kategori`.`deleted_at` IS NULL')
 3 SYSTEMPATH\Database\BaseConnection.php(609): CodeIgniter\Database\BaseConnection->simpleQuery('SELECT COUNT(*) AS `numrows`
FROM `kategori`
WHERE `kategori`.`deleted_at` IS NULL')
 4 SYSTEMPATH\Database\BaseBuilder.php(1669): CodeIgniter\Database\BaseConnection->query('SELECT COUNT(*) AS `numrows`
FROM `kategori`
WHERE `kategori`.`deleted_at` IS NULL', [], false)
 5 SYSTEMPATH\Model.php(550): CodeIgniter\Database\BaseBuilder->countAllResults(false)
 6 SYSTEMPATH\BaseModel.php(1084): CodeIgniter\Model->countAllResults(false)
 7 APPPATH\Controllers\Kategori.php(35): CodeIgniter\BaseModel->paginate(10)
 8 SYSTEMPATH\CodeIgniter.php(896): App\Controllers\Kategori->index()
 9 SYSTEMPATH\CodeIgniter.php(466): CodeIgniter\CodeIgniter->runController(Object(App\Controllers\Kategori))
10 SYSTEMPATH\CodeIgniter.php(349): CodeIgniter\CodeIgniter->handleRequest(null, Object(Config\Cache), false)
11 FCPATH\index.php(55): CodeIgniter\CodeIgniter->run()
ERROR - 2023-02-04 00:08:52 --> Unknown column 'kategori.deleted_at' in 'where clause'
CRITICAL - 2023-02-04 00:08:52 --> Unknown column 'kategori.deleted_at' in 'where clause'
in SYSTEMPATH\Database\MySQLi\Connection.php on line 292.
 1 SYSTEMPATH\Database\MySQLi\Connection.php(292): mysqli->query('SELECT COUNT(*) AS `numrows`
FROM `kategori`
WHERE `kategori`.`deleted_at` IS NULL', 0)
 2 SYSTEMPATH\Database\BaseConnection.php(695): CodeIgniter\Database\MySQLi\Connection->execute('SELECT COUNT(*) AS `numrows`
FROM `kategori`
WHERE `kategori`.`deleted_at` IS NULL')
 3 SYSTEMPATH\Database\BaseConnection.php(609): CodeIgniter\Database\BaseConnection->simpleQuery('SELECT COUNT(*) AS `numrows`
FROM `kategori`
WHERE `kategori`.`deleted_at` IS NULL')
 4 SYSTEMPATH\Database\BaseBuilder.php(1669): CodeIgniter\Database\BaseConnection->query('SELECT COUNT(*) AS `numrows`
FROM `kategori`
WHERE `kategori`.`deleted_at` IS NULL', [], false)
 5 SYSTEMPATH\Model.php(550): CodeIgniter\Database\BaseBuilder->countAllResults(false)
 6 SYSTEMPATH\BaseModel.php(1084): CodeIgniter\Model->countAllResults(false)
 7 APPPATH\Controllers\Kategori.php(35): CodeIgniter\BaseModel->paginate(10)
 8 SYSTEMPATH\CodeIgniter.php(896): App\Controllers\Kategori->index()
 9 SYSTEMPATH\CodeIgniter.php(466): CodeIgniter\CodeIgniter->runController(Object(App\Controllers\Kategori))
10 SYSTEMPATH\CodeIgniter.php(349): CodeIgniter\CodeIgniter->handleRequest(null, Object(Config\Cache), false)
11 FCPATH\index.php(55): CodeIgniter\CodeIgniter->run()
ERROR - 2023-02-04 00:29:12 --> Unknown column 'kategori.deleted_at' in 'where clause'
CRITICAL - 2023-02-04 00:29:12 --> Unknown column 'kategori.deleted_at' in 'where clause'
in SYSTEMPATH\Database\MySQLi\Connection.php on line 292.
 1 SYSTEMPATH\Database\MySQLi\Connection.php(292): mysqli->query('SELECT COUNT(*) AS `numrows`
FROM `kategori`
WHERE `kategori`.`deleted_at` IS NULL', 0)
 2 SYSTEMPATH\Database\BaseConnection.php(695): CodeIgniter\Database\MySQLi\Connection->execute('SELECT COUNT(*) AS `numrows`
FROM `kategori`
WHERE `kategori`.`deleted_at` IS NULL')
 3 SYSTEMPATH\Database\BaseConnection.php(609): CodeIgniter\Database\BaseConnection->simpleQuery('SELECT COUNT(*) AS `numrows`
FROM `kategori`
WHERE `kategori`.`deleted_at` IS NULL')
 4 SYSTEMPATH\Database\BaseBuilder.php(1669): CodeIgniter\Database\BaseConnection->query('SELECT COUNT(*) AS `numrows`
FROM `kategori`
WHERE `kategori`.`deleted_at` IS NULL', [], false)
 5 SYSTEMPATH\Model.php(550): CodeIgniter\Database\BaseBuilder->countAllResults(false)
 6 SYSTEMPATH\BaseModel.php(1084): CodeIgniter\Model->countAllResults(false)
 7 APPPATH\Controllers\Kategori.php(35): CodeIgniter\BaseModel->paginate(10)
 8 SYSTEMPATH\CodeIgniter.php(896): App\Controllers\Kategori->index()
 9 SYSTEMPATH\CodeIgniter.php(466): CodeIgniter\CodeIgniter->runController(Object(App\Controllers\Kategori))
10 SYSTEMPATH\CodeIgniter.php(349): CodeIgniter\CodeIgniter->handleRequest(null, Object(Config\Cache), false)
11 FCPATH\index.php(55): CodeIgniter\CodeIgniter->run()
ERROR - 2023-02-04 00:30:36 --> Unknown column 'kategori.deleted_at' in 'where clause'
CRITICAL - 2023-02-04 00:30:36 --> Unknown column 'kategori.deleted_at' in 'where clause'
in SYSTEMPATH\Database\MySQLi\Connection.php on line 292.
 1 SYSTEMPATH\Database\MySQLi\Connection.php(292): mysqli->query('SELECT COUNT(*) AS `numrows`
FROM `kategori`
WHERE `kategori`.`deleted_at` IS NULL', 0)
 2 SYSTEMPATH\Database\BaseConnection.php(695): CodeIgniter\Database\MySQLi\Connection->execute('SELECT COUNT(*) AS `numrows`
FROM `kategori`
WHERE `kategori`.`deleted_at` IS NULL')
 3 SYSTEMPATH\Database\BaseConnection.php(609): CodeIgniter\Database\BaseConnection->simpleQuery('SELECT COUNT(*) AS `numrows`
FROM `kategori`
WHERE `kategori`.`deleted_at` IS NULL')
 4 SYSTEMPATH\Database\BaseBuilder.php(1669): CodeIgniter\Database\BaseConnection->query('SELECT COUNT(*) AS `numrows`
FROM `kategori`
WHERE `kategori`.`deleted_at` IS NULL', [], false)
 5 SYSTEMPATH\Model.php(550): CodeIgniter\Database\BaseBuilder->countAllResults(false)
 6 SYSTEMPATH\BaseModel.php(1084): CodeIgniter\Model->countAllResults(false)
 7 APPPATH\Controllers\Kategori.php(35): CodeIgniter\BaseModel->paginate(10)
 8 SYSTEMPATH\CodeIgniter.php(896): App\Controllers\Kategori->index()
 9 SYSTEMPATH\CodeIgniter.php(466): CodeIgniter\CodeIgniter->runController(Object(App\Controllers\Kategori))
10 SYSTEMPATH\CodeIgniter.php(349): CodeIgniter\CodeIgniter->handleRequest(null, Object(Config\Cache), false)
11 FCPATH\index.php(55): CodeIgniter\CodeIgniter->run()
ERROR - 2023-02-04 00:30:36 --> Unknown column 'kategori.deleted_at' in 'where clause'
CRITICAL - 2023-02-04 00:30:36 --> Unknown column 'kategori.deleted_at' in 'where clause'
in SYSTEMPATH\Database\MySQLi\Connection.php on line 292.
 1 SYSTEMPATH\Database\MySQLi\Connection.php(292): mysqli->query('SELECT COUNT(*) AS `numrows`
FROM `kategori`
WHERE `kategori`.`deleted_at` IS NULL', 0)
 2 SYSTEMPATH\Database\BaseConnection.php(695): CodeIgniter\Database\MySQLi\Connection->execute('SELECT COUNT(*) AS `numrows`
FROM `kategori`
WHERE `kategori`.`deleted_at` IS NULL')
 3 SYSTEMPATH\Database\BaseConnection.php(609): CodeIgniter\Database\BaseConnection->simpleQuery('SELECT COUNT(*) AS `numrows`
FROM `kategori`
WHERE `kategori`.`deleted_at` IS NULL')
 4 SYSTEMPATH\Database\BaseBuilder.php(1669): CodeIgniter\Database\BaseConnection->query('SELECT COUNT(*) AS `numrows`
FROM `kategori`
WHERE `kategori`.`deleted_at` IS NULL', [], false)
 5 SYSTEMPATH\Model.php(550): CodeIgniter\Database\BaseBuilder->countAllResults(false)
 6 SYSTEMPATH\BaseModel.php(1084): CodeIgniter\Model->countAllResults(false)
 7 APPPATH\Controllers\Kategori.php(35): CodeIgniter\BaseModel->paginate(10)
 8 SYSTEMPATH\CodeIgniter.php(896): App\Controllers\Kategori->index()
 9 SYSTEMPATH\CodeIgniter.php(466): CodeIgniter\CodeIgniter->runController(Object(App\Controllers\Kategori))
10 SYSTEMPATH\CodeIgniter.php(349): CodeIgniter\CodeIgniter->handleRequest(null, Object(Config\Cache), false)
11 FCPATH\index.php(55): CodeIgniter\CodeIgniter->run()
ERROR - 2023-02-04 00:38:51 --> Unknown column 'kategori.deleted_at' in 'where clause'
CRITICAL - 2023-02-04 00:38:51 --> Unknown column 'kategori.deleted_at' in 'where clause'
in SYSTEMPATH\Database\MySQLi\Connection.php on line 292.
 1 SYSTEMPATH\Database\MySQLi\Connection.php(292): mysqli->query('SELECT COUNT(*) AS `numrows`
FROM `kategori`
WHERE `kategori`.`deleted_at` IS NULL', 0)
 2 SYSTEMPATH\Database\BaseConnection.php(695): CodeIgniter\Database\MySQLi\Connection->execute('SELECT COUNT(*) AS `numrows`
FROM `kategori`
WHERE `kategori`.`deleted_at` IS NULL')
 3 SYSTEMPATH\Database\BaseConnection.php(609): CodeIgniter\Database\BaseConnection->simpleQuery('SELECT COUNT(*) AS `numrows`
FROM `kategori`
WHERE `kategori`.`deleted_at` IS NULL')
 4 SYSTEMPATH\Database\BaseBuilder.php(1669): CodeIgniter\Database\BaseConnection->query('SELECT COUNT(*) AS `numrows`
FROM `kategori`
WHERE `kategori`.`deleted_at` IS NULL', [], false)
 5 SYSTEMPATH\Model.php(550): CodeIgniter\Database\BaseBuilder->countAllResults(false)
 6 SYSTEMPATH\BaseModel.php(1084): CodeIgniter\Model->countAllResults(false)
 7 APPPATH\Controllers\Kategori.php(35): CodeIgniter\BaseModel->paginate(10)
 8 SYSTEMPATH\CodeIgniter.php(896): App\Controllers\Kategori->index()
 9 SYSTEMPATH\CodeIgniter.php(466): CodeIgniter\CodeIgniter->runController(Object(App\Controllers\Kategori))
10 SYSTEMPATH\CodeIgniter.php(349): CodeIgniter\CodeIgniter->handleRequest(null, Object(Config\Cache), false)
11 FCPATH\index.php(55): CodeIgniter\CodeIgniter->run()
ERROR - 2023-02-04 00:38:52 --> Unknown column 'kategori.deleted_at' in 'where clause'
CRITICAL - 2023-02-04 00:38:52 --> Unknown column 'kategori.deleted_at' in 'where clause'
in SYSTEMPATH\Database\MySQLi\Connection.php on line 292.
 1 SYSTEMPATH\Database\MySQLi\Connection.php(292): mysqli->query('SELECT COUNT(*) AS `numrows`
FROM `kategori`
WHERE `kategori`.`deleted_at` IS NULL', 0)
 2 SYSTEMPATH\Database\BaseConnection.php(695): CodeIgniter\Database\MySQLi\Connection->execute('SELECT COUNT(*) AS `numrows`
FROM `kategori`
WHERE `kategori`.`deleted_at` IS NULL')
 3 SYSTEMPATH\Database\BaseConnection.php(609): CodeIgniter\Database\BaseConnection->simpleQuery('SELECT COUNT(*) AS `numrows`
FROM `kategori`
WHERE `kategori`.`deleted_at` IS NULL')
 4 SYSTEMPATH\Database\BaseBuilder.php(1669): CodeIgniter\Database\BaseConnection->query('SELECT COUNT(*) AS `numrows`
FROM `kategori`
WHERE `kategori`.`deleted_at` IS NULL', [], false)
 5 SYSTEMPATH\Model.php(550): CodeIgniter\Database\BaseBuilder->countAllResults(false)
 6 SYSTEMPATH\BaseModel.php(1084): CodeIgniter\Model->countAllResults(false)
 7 APPPATH\Controllers\Kategori.php(35): CodeIgniter\BaseModel->paginate(10)
 8 SYSTEMPATH\CodeIgniter.php(896): App\Controllers\Kategori->index()
 9 SYSTEMPATH\CodeIgniter.php(466): CodeIgniter\CodeIgniter->runController(Object(App\Controllers\Kategori))
10 SYSTEMPATH\CodeIgniter.php(349): CodeIgniter\CodeIgniter->handleRequest(null, Object(Config\Cache), false)
11 FCPATH\index.php(55): CodeIgniter\CodeIgniter->run()
ERROR - 2023-02-04 00:38:54 --> Unknown column 'kategori.deleted_at' in 'where clause'
CRITICAL - 2023-02-04 00:38:54 --> Unknown column 'kategori.deleted_at' in 'where clause'
in SYSTEMPATH\Database\MySQLi\Connection.php on line 292.
 1 SYSTEMPATH\Database\MySQLi\Connection.php(292): mysqli->query('SELECT COUNT(*) AS `numrows`
FROM `kategori`
WHERE `kategori`.`deleted_at` IS NULL', 0)
 2 SYSTEMPATH\Database\BaseConnection.php(695): CodeIgniter\Database\MySQLi\Connection->execute('SELECT COUNT(*) AS `numrows`
FROM `kategori`
WHERE `kategori`.`deleted_at` IS NULL')
 3 SYSTEMPATH\Database\BaseConnection.php(609): CodeIgniter\Database\BaseConnection->simpleQuery('SELECT COUNT(*) AS `numrows`
FROM `kategori`
WHERE `kategori`.`deleted_at` IS NULL')
 4 SYSTEMPATH\Database\BaseBuilder.php(1669): CodeIgniter\Database\BaseConnection->query('SELECT COUNT(*) AS `numrows`
FROM `kategori`
WHERE `kategori`.`deleted_at` IS NULL', [], false)
 5 SYSTEMPATH\Model.php(550): CodeIgniter\Database\BaseBuilder->countAllResults(false)
 6 SYSTEMPATH\BaseModel.php(1084): CodeIgniter\Model->countAllResults(false)
 7 APPPATH\Controllers\Kategori.php(35): CodeIgniter\BaseModel->paginate(10)
 8 SYSTEMPATH\CodeIgniter.php(896): App\Controllers\Kategori->index()
 9 SYSTEMPATH\CodeIgniter.php(466): CodeIgniter\CodeIgniter->runController(Object(App\Controllers\Kategori))
10 SYSTEMPATH\CodeIgniter.php(349): CodeIgniter\CodeIgniter->handleRequest(null, Object(Config\Cache), false)
11 FCPATH\index.php(55): CodeIgniter\CodeIgniter->run()
ERROR - 2023-02-04 00:48:53 --> Unknown column 'kategori.deleted_at' in 'where clause'
CRITICAL - 2023-02-04 00:48:53 --> Unknown column 'kategori.deleted_at' in 'where clause'
in SYSTEMPATH\Database\MySQLi\Connection.php on line 292.
 1 SYSTEMPATH\Database\MySQLi\Connection.php(292): mysqli->query('SELECT COUNT(*) AS `numrows`
FROM `kategori`
WHERE `kategori`.`deleted_at` IS NULL', 0)
 2 SYSTEMPATH\Database\BaseConnection.php(695): CodeIgniter\Database\MySQLi\Connection->execute('SELECT COUNT(*) AS `numrows`
FROM `kategori`
WHERE `kategori`.`deleted_at` IS NULL')
 3 SYSTEMPATH\Database\BaseConnection.php(609): CodeIgniter\Database\BaseConnection->simpleQuery('SELECT COUNT(*) AS `numrows`
FROM `kategori`
WHERE `kategori`.`deleted_at` IS NULL')
 4 SYSTEMPATH\Database\BaseBuilder.php(1669): CodeIgniter\Database\BaseConnection->query('SELECT COUNT(*) AS `numrows`
FROM `kategori`
WHERE `kategori`.`deleted_at` IS NULL', [], false)
 5 SYSTEMPATH\Model.php(550): CodeIgniter\Database\BaseBuilder->countAllResults(false)
 6 SYSTEMPATH\BaseModel.php(1084): CodeIgniter\Model->countAllResults(false)
 7 APPPATH\Controllers\Kategori.php(35): CodeIgniter\BaseModel->paginate(10)
 8 SYSTEMPATH\CodeIgniter.php(896): App\Controllers\Kategori->index()
 9 SYSTEMPATH\CodeIgniter.php(466): CodeIgniter\CodeIgniter->runController(Object(App\Controllers\Kategori))
10 SYSTEMPATH\CodeIgniter.php(349): CodeIgniter\CodeIgniter->handleRequest(null, Object(Config\Cache), false)
11 FCPATH\index.php(55): CodeIgniter\CodeIgniter->run()
ERROR - 2023-02-04 00:48:54 --> Unknown column 'kategori.deleted_at' in 'where clause'
CRITICAL - 2023-02-04 00:48:54 --> Unknown column 'kategori.deleted_at' in 'where clause'
in SYSTEMPATH\Database\MySQLi\Connection.php on line 292.
 1 SYSTEMPATH\Database\MySQLi\Connection.php(292): mysqli->query('SELECT COUNT(*) AS `numrows`
FROM `kategori`
WHERE `kategori`.`deleted_at` IS NULL', 0)
 2 SYSTEMPATH\Database\BaseConnection.php(695): CodeIgniter\Database\MySQLi\Connection->execute('SELECT COUNT(*) AS `numrows`
FROM `kategori`
WHERE `kategori`.`deleted_at` IS NULL')
 3 SYSTEMPATH\Database\BaseConnection.php(609): CodeIgniter\Database\BaseConnection->simpleQuery('SELECT COUNT(*) AS `numrows`
FROM `kategori`
WHERE `kategori`.`deleted_at` IS NULL')
 4 SYSTEMPATH\Database\BaseBuilder.php(1669): CodeIgniter\Database\BaseConnection->query('SELECT COUNT(*) AS `numrows`
FROM `kategori`
WHERE `kategori`.`deleted_at` IS NULL', [], false)
 5 SYSTEMPATH\Model.php(550): CodeIgniter\Database\BaseBuilder->countAllResults(false)
 6 SYSTEMPATH\BaseModel.php(1084): CodeIgniter\Model->countAllResults(false)
 7 APPPATH\Controllers\Kategori.php(35): CodeIgniter\BaseModel->paginate(10)
 8 SYSTEMPATH\CodeIgniter.php(896): App\Controllers\Kategori->index()
 9 SYSTEMPATH\CodeIgniter.php(466): CodeIgniter\CodeIgniter->runController(Object(App\Controllers\Kategori))
10 SYSTEMPATH\CodeIgniter.php(349): CodeIgniter\CodeIgniter->handleRequest(null, Object(Config\Cache), false)
11 FCPATH\index.php(55): CodeIgniter\CodeIgniter->run()
ERROR - 2023-02-04 00:48:54 --> Unknown column 'kategori.deleted_at' in 'where clause'
CRITICAL - 2023-02-04 00:48:54 --> Unknown column 'kategori.deleted_at' in 'where clause'
in SYSTEMPATH\Database\MySQLi\Connection.php on line 292.
 1 SYSTEMPATH\Database\MySQLi\Connection.php(292): mysqli->query('SELECT COUNT(*) AS `numrows`
FROM `kategori`
WHERE `kategori`.`deleted_at` IS NULL', 0)
 2 SYSTEMPATH\Database\BaseConnection.php(695): CodeIgniter\Database\MySQLi\Connection->execute('SELECT COUNT(*) AS `numrows`
FROM `kategori`
WHERE `kategori`.`deleted_at` IS NULL')
 3 SYSTEMPATH\Database\BaseConnection.php(609): CodeIgniter\Database\BaseConnection->simpleQuery('SELECT COUNT(*) AS `numrows`
FROM `kategori`
WHERE `kategori`.`deleted_at` IS NULL')
 4 SYSTEMPATH\Database\BaseBuilder.php(1669): CodeIgniter\Database\BaseConnection->query('SELECT COUNT(*) AS `numrows`
FROM `kategori`
WHERE `kategori`.`deleted_at` IS NULL', [], false)
 5 SYSTEMPATH\Model.php(550): CodeIgniter\Database\BaseBuilder->countAllResults(false)
 6 SYSTEMPATH\BaseModel.php(1084): CodeIgniter\Model->countAllResults(false)
 7 APPPATH\Controllers\Kategori.php(35): CodeIgniter\BaseModel->paginate(10)
 8 SYSTEMPATH\CodeIgniter.php(896): App\Controllers\Kategori->index()
 9 SYSTEMPATH\CodeIgniter.php(466): CodeIgniter\CodeIgniter->runController(Object(App\Controllers\Kategori))
10 SYSTEMPATH\CodeIgniter.php(349): CodeIgniter\CodeIgniter->handleRequest(null, Object(Config\Cache), false)
11 FCPATH\index.php(55): CodeIgniter\CodeIgniter->run()
ERROR - 2023-02-04 00:48:55 --> Unknown column 'kategori.deleted_at' in 'where clause'
CRITICAL - 2023-02-04 00:48:55 --> Unknown column 'kategori.deleted_at' in 'where clause'
in SYSTEMPATH\Database\MySQLi\Connection.php on line 292.
 1 SYSTEMPATH\Database\MySQLi\Connection.php(292): mysqli->query('SELECT COUNT(*) AS `numrows`
FROM `kategori`
WHERE `kategori`.`deleted_at` IS NULL', 0)
 2 SYSTEMPATH\Database\BaseConnection.php(695): CodeIgniter\Database\MySQLi\Connection->execute('SELECT COUNT(*) AS `numrows`
FROM `kategori`
WHERE `kategori`.`deleted_at` IS NULL')
 3 SYSTEMPATH\Database\BaseConnection.php(609): CodeIgniter\Database\BaseConnection->simpleQuery('SELECT COUNT(*) AS `numrows`
FROM `kategori`
WHERE `kategori`.`deleted_at` IS NULL')
 4 SYSTEMPATH\Database\BaseBuilder.php(1669): CodeIgniter\Database\BaseConnection->query('SELECT COUNT(*) AS `numrows`
FROM `kategori`
WHERE `kategori`.`deleted_at` IS NULL', [], false)
 5 SYSTEMPATH\Model.php(550): CodeIgniter\Database\BaseBuilder->countAllResults(false)
 6 SYSTEMPATH\BaseModel.php(1084): CodeIgniter\Model->countAllResults(false)
 7 APPPATH\Controllers\Kategori.php(35): CodeIgniter\BaseModel->paginate(10)
 8 SYSTEMPATH\CodeIgniter.php(896): App\Controllers\Kategori->index()
 9 SYSTEMPATH\CodeIgniter.php(466): CodeIgniter\CodeIgniter->runController(Object(App\Controllers\Kategori))
10 SYSTEMPATH\CodeIgniter.php(349): CodeIgniter\CodeIgniter->handleRequest(null, Object(Config\Cache), false)
11 FCPATH\index.php(55): CodeIgniter\CodeIgniter->run()
ERROR - 2023-02-04 00:48:55 --> Unknown column 'kategori.deleted_at' in 'where clause'
CRITICAL - 2023-02-04 00:48:55 --> Unknown column 'kategori.deleted_at' in 'where clause'
in SYSTEMPATH\Database\MySQLi\Connection.php on line 292.
 1 SYSTEMPATH\Database\MySQLi\Connection.php(292): mysqli->query('SELECT COUNT(*) AS `numrows`
FROM `kategori`
WHERE `kategori`.`deleted_at` IS NULL', 0)
 2 SYSTEMPATH\Database\BaseConnection.php(695): CodeIgniter\Database\MySQLi\Connection->execute('SELECT COUNT(*) AS `numrows`
FROM `kategori`
WHERE `kategori`.`deleted_at` IS NULL')
 3 SYSTEMPATH\Database\BaseConnection.php(609): CodeIgniter\Database\BaseConnection->simpleQuery('SELECT COUNT(*) AS `numrows`
FROM `kategori`
WHERE `kategori`.`deleted_at` IS NULL')
 4 SYSTEMPATH\Database\BaseBuilder.php(1669): CodeIgniter\Database\BaseConnection->query('SELECT COUNT(*) AS `numrows`
FROM `kategori`
WHERE `kategori`.`deleted_at` IS NULL', [], false)
 5 SYSTEMPATH\Model.php(550): CodeIgniter\Database\BaseBuilder->countAllResults(false)
 6 SYSTEMPATH\BaseModel.php(1084): CodeIgniter\Model->countAllResults(false)
 7 APPPATH\Controllers\Kategori.php(35): CodeIgniter\BaseModel->paginate(10)
 8 SYSTEMPATH\CodeIgniter.php(896): App\Controllers\Kategori->index()
 9 SYSTEMPATH\CodeIgniter.php(466): CodeIgniter\CodeIgniter->runController(Object(App\Controllers\Kategori))
10 SYSTEMPATH\CodeIgniter.php(349): CodeIgniter\CodeIgniter->handleRequest(null, Object(Config\Cache), false)
11 FCPATH\index.php(55): CodeIgniter\CodeIgniter->run()
ERROR - 2023-02-04 00:48:55 --> Unknown column 'kategori.deleted_at' in 'where clause'
CRITICAL - 2023-02-04 00:48:55 --> Unknown column 'kategori.deleted_at' in 'where clause'
in SYSTEMPATH\Database\MySQLi\Connection.php on line 292.
 1 SYSTEMPATH\Database\MySQLi\Connection.php(292): mysqli->query('SELECT COUNT(*) AS `numrows`
FROM `kategori`
WHERE `kategori`.`deleted_at` IS NULL', 0)
 2 SYSTEMPATH\Database\BaseConnection.php(695): CodeIgniter\Database\MySQLi\Connection->execute('SELECT COUNT(*) AS `numrows`
FROM `kategori`
WHERE `kategori`.`deleted_at` IS NULL')
 3 SYSTEMPATH\Database\BaseConnection.php(609): CodeIgniter\Database\BaseConnection->simpleQuery('SELECT COUNT(*) AS `numrows`
FROM `kategori`
WHERE `kategori`.`deleted_at` IS NULL')
 4 SYSTEMPATH\Database\BaseBuilder.php(1669): CodeIgniter\Database\BaseConnection->query('SELECT COUNT(*) AS `numrows`
FROM `kategori`
WHERE `kategori`.`deleted_at` IS NULL', [], false)
 5 SYSTEMPATH\Model.php(550): CodeIgniter\Database\BaseBuilder->countAllResults(false)
 6 SYSTEMPATH\BaseModel.php(1084): CodeIgniter\Model->countAllResults(false)
 7 APPPATH\Controllers\Kategori.php(35): CodeIgniter\BaseModel->paginate(10)
 8 SYSTEMPATH\CodeIgniter.php(896): App\Controllers\Kategori->index()
 9 SYSTEMPATH\CodeIgniter.php(466): CodeIgniter\CodeIgniter->runController(Object(App\Controllers\Kategori))
10 SYSTEMPATH\CodeIgniter.php(349): CodeIgniter\CodeIgniter->handleRequest(null, Object(Config\Cache), false)
11 FCPATH\index.php(55): CodeIgniter\CodeIgniter->run()
ERROR - 2023-02-04 00:48:57 --> Unknown column 'kategori.deleted_at' in 'where clause'
CRITICAL - 2023-02-04 00:48:57 --> Unknown column 'kategori.deleted_at' in 'where clause'
in SYSTEMPATH\Database\MySQLi\Connection.php on line 292.
 1 SYSTEMPATH\Database\MySQLi\Connection.php(292): mysqli->query('SELECT COUNT(*) AS `numrows`
FROM `kategori`
WHERE `kategori`.`deleted_at` IS NULL', 0)
 2 SYSTEMPATH\Database\BaseConnection.php(695): CodeIgniter\Database\MySQLi\Connection->execute('SELECT COUNT(*) AS `numrows`
FROM `kategori`
WHERE `kategori`.`deleted_at` IS NULL')
 3 SYSTEMPATH\Database\BaseConnection.php(609): CodeIgniter\Database\BaseConnection->simpleQuery('SELECT COUNT(*) AS `numrows`
FROM `kategori`
WHERE `kategori`.`deleted_at` IS NULL')
 4 SYSTEMPATH\Database\BaseBuilder.php(1669): CodeIgniter\Database\BaseConnection->query('SELECT COUNT(*) AS `numrows`
FROM `kategori`
WHERE `kategori`.`deleted_at` IS NULL', [], false)
 5 SYSTEMPATH\Model.php(550): CodeIgniter\Database\BaseBuilder->countAllResults(false)
 6 SYSTEMPATH\BaseModel.php(1084): CodeIgniter\Model->countAllResults(false)
 7 APPPATH\Controllers\Kategori.php(35): CodeIgniter\BaseModel->paginate(10)
 8 SYSTEMPATH\CodeIgniter.php(896): App\Controllers\Kategori->index()
 9 SYSTEMPATH\CodeIgniter.php(466): CodeIgniter\CodeIgniter->runController(Object(App\Controllers\Kategori))
10 SYSTEMPATH\CodeIgniter.php(349): CodeIgniter\CodeIgniter->handleRequest(null, Object(Config\Cache), false)
11 FCPATH\index.php(55): CodeIgniter\CodeIgniter->run()
CRITICAL - 2023-02-04 00:50:48 --> Undefined variable: total_amount
in APPPATH\Views\bakul.php on line 96.
 1 APPPATH\Views\bakul.php(96): CodeIgniter\Debug\Exceptions->errorHandler(8, 'Undefined variable: total_amount', 'APPPATH\\Views\\bakul.php', 96, [])
 2 SYSTEMPATH\View\View.php(213): include('APPPATH\\Views\\bakul.php')
 3 SYSTEMPATH\View\View.php(216): CodeIgniter\View\View->CodeIgniter\View\{closure}()
 4 SYSTEMPATH\Common.php(1135): CodeIgniter\View\View->render('bakul', [], true)
 5 APPPATH\Controllers\Bakul.php(25): view('bakul')
 6 SYSTEMPATH\CodeIgniter.php(896): App\Controllers\Bakul->index()
 7 SYSTEMPATH\CodeIgniter.php(466): CodeIgniter\CodeIgniter->runController(Object(App\Controllers\Bakul))
 8 SYSTEMPATH\CodeIgniter.php(349): CodeIgniter\CodeIgniter->handleRequest(null, Object(Config\Cache), false)
 9 FCPATH\index.php(55): CodeIgniter\CodeIgniter->run()
CRITICAL - 2023-02-04 00:50:59 --> Undefined variable: total_amount
in APPPATH\Views\bakul.php on line 96.
 1 APPPATH\Views\bakul.php(96): CodeIgniter\Debug\Exceptions->errorHandler(8, 'Undefined variable: total_amount', 'APPPATH\\Views\\bakul.php', 96, [])
 2 SYSTEMPATH\View\View.php(213): include('APPPATH\\Views\\bakul.php')
 3 SYSTEMPATH\View\View.php(216): CodeIgniter\View\View->CodeIgniter\View\{closure}()
 4 SYSTEMPATH\Common.php(1135): CodeIgniter\View\View->render('bakul', [], true)
 5 APPPATH\Controllers\Bakul.php(25): view('bakul')
 6 SYSTEMPATH\CodeIgniter.php(896): App\Controllers\Bakul->index()
 7 SYSTEMPATH\CodeIgniter.php(466): CodeIgniter\CodeIgniter->runController(Object(App\Controllers\Bakul))
 8 SYSTEMPATH\CodeIgniter.php(349): CodeIgniter\CodeIgniter->handleRequest(null, Object(Config\Cache), false)
 9 FCPATH\index.php(55): CodeIgniter\CodeIgniter->run()
CRITICAL - 2023-02-04 00:50:59 --> Undefined variable: total_amount
in APPPATH\Views\bakul.php on line 96.
 1 APPPATH\Views\bakul.php(96): CodeIgniter\Debug\Exceptions->errorHandler(8, 'Undefined variable: total_amount', 'APPPATH\\Views\\bakul.php', 96, [])
 2 SYSTEMPATH\View\View.php(213): include('APPPATH\\Views\\bakul.php')
 3 SYSTEMPATH\View\View.php(216): CodeIgniter\View\View->CodeIgniter\View\{closure}()
 4 SYSTEMPATH\Common.php(1135): CodeIgniter\View\View->render('bakul', [], true)
 5 APPPATH\Controllers\Bakul.php(25): view('bakul')
 6 SYSTEMPATH\CodeIgniter.php(896): App\Controllers\Bakul->index()
 7 SYSTEMPATH\CodeIgniter.php(466): CodeIgniter\CodeIgniter->runController(Object(App\Controllers\Bakul))
 8 SYSTEMPATH\CodeIgniter.php(349): CodeIgniter\CodeIgniter->handleRequest(null, Object(Config\Cache), false)
 9 FCPATH\index.php(55): CodeIgniter\CodeIgniter->run()
CRITICAL - 2023-02-04 00:51:00 --> Undefined variable: total_amount
in APPPATH\Views\bakul.php on line 96.
 1 APPPATH\Views\bakul.php(96): CodeIgniter\Debug\Exceptions->errorHandler(8, 'Undefined variable: total_amount', 'APPPATH\\Views\\bakul.php', 96, [])
 2 SYSTEMPATH\View\View.php(213): include('APPPATH\\Views\\bakul.php')
 3 SYSTEMPATH\View\View.php(216): CodeIgniter\View\View->CodeIgniter\View\{closure}()
 4 SYSTEMPATH\Common.php(1135): CodeIgniter\View\View->render('bakul', [], true)
 5 APPPATH\Controllers\Bakul.php(25): view('bakul')
 6 SYSTEMPATH\CodeIgniter.php(896): App\Controllers\Bakul->index()
 7 SYSTEMPATH\CodeIgniter.php(466): CodeIgniter\CodeIgniter->runController(Object(App\Controllers\Bakul))
 8 SYSTEMPATH\CodeIgniter.php(349): CodeIgniter\CodeIgniter->handleRequest(null, Object(Config\Cache), false)
 9 FCPATH\index.php(55): CodeIgniter\CodeIgniter->run()
CRITICAL - 2023-02-04 00:51:10 --> Undefined variable: total_amount
in APPPATH\Views\bakul.php on line 96.
 1 APPPATH\Views\bakul.php(96): CodeIgniter\Debug\Exceptions->errorHandler(8, 'Undefined variable: total_amount', 'APPPATH\\Views\\bakul.php', 96, [])
 2 SYSTEMPATH\View\View.php(213): include('APPPATH\\Views\\bakul.php')
 3 SYSTEMPATH\View\View.php(216): CodeIgniter\View\View->CodeIgniter\View\{closure}()
 4 SYSTEMPATH\Common.php(1135): CodeIgniter\View\View->render('bakul', [], true)
 5 APPPATH\Controllers\Bakul.php(25): view('bakul')
 6 SYSTEMPATH\CodeIgniter.php(896): App\Controllers\Bakul->index()
 7 SYSTEMPATH\CodeIgniter.php(466): CodeIgniter\CodeIgniter->runController(Object(App\Controllers\Bakul))
 8 SYSTEMPATH\CodeIgniter.php(349): CodeIgniter\CodeIgniter->handleRequest(null, Object(Config\Cache), false)
 9 FCPATH\index.php(55): CodeIgniter\CodeIgniter->run()
CRITICAL - 2023-02-04 00:52:31 --> Undefined variable: total_amount
in APPPATH\Views\bakul.php on line 96.
 1 APPPATH\Views\bakul.php(96): CodeIgniter\Debug\Exceptions->errorHandler(8, 'Undefined variable: total_amount', 'APPPATH\\Views\\bakul.php', 96, [])
 2 SYSTEMPATH\View\View.php(213): include('APPPATH\\Views\\bakul.php')
 3 SYSTEMPATH\View\View.php(216): CodeIgniter\View\View->CodeIgniter\View\{closure}()
 4 SYSTEMPATH\Common.php(1135): CodeIgniter\View\View->render('bakul', [], true)
 5 APPPATH\Controllers\Bakul.php(25): view('bakul')
 6 SYSTEMPATH\CodeIgniter.php(896): App\Controllers\Bakul->index()
 7 SYSTEMPATH\CodeIgniter.php(466): CodeIgniter\CodeIgniter->runController(Object(App\Controllers\Bakul))
 8 SYSTEMPATH\CodeIgniter.php(349): CodeIgniter\CodeIgniter->handleRequest(null, Object(Config\Cache), false)
 9 FCPATH\index.php(55): CodeIgniter\CodeIgniter->run()
CRITICAL - 2023-02-04 00:53:37 --> Undefined variable: total_amount
in APPPATH\Views\bakul.php on line 96.
 1 APPPATH\Views\bakul.php(96): CodeIgniter\Debug\Exceptions->errorHandler(8, 'Undefined variable: total_amount', 'APPPATH\\Views\\bakul.php', 96, [])
 2 SYSTEMPATH\View\View.php(213): include('APPPATH\\Views\\bakul.php')
 3 SYSTEMPATH\View\View.php(216): CodeIgniter\View\View->CodeIgniter\View\{closure}()
 4 SYSTEMPATH\Common.php(1135): CodeIgniter\View\View->render('bakul', [], true)
 5 APPPATH\Controllers\Bakul.php(25): view('bakul')
 6 SYSTEMPATH\CodeIgniter.php(896): App\Controllers\Bakul->index()
 7 SYSTEMPATH\CodeIgniter.php(466): CodeIgniter\CodeIgniter->runController(Object(App\Controllers\Bakul))
 8 SYSTEMPATH\CodeIgniter.php(349): CodeIgniter\CodeIgniter->handleRequest(null, Object(Config\Cache), false)
 9 FCPATH\index.php(55): CodeIgniter\CodeIgniter->run()
CRITICAL - 2023-02-04 00:53:40 --> Undefined variable: total_amount
in APPPATH\Views\bakul.php on line 96.
 1 APPPATH\Views\bakul.php(96): CodeIgniter\Debug\Exceptions->errorHandler(8, 'Undefined variable: total_amount', 'APPPATH\\Views\\bakul.php', 96, [])
 2 SYSTEMPATH\View\View.php(213): include('APPPATH\\Views\\bakul.php')
 3 SYSTEMPATH\View\View.php(216): CodeIgniter\View\View->CodeIgniter\View\{closure}()
 4 SYSTEMPATH\Common.php(1135): CodeIgniter\View\View->render('bakul', [], true)
 5 APPPATH\Controllers\Bakul.php(25): view('bakul')
 6 SYSTEMPATH\CodeIgniter.php(896): App\Controllers\Bakul->index()
 7 SYSTEMPATH\CodeIgniter.php(466): CodeIgniter\CodeIgniter->runController(Object(App\Controllers\Bakul))
 8 SYSTEMPATH\CodeIgniter.php(349): CodeIgniter\CodeIgniter->handleRequest(null, Object(Config\Cache), false)
 9 FCPATH\index.php(55): CodeIgniter\CodeIgniter->run()
CRITICAL - 2023-02-04 00:53:43 --> Undefined variable: total_amount
in APPPATH\Views\bakul.php on line 96.
 1 APPPATH\Views\bakul.php(96): CodeIgniter\Debug\Exceptions->errorHandler(8, 'Undefined variable: total_amount', 'APPPATH\\Views\\bakul.php', 96, [])
 2 SYSTEMPATH\View\View.php(213): include('APPPATH\\Views\\bakul.php')
 3 SYSTEMPATH\View\View.php(216): CodeIgniter\View\View->CodeIgniter\View\{closure}()
 4 SYSTEMPATH\Common.php(1135): CodeIgniter\View\View->render('bakul', [], true)
 5 APPPATH\Controllers\Bakul.php(25): view('bakul')
 6 SYSTEMPATH\CodeIgniter.php(896): App\Controllers\Bakul->index()
 7 SYSTEMPATH\CodeIgniter.php(466): CodeIgniter\CodeIgniter->runController(Object(App\Controllers\Bakul))
 8 SYSTEMPATH\CodeIgniter.php(349): CodeIgniter\CodeIgniter->handleRequest(null, Object(Config\Cache), false)
 9 FCPATH\index.php(55): CodeIgniter\CodeIgniter->run()
CRITICAL - 2023-02-04 00:53:58 --> Undefined variable: total_amount
in APPPATH\Views\bakul.php on line 96.
 1 APPPATH\Views\bakul.php(96): CodeIgniter\Debug\Exceptions->errorHandler(8, 'Undefined variable: total_amount', 'APPPATH\\Views\\bakul.php', 96, [])
 2 SYSTEMPATH\View\View.php(213): include('APPPATH\\Views\\bakul.php')
 3 SYSTEMPATH\View\View.php(216): CodeIgniter\View\View->CodeIgniter\View\{closure}()
 4 SYSTEMPATH\Common.php(1135): CodeIgniter\View\View->render('bakul', [], true)
 5 APPPATH\Controllers\Bakul.php(25): view('bakul')
 6 SYSTEMPATH\CodeIgniter.php(896): App\Controllers\Bakul->index()
 7 SYSTEMPATH\CodeIgniter.php(466): CodeIgniter\CodeIgniter->runController(Object(App\Controllers\Bakul))
 8 SYSTEMPATH\CodeIgniter.php(349): CodeIgniter\CodeIgniter->handleRequest(null, Object(Config\Cache), false)
 9 FCPATH\index.php(55): CodeIgniter\CodeIgniter->run()
