CRITICAL - 2022-08-03 04:18:40 --> Undefined variable: db
in APPPATH\Controllers\Home.php on line 48.
 1 APPPATH\Controllers\Home.php(48): CodeIgniter\Debug\Exceptions->errorHandler(8, 'Undefined variable: db', 'APPPATH\\Controllers\\Home.php', 48, [])
 2 SYSTEMPATH\CodeIgniter.php(896): App\Controllers\Home->index()
 3 SYSTEMPATH\CodeIgniter.php(466): CodeIgniter\CodeIgniter->runController(Object(App\Controllers\Home))
 4 SYSTEMPATH\CodeIgniter.php(349): CodeIgniter\CodeIgniter->handleRequest(null, Object(Config\Cache), false)
 5 FCPATH\index.php(55): CodeIgniter\CodeIgniter->run()
CRITICAL - 2022-08-03 04:18:50 --> Call to a member function query() on null
in APPPATH\Controllers\Home.php on line 48.
 1 SYSTEMPATH\CodeIgniter.php(896): App\Controllers\Home->index()
 2 SYSTEMPATH\CodeIgniter.php(466): CodeIgniter\CodeIgniter->runController(Object(App\Controllers\Home))
 3 SYSTEMPATH\CodeIgniter.php(349): CodeIgniter\CodeIgniter->handleRequest(null, Object(Config\Cache), false)
 4 FCPATH\index.php(55): CodeIgniter\CodeIgniter->run()
CRITICAL - 2022-08-03 04:19:10 --> Undefined variable: db
in APPPATH\Controllers\Home.php on line 48.
 1 APPPATH\Controllers\Home.php(48): CodeIgniter\Debug\Exceptions->errorHandler(8, 'Undefined variable: db', 'APPPATH\\Controllers\\Home.php', 48, [])
 2 SYSTEMPATH\CodeIgniter.php(896): App\Controllers\Home->index()
 3 SYSTEMPATH\CodeIgniter.php(466): CodeIgniter\CodeIgniter->runController(Object(App\Controllers\Home))
 4 SYSTEMPATH\CodeIgniter.php(349): CodeIgniter\CodeIgniter->handleRequest(null, Object(Config\Cache), false)
 5 FCPATH\index.php(55): CodeIgniter\CodeIgniter->run()
CRITICAL - 2022-08-03 05:03:47 --> Cannot use object of type stdClass as array
in APPPATH\Views\homepage.php on line 113.
 1 SYSTEMPATH\View\View.php(213): include()
 2 SYSTEMPATH\View\View.php(216): CodeIgniter\View\View->CodeIgniter\View\{closure}()
 3 SYSTEMPATH\Common.php(1135): CodeIgniter\View\View->render('homepage', [], true)
 4 APPPATH\Controllers\Home.php(55): view('homepage', [...])
 5 SYSTEMPATH\CodeIgniter.php(896): App\Controllers\Home->index()
 6 SYSTEMPATH\CodeIgniter.php(466): CodeIgniter\CodeIgniter->runController(Object(App\Controllers\Home))
 7 SYSTEMPATH\CodeIgniter.php(349): CodeIgniter\CodeIgniter->handleRequest(null, Object(Config\Cache), false)
 8 FCPATH\index.php(55): CodeIgniter\CodeIgniter->run()
CRITICAL - 2022-08-03 09:26:36 --> syntax error, unexpected ')'
in APPPATH\Views\admin\listing.php on line 81.
 1 SYSTEMPATH\View\View.php(216): CodeIgniter\View\View->CodeIgniter\View\{closure}()
 2 SYSTEMPATH\Common.php(1135): CodeIgniter\View\View->render('admin/listing', [], true)
 3 APPPATH\Controllers\Gambar.php(31): view('admin/listing', [...])
 4 SYSTEMPATH\CodeIgniter.php(896): App\Controllers\Gambar->index()
 5 SYSTEMPATH\CodeIgniter.php(466): CodeIgniter\CodeIgniter->runController(Object(App\Controllers\Gambar))
 6 SYSTEMPATH\CodeIgniter.php(349): CodeIgniter\CodeIgniter->handleRequest(null, Object(Config\Cache), false)
 7 FCPATH\index.php(55): CodeIgniter\CodeIgniter->run()
CRITICAL - 2022-08-03 09:29:47 --> Use of undefined constant nama_fail - assumed 'nama_fail' (this will throw an Error in a future version of PHP)
in APPPATH\Views\admin\listing.php on line 85.
 1 APPPATH\Views\admin\listing.php(85): CodeIgniter\Debug\Exceptions->errorHandler(2, 'Use of undefined constant nama_fail - assumed \'nama_fail\' (this will throw an Error in a future version of PHP)', 'APPPATH\\Views\\admin\\listing.php', 85, [...])
 2 SYSTEMPATH\View\View.php(213): include('APPPATH\\Views\\admin\\listing.php')
 3 SYSTEMPATH\View\View.php(216): CodeIgniter\View\View->CodeIgniter\View\{closure}()
 4 SYSTEMPATH\Common.php(1135): CodeIgniter\View\View->render('admin/listing', [], true)
 5 APPPATH\Controllers\Gambar.php(31): view('admin/listing', [...])
 6 SYSTEMPATH\CodeIgniter.php(896): App\Controllers\Gambar->index()
 7 SYSTEMPATH\CodeIgniter.php(466): CodeIgniter\CodeIgniter->runController(Object(App\Controllers\Gambar))
 8 SYSTEMPATH\CodeIgniter.php(349): CodeIgniter\CodeIgniter->handleRequest(null, Object(Config\Cache), false)
 9 FCPATH\index.php(55): CodeIgniter\CodeIgniter->run()
CRITICAL - 2022-08-03 09:29:49 --> Use of undefined constant nama_fail - assumed 'nama_fail' (this will throw an Error in a future version of PHP)
in APPPATH\Views\admin\listing.php on line 85.
 1 APPPATH\Views\admin\listing.php(85): CodeIgniter\Debug\Exceptions->errorHandler(2, 'Use of undefined constant nama_fail - assumed \'nama_fail\' (this will throw an Error in a future version of PHP)', 'APPPATH\\Views\\admin\\listing.php', 85, [...])
 2 SYSTEMPATH\View\View.php(213): include('APPPATH\\Views\\admin\\listing.php')
 3 SYSTEMPATH\View\View.php(216): CodeIgniter\View\View->CodeIgniter\View\{closure}()
 4 SYSTEMPATH\Common.php(1135): CodeIgniter\View\View->render('admin/listing', [], true)
 5 APPPATH\Controllers\Gambar.php(31): view('admin/listing', [...])
 6 SYSTEMPATH\CodeIgniter.php(896): App\Controllers\Gambar->index()
 7 SYSTEMPATH\CodeIgniter.php(466): CodeIgniter\CodeIgniter->runController(Object(App\Controllers\Gambar))
 8 SYSTEMPATH\CodeIgniter.php(349): CodeIgniter\CodeIgniter->handleRequest(null, Object(Config\Cache), false)
 9 FCPATH\index.php(55): CodeIgniter\CodeIgniter->run()
