CRITICAL - 2023-02-15 20:12:54 --> array_merge(): Expected parameter 2 to be an array, string given
in APPPATH\Views\admin_produk\add.php on line 38.
 1 [internal function]: CodeIgniter\Debug\Exceptions->errorHandler(2, 'array_merge(): Expected parameter 2 to be an array, string given', 'APPPATH\\Views\\admin_produk\\add.php', 38, [...])
 2 APPPATH\Views\admin_produk\add.php(38): array_merge([...], '$kategori')
 3 SYSTEMPATH\View\View.php(213): include('APPPATH\\Views\\admin_produk\\add.php')
 4 SYSTEMPATH\View\View.php(216): CodeIgniter\View\View->CodeIgniter\View\{closure}()
 5 SYSTEMPATH\Common.php(1135): CodeIgniter\View\View->render('admin_produk/add', [], true)
 6 APPPATH\Controllers\Produk.php(175): view('admin_produk/add', [...])
 7 SYSTEMPATH\CodeIgniter.php(896): App\Controllers\Produk->add()
 8 SYSTEMPATH\CodeIgniter.php(466): CodeIgniter\CodeIgniter->runController(Object(App\Controllers\Produk))
 9 SYSTEMPATH\CodeIgniter.php(349): CodeIgniter\CodeIgniter->handleRequest(null, Object(Config\Cache), false)
10 FCPATH\index.php(55): CodeIgniter\CodeIgniter->run()
CRITICAL - 2023-02-15 20:14:42 --> array_merge(): Expected parameter 2 to be an array, string given
in APPPATH\Views\admin_produk\add.php on line 38.
 1 [internal function]: CodeIgniter\Debug\Exceptions->errorHandler(2, 'array_merge(): Expected parameter 2 to be an array, string given', 'APPPATH\\Views\\admin_produk\\add.php', 38, [...])
 2 APPPATH\Views\admin_produk\add.php(38): array_merge([...], '$kategori')
 3 SYSTEMPATH\View\View.php(213): include('APPPATH\\Views\\admin_produk\\add.php')
 4 SYSTEMPATH\View\View.php(216): CodeIgniter\View\View->CodeIgniter\View\{closure}()
 5 SYSTEMPATH\Common.php(1135): CodeIgniter\View\View->render('admin_produk/add', [], true)
 6 APPPATH\Controllers\Produk.php(175): view('admin_produk/add', [...])
 7 SYSTEMPATH\CodeIgniter.php(896): App\Controllers\Produk->add()
 8 SYSTEMPATH\CodeIgniter.php(466): CodeIgniter\CodeIgniter->runController(Object(App\Controllers\Produk))
 9 SYSTEMPATH\CodeIgniter.php(349): CodeIgniter\CodeIgniter->handleRequest(null, Object(Config\Cache), false)
10 FCPATH\index.php(55): CodeIgniter\CodeIgniter->run()
CRITICAL - 2023-02-15 20:51:33 --> Undefined variable: k
in APPPATH\Views\admin_produk\listing.php on line 62.
 1 APPPATH\Views\admin_produk\listing.php(62): CodeIgniter\Debug\Exceptions->errorHandler(8, 'Undefined variable: k', 'APPPATH\\Views\\admin_produk\\listing.php', 62, [...])
 2 SYSTEMPATH\View\View.php(213): include('APPPATH\\Views\\admin_produk\\listing.php')
 3 SYSTEMPATH\View\View.php(216): CodeIgniter\View\View->CodeIgniter\View\{closure}()
 4 SYSTEMPATH\Common.php(1135): CodeIgniter\View\View->render('admin_produk/listing', [], true)
 5 APPPATH\Controllers\Produk.php(73): view('admin_produk/listing', [...])
 6 SYSTEMPATH\CodeIgniter.php(896): App\Controllers\Produk->index()
 7 SYSTEMPATH\CodeIgniter.php(466): CodeIgniter\CodeIgniter->runController(Object(App\Controllers\Produk))
 8 SYSTEMPATH\CodeIgniter.php(349): CodeIgniter\CodeIgniter->handleRequest(null, Object(Config\Cache), false)
 9 FCPATH\index.php(55): CodeIgniter\CodeIgniter->run()
CRITICAL - 2023-02-15 20:52:56 --> Undefined index: kategori_id
in APPPATH\Views\admin_produk\listing.php on line 62.
 1 APPPATH\Views\admin_produk\listing.php(62): CodeIgniter\Debug\Exceptions->errorHandler(8, 'Undefined index: kategori_id', 'APPPATH\\Views\\admin_produk\\listing.php', 62, [...])
 2 SYSTEMPATH\View\View.php(213): include('APPPATH\\Views\\admin_produk\\listing.php')
 3 SYSTEMPATH\View\View.php(216): CodeIgniter\View\View->CodeIgniter\View\{closure}()
 4 SYSTEMPATH\Common.php(1135): CodeIgniter\View\View->render('admin_produk/listing', [], true)
 5 APPPATH\Controllers\Produk.php(73): view('admin_produk/listing', [...])
 6 SYSTEMPATH\CodeIgniter.php(896): App\Controllers\Produk->index()
 7 SYSTEMPATH\CodeIgniter.php(466): CodeIgniter\CodeIgniter->runController(Object(App\Controllers\Produk))
 8 SYSTEMPATH\CodeIgniter.php(349): CodeIgniter\CodeIgniter->handleRequest(null, Object(Config\Cache), false)
 9 FCPATH\index.php(55): CodeIgniter\CodeIgniter->run()
CRITICAL - 2023-02-15 20:52:59 --> Undefined index: kategori_id
in APPPATH\Views\admin_produk\listing.php on line 62.
 1 APPPATH\Views\admin_produk\listing.php(62): CodeIgniter\Debug\Exceptions->errorHandler(8, 'Undefined index: kategori_id', 'APPPATH\\Views\\admin_produk\\listing.php', 62, [...])
 2 SYSTEMPATH\View\View.php(213): include('APPPATH\\Views\\admin_produk\\listing.php')
 3 SYSTEMPATH\View\View.php(216): CodeIgniter\View\View->CodeIgniter\View\{closure}()
 4 SYSTEMPATH\Common.php(1135): CodeIgniter\View\View->render('admin_produk/listing', [], true)
 5 APPPATH\Controllers\Produk.php(73): view('admin_produk/listing', [...])
 6 SYSTEMPATH\CodeIgniter.php(896): App\Controllers\Produk->index()
 7 SYSTEMPATH\CodeIgniter.php(466): CodeIgniter\CodeIgniter->runController(Object(App\Controllers\Produk))
 8 SYSTEMPATH\CodeIgniter.php(349): CodeIgniter\CodeIgniter->handleRequest(null, Object(Config\Cache), false)
 9 FCPATH\index.php(55): CodeIgniter\CodeIgniter->run()
CRITICAL - 2023-02-15 20:57:25 --> Undefined index: 
in APPPATH\Views\admin_produk\listing.php on line 62.
 1 APPPATH\Views\admin_produk\listing.php(62): CodeIgniter\Debug\Exceptions->errorHandler(8, 'Undefined index: ', 'APPPATH\\Views\\admin_produk\\listing.php', 62, [...])
 2 SYSTEMPATH\View\View.php(213): include('APPPATH\\Views\\admin_produk\\listing.php')
 3 SYSTEMPATH\View\View.php(216): CodeIgniter\View\View->CodeIgniter\View\{closure}()
 4 SYSTEMPATH\Common.php(1135): CodeIgniter\View\View->render('admin_produk/listing', [], true)
 5 APPPATH\Controllers\Produk.php(73): view('admin_produk/listing', [...])
 6 SYSTEMPATH\CodeIgniter.php(896): App\Controllers\Produk->index()
 7 SYSTEMPATH\CodeIgniter.php(466): CodeIgniter\CodeIgniter->runController(Object(App\Controllers\Produk))
 8 SYSTEMPATH\CodeIgniter.php(349): CodeIgniter\CodeIgniter->handleRequest(null, Object(Config\Cache), false)
 9 FCPATH\index.php(55): CodeIgniter\CodeIgniter->run()
CRITICAL - 2023-02-15 20:57:46 --> Undefined variable: k
in APPPATH\Views\admin_produk\listing.php on line 62.
 1 APPPATH\Views\admin_produk\listing.php(62): CodeIgniter\Debug\Exceptions->errorHandler(8, 'Undefined variable: k', 'APPPATH\\Views\\admin_produk\\listing.php', 62, [...])
 2 SYSTEMPATH\View\View.php(213): include('APPPATH\\Views\\admin_produk\\listing.php')
 3 SYSTEMPATH\View\View.php(216): CodeIgniter\View\View->CodeIgniter\View\{closure}()
 4 SYSTEMPATH\Common.php(1135): CodeIgniter\View\View->render('admin_produk/listing', [], true)
 5 APPPATH\Controllers\Produk.php(73): view('admin_produk/listing', [...])
 6 SYSTEMPATH\CodeIgniter.php(896): App\Controllers\Produk->index()
 7 SYSTEMPATH\CodeIgniter.php(466): CodeIgniter\CodeIgniter->runController(Object(App\Controllers\Produk))
 8 SYSTEMPATH\CodeIgniter.php(349): CodeIgniter\CodeIgniter->handleRequest(null, Object(Config\Cache), false)
 9 FCPATH\index.php(55): CodeIgniter\CodeIgniter->run()
CRITICAL - 2023-02-15 20:57:57 --> Undefined variable: k
in APPPATH\Views\admin_produk\listing.php on line 62.
 1 APPPATH\Views\admin_produk\listing.php(62): CodeIgniter\Debug\Exceptions->errorHandler(8, 'Undefined variable: k', 'APPPATH\\Views\\admin_produk\\listing.php', 62, [...])
 2 SYSTEMPATH\View\View.php(213): include('APPPATH\\Views\\admin_produk\\listing.php')
 3 SYSTEMPATH\View\View.php(216): CodeIgniter\View\View->CodeIgniter\View\{closure}()
 4 SYSTEMPATH\Common.php(1135): CodeIgniter\View\View->render('admin_produk/listing', [], true)
 5 APPPATH\Controllers\Produk.php(73): view('admin_produk/listing', [...])
 6 SYSTEMPATH\CodeIgniter.php(896): App\Controllers\Produk->index()
 7 SYSTEMPATH\CodeIgniter.php(466): CodeIgniter\CodeIgniter->runController(Object(App\Controllers\Produk))
 8 SYSTEMPATH\CodeIgniter.php(349): CodeIgniter\CodeIgniter->handleRequest(null, Object(Config\Cache), false)
 9 FCPATH\index.php(55): CodeIgniter\CodeIgniter->run()
CRITICAL - 2023-02-15 20:59:10 --> Undefined index: 
in APPPATH\Views\admin_produk\listing.php on line 62.
 1 APPPATH\Views\admin_produk\listing.php(62): CodeIgniter\Debug\Exceptions->errorHandler(8, 'Undefined index: ', 'APPPATH\\Views\\admin_produk\\listing.php', 62, [...])
 2 SYSTEMPATH\View\View.php(213): include('APPPATH\\Views\\admin_produk\\listing.php')
 3 SYSTEMPATH\View\View.php(216): CodeIgniter\View\View->CodeIgniter\View\{closure}()
 4 SYSTEMPATH\Common.php(1135): CodeIgniter\View\View->render('admin_produk/listing', [], true)
 5 APPPATH\Controllers\Produk.php(73): view('admin_produk/listing', [...])
 6 SYSTEMPATH\CodeIgniter.php(896): App\Controllers\Produk->index()
 7 SYSTEMPATH\CodeIgniter.php(466): CodeIgniter\CodeIgniter->runController(Object(App\Controllers\Produk))
 8 SYSTEMPATH\CodeIgniter.php(349): CodeIgniter\CodeIgniter->handleRequest(null, Object(Config\Cache), false)
 9 FCPATH\index.php(55): CodeIgniter\CodeIgniter->run()
CRITICAL - 2023-02-15 20:59:38 --> Undefined index: kategori_id
in APPPATH\Views\admin_produk\listing.php on line 62.
 1 APPPATH\Views\admin_produk\listing.php(62): CodeIgniter\Debug\Exceptions->errorHandler(8, 'Undefined index: kategori_id', 'APPPATH\\Views\\admin_produk\\listing.php', 62, [...])
 2 SYSTEMPATH\View\View.php(213): include('APPPATH\\Views\\admin_produk\\listing.php')
 3 SYSTEMPATH\View\View.php(216): CodeIgniter\View\View->CodeIgniter\View\{closure}()
 4 SYSTEMPATH\Common.php(1135): CodeIgniter\View\View->render('admin_produk/listing', [], true)
 5 APPPATH\Controllers\Produk.php(73): view('admin_produk/listing', [...])
 6 SYSTEMPATH\CodeIgniter.php(896): App\Controllers\Produk->index()
 7 SYSTEMPATH\CodeIgniter.php(466): CodeIgniter\CodeIgniter->runController(Object(App\Controllers\Produk))
 8 SYSTEMPATH\CodeIgniter.php(349): CodeIgniter\CodeIgniter->handleRequest(null, Object(Config\Cache), false)
 9 FCPATH\index.php(55): CodeIgniter\CodeIgniter->run()
CRITICAL - 2023-02-15 21:00:58 --> Undefined variable: kat
in APPPATH\Views\admin_produk\listing.php on line 62.
 1 APPPATH\Views\admin_produk\listing.php(62): CodeIgniter\Debug\Exceptions->errorHandler(8, 'Undefined variable: kat', 'APPPATH\\Views\\admin_produk\\listing.php', 62, [...])
 2 SYSTEMPATH\View\View.php(213): include('APPPATH\\Views\\admin_produk\\listing.php')
 3 SYSTEMPATH\View\View.php(216): CodeIgniter\View\View->CodeIgniter\View\{closure}()
 4 SYSTEMPATH\Common.php(1135): CodeIgniter\View\View->render('admin_produk/listing', [], true)
 5 APPPATH\Controllers\Produk.php(73): view('admin_produk/listing', [...])
 6 SYSTEMPATH\CodeIgniter.php(896): App\Controllers\Produk->index()
 7 SYSTEMPATH\CodeIgniter.php(466): CodeIgniter\CodeIgniter->runController(Object(App\Controllers\Produk))
 8 SYSTEMPATH\CodeIgniter.php(349): CodeIgniter\CodeIgniter->handleRequest(null, Object(Config\Cache), false)
 9 FCPATH\index.php(55): CodeIgniter\CodeIgniter->run()
CRITICAL - 2023-02-15 21:01:41 --> Undefined variable: kat
in APPPATH\Views\admin_produk\listing.php on line 62.
 1 APPPATH\Views\admin_produk\listing.php(62): CodeIgniter\Debug\Exceptions->errorHandler(8, 'Undefined variable: kat', 'APPPATH\\Views\\admin_produk\\listing.php', 62, [...])
 2 SYSTEMPATH\View\View.php(213): include('APPPATH\\Views\\admin_produk\\listing.php')
 3 SYSTEMPATH\View\View.php(216): CodeIgniter\View\View->CodeIgniter\View\{closure}()
 4 SYSTEMPATH\Common.php(1135): CodeIgniter\View\View->render('admin_produk/listing', [], true)
 5 APPPATH\Controllers\Produk.php(73): view('admin_produk/listing', [...])
 6 SYSTEMPATH\CodeIgniter.php(896): App\Controllers\Produk->index()
 7 SYSTEMPATH\CodeIgniter.php(466): CodeIgniter\CodeIgniter->runController(Object(App\Controllers\Produk))
 8 SYSTEMPATH\CodeIgniter.php(349): CodeIgniter\CodeIgniter->handleRequest(null, Object(Config\Cache), false)
 9 FCPATH\index.php(55): CodeIgniter\CodeIgniter->run()
CRITICAL - 2023-02-15 21:01:49 --> Undefined variable: kat
in APPPATH\Views\admin_produk\listing.php on line 62.
 1 APPPATH\Views\admin_produk\listing.php(62): CodeIgniter\Debug\Exceptions->errorHandler(8, 'Undefined variable: kat', 'APPPATH\\Views\\admin_produk\\listing.php', 62, [...])
 2 SYSTEMPATH\View\View.php(213): include('APPPATH\\Views\\admin_produk\\listing.php')
 3 SYSTEMPATH\View\View.php(216): CodeIgniter\View\View->CodeIgniter\View\{closure}()
 4 SYSTEMPATH\Common.php(1135): CodeIgniter\View\View->render('admin_produk/listing', [], true)
 5 APPPATH\Controllers\Produk.php(73): view('admin_produk/listing', [...])
 6 SYSTEMPATH\CodeIgniter.php(896): App\Controllers\Produk->index()
 7 SYSTEMPATH\CodeIgniter.php(466): CodeIgniter\CodeIgniter->runController(Object(App\Controllers\Produk))
 8 SYSTEMPATH\CodeIgniter.php(349): CodeIgniter\CodeIgniter->handleRequest(null, Object(Config\Cache), false)
 9 FCPATH\index.php(55): CodeIgniter\CodeIgniter->run()
CRITICAL - 2023-02-15 21:02:30 --> Undefined variable: kat
in APPPATH\Views\admin_produk\listing.php on line 62.
 1 APPPATH\Views\admin_produk\listing.php(62): CodeIgniter\Debug\Exceptions->errorHandler(8, 'Undefined variable: kat', 'APPPATH\\Views\\admin_produk\\listing.php', 62, [...])
 2 SYSTEMPATH\View\View.php(213): include('APPPATH\\Views\\admin_produk\\listing.php')
 3 SYSTEMPATH\View\View.php(216): CodeIgniter\View\View->CodeIgniter\View\{closure}()
 4 SYSTEMPATH\Common.php(1135): CodeIgniter\View\View->render('admin_produk/listing', [], true)
 5 APPPATH\Controllers\Produk.php(73): view('admin_produk/listing', [...])
 6 SYSTEMPATH\CodeIgniter.php(896): App\Controllers\Produk->index()
 7 SYSTEMPATH\CodeIgniter.php(466): CodeIgniter\CodeIgniter->runController(Object(App\Controllers\Produk))
 8 SYSTEMPATH\CodeIgniter.php(349): CodeIgniter\CodeIgniter->handleRequest(null, Object(Config\Cache), false)
 9 FCPATH\index.php(55): CodeIgniter\CodeIgniter->run()
CRITICAL - 2023-02-15 21:02:31 --> Undefined variable: kat
in APPPATH\Views\admin_produk\listing.php on line 62.
 1 APPPATH\Views\admin_produk\listing.php(62): CodeIgniter\Debug\Exceptions->errorHandler(8, 'Undefined variable: kat', 'APPPATH\\Views\\admin_produk\\listing.php', 62, [...])
 2 SYSTEMPATH\View\View.php(213): include('APPPATH\\Views\\admin_produk\\listing.php')
 3 SYSTEMPATH\View\View.php(216): CodeIgniter\View\View->CodeIgniter\View\{closure}()
 4 SYSTEMPATH\Common.php(1135): CodeIgniter\View\View->render('admin_produk/listing', [], true)
 5 APPPATH\Controllers\Produk.php(73): view('admin_produk/listing', [...])
 6 SYSTEMPATH\CodeIgniter.php(896): App\Controllers\Produk->index()
 7 SYSTEMPATH\CodeIgniter.php(466): CodeIgniter\CodeIgniter->runController(Object(App\Controllers\Produk))
 8 SYSTEMPATH\CodeIgniter.php(349): CodeIgniter\CodeIgniter->handleRequest(null, Object(Config\Cache), false)
 9 FCPATH\index.php(55): CodeIgniter\CodeIgniter->run()
CRITICAL - 2023-02-15 21:02:33 --> Undefined variable: kat
in APPPATH\Views\admin_produk\listing.php on line 62.
 1 APPPATH\Views\admin_produk\listing.php(62): CodeIgniter\Debug\Exceptions->errorHandler(8, 'Undefined variable: kat', 'APPPATH\\Views\\admin_produk\\listing.php', 62, [...])
 2 SYSTEMPATH\View\View.php(213): include('APPPATH\\Views\\admin_produk\\listing.php')
 3 SYSTEMPATH\View\View.php(216): CodeIgniter\View\View->CodeIgniter\View\{closure}()
 4 SYSTEMPATH\Common.php(1135): CodeIgniter\View\View->render('admin_produk/listing', [], true)
 5 APPPATH\Controllers\Produk.php(73): view('admin_produk/listing', [...])
 6 SYSTEMPATH\CodeIgniter.php(896): App\Controllers\Produk->index()
 7 SYSTEMPATH\CodeIgniter.php(466): CodeIgniter\CodeIgniter->runController(Object(App\Controllers\Produk))
 8 SYSTEMPATH\CodeIgniter.php(349): CodeIgniter\CodeIgniter->handleRequest(null, Object(Config\Cache), false)
 9 FCPATH\index.php(55): CodeIgniter\CodeIgniter->run()
CRITICAL - 2023-02-15 21:02:35 --> Undefined variable: kat
in APPPATH\Views\admin_produk\listing.php on line 62.
 1 APPPATH\Views\admin_produk\listing.php(62): CodeIgniter\Debug\Exceptions->errorHandler(8, 'Undefined variable: kat', 'APPPATH\\Views\\admin_produk\\listing.php', 62, [...])
 2 SYSTEMPATH\View\View.php(213): include('APPPATH\\Views\\admin_produk\\listing.php')
 3 SYSTEMPATH\View\View.php(216): CodeIgniter\View\View->CodeIgniter\View\{closure}()
 4 SYSTEMPATH\Common.php(1135): CodeIgniter\View\View->render('admin_produk/listing', [], true)
 5 APPPATH\Controllers\Produk.php(73): view('admin_produk/listing', [...])
 6 SYSTEMPATH\CodeIgniter.php(896): App\Controllers\Produk->index()
 7 SYSTEMPATH\CodeIgniter.php(466): CodeIgniter\CodeIgniter->runController(Object(App\Controllers\Produk))
 8 SYSTEMPATH\CodeIgniter.php(349): CodeIgniter\CodeIgniter->handleRequest(null, Object(Config\Cache), false)
 9 FCPATH\index.php(55): CodeIgniter\CodeIgniter->run()
CRITICAL - 2023-02-15 21:05:05 --> syntax error, unexpected end of file
in APPPATH\Views\admin_produk\listing.php on line 102.
 1 SYSTEMPATH\View\View.php(216): CodeIgniter\View\View->CodeIgniter\View\{closure}()
 2 SYSTEMPATH\Common.php(1135): CodeIgniter\View\View->render('admin_produk/listing', [], true)
 3 APPPATH\Controllers\Produk.php(73): view('admin_produk/listing', [...])
 4 SYSTEMPATH\CodeIgniter.php(896): App\Controllers\Produk->index()
 5 SYSTEMPATH\CodeIgniter.php(466): CodeIgniter\CodeIgniter->runController(Object(App\Controllers\Produk))
 6 SYSTEMPATH\CodeIgniter.php(349): CodeIgniter\CodeIgniter->handleRequest(null, Object(Config\Cache), false)
 7 FCPATH\index.php(55): CodeIgniter\CodeIgniter->run()
CRITICAL - 2023-02-15 21:05:38 --> syntax error, unexpected end of file
in APPPATH\Views\admin_produk\listing.php on line 102.
 1 SYSTEMPATH\View\View.php(216): CodeIgniter\View\View->CodeIgniter\View\{closure}()
 2 SYSTEMPATH\Common.php(1135): CodeIgniter\View\View->render('admin_produk/listing', [], true)
 3 APPPATH\Controllers\Produk.php(73): view('admin_produk/listing', [...])
 4 SYSTEMPATH\CodeIgniter.php(896): App\Controllers\Produk->index()
 5 SYSTEMPATH\CodeIgniter.php(466): CodeIgniter\CodeIgniter->runController(Object(App\Controllers\Produk))
 6 SYSTEMPATH\CodeIgniter.php(349): CodeIgniter\CodeIgniter->handleRequest(null, Object(Config\Cache), false)
 7 FCPATH\index.php(55): CodeIgniter\CodeIgniter->run()
CRITICAL - 2023-02-15 21:06:24 --> Undefined index: kategori_id
in APPPATH\Views\admin_produk\listing.php on line 64.
 1 APPPATH\Views\admin_produk\listing.php(64): CodeIgniter\Debug\Exceptions->errorHandler(8, 'Undefined index: kategori_id', 'APPPATH\\Views\\admin_produk\\listing.php', 64, [...])
 2 SYSTEMPATH\View\View.php(213): include('APPPATH\\Views\\admin_produk\\listing.php')
 3 SYSTEMPATH\View\View.php(216): CodeIgniter\View\View->CodeIgniter\View\{closure}()
 4 SYSTEMPATH\Common.php(1135): CodeIgniter\View\View->render('admin_produk/listing', [], true)
 5 APPPATH\Controllers\Produk.php(73): view('admin_produk/listing', [...])
 6 SYSTEMPATH\CodeIgniter.php(896): App\Controllers\Produk->index()
 7 SYSTEMPATH\CodeIgniter.php(466): CodeIgniter\CodeIgniter->runController(Object(App\Controllers\Produk))
 8 SYSTEMPATH\CodeIgniter.php(349): CodeIgniter\CodeIgniter->handleRequest(null, Object(Config\Cache), false)
 9 FCPATH\index.php(55): CodeIgniter\CodeIgniter->run()
CRITICAL - 2023-02-15 21:07:54 --> Undefined index: kategori_id
in APPPATH\Views\admin_produk\listing.php on line 64.
 1 APPPATH\Views\admin_produk\listing.php(64): CodeIgniter\Debug\Exceptions->errorHandler(8, 'Undefined index: kategori_id', 'APPPATH\\Views\\admin_produk\\listing.php', 64, [...])
 2 SYSTEMPATH\View\View.php(213): include('APPPATH\\Views\\admin_produk\\listing.php')
 3 SYSTEMPATH\View\View.php(216): CodeIgniter\View\View->CodeIgniter\View\{closure}()
 4 SYSTEMPATH\Common.php(1135): CodeIgniter\View\View->render('admin_produk/listing', [], true)
 5 APPPATH\Controllers\Produk.php(73): view('admin_produk/listing', [...])
 6 SYSTEMPATH\CodeIgniter.php(896): App\Controllers\Produk->index()
 7 SYSTEMPATH\CodeIgniter.php(466): CodeIgniter\CodeIgniter->runController(Object(App\Controllers\Produk))
 8 SYSTEMPATH\CodeIgniter.php(349): CodeIgniter\CodeIgniter->handleRequest(null, Object(Config\Cache), false)
 9 FCPATH\index.php(55): CodeIgniter\CodeIgniter->run()
CRITICAL - 2023-02-15 21:12:35 --> Undefined variable: kat
in APPPATH\Views\admin_produk\listing.php on line 62.
 1 APPPATH\Views\admin_produk\listing.php(62): CodeIgniter\Debug\Exceptions->errorHandler(8, 'Undefined variable: kat', 'APPPATH\\Views\\admin_produk\\listing.php', 62, [...])
 2 SYSTEMPATH\View\View.php(213): include('APPPATH\\Views\\admin_produk\\listing.php')
 3 SYSTEMPATH\View\View.php(216): CodeIgniter\View\View->CodeIgniter\View\{closure}()
 4 SYSTEMPATH\Common.php(1135): CodeIgniter\View\View->render('admin_produk/listing', [], true)
 5 APPPATH\Controllers\Produk.php(73): view('admin_produk/listing', [...])
 6 SYSTEMPATH\CodeIgniter.php(896): App\Controllers\Produk->index()
 7 SYSTEMPATH\CodeIgniter.php(466): CodeIgniter\CodeIgniter->runController(Object(App\Controllers\Produk))
 8 SYSTEMPATH\CodeIgniter.php(349): CodeIgniter\CodeIgniter->handleRequest(null, Object(Config\Cache), false)
 9 FCPATH\index.php(55): CodeIgniter\CodeIgniter->run()
CRITICAL - 2023-02-15 21:22:50 --> Undefined variable: kat
in APPPATH\Views\admin_produk\listing.php on line 62.
 1 APPPATH\Views\admin_produk\listing.php(62): CodeIgniter\Debug\Exceptions->errorHandler(8, 'Undefined variable: kat', 'APPPATH\\Views\\admin_produk\\listing.php', 62, [...])
 2 SYSTEMPATH\View\View.php(213): include('APPPATH\\Views\\admin_produk\\listing.php')
 3 SYSTEMPATH\View\View.php(216): CodeIgniter\View\View->CodeIgniter\View\{closure}()
 4 SYSTEMPATH\Common.php(1135): CodeIgniter\View\View->render('admin_produk/listing', [], true)
 5 APPPATH\Controllers\Produk.php(73): view('admin_produk/listing', [...])
 6 SYSTEMPATH\CodeIgniter.php(896): App\Controllers\Produk->index()
 7 SYSTEMPATH\CodeIgniter.php(466): CodeIgniter\CodeIgniter->runController(Object(App\Controllers\Produk))
 8 SYSTEMPATH\CodeIgniter.php(349): CodeIgniter\CodeIgniter->handleRequest(null, Object(Config\Cache), false)
 9 FCPATH\index.php(55): CodeIgniter\CodeIgniter->run()
CRITICAL - 2023-02-15 21:23:02 --> Undefined variable: kat
in APPPATH\Views\admin_produk\listing.php on line 62.
 1 APPPATH\Views\admin_produk\listing.php(62): CodeIgniter\Debug\Exceptions->errorHandler(8, 'Undefined variable: kat', 'APPPATH\\Views\\admin_produk\\listing.php', 62, [...])
 2 SYSTEMPATH\View\View.php(213): include('APPPATH\\Views\\admin_produk\\listing.php')
 3 SYSTEMPATH\View\View.php(216): CodeIgniter\View\View->CodeIgniter\View\{closure}()
 4 SYSTEMPATH\Common.php(1135): CodeIgniter\View\View->render('admin_produk/listing', [], true)
 5 APPPATH\Controllers\Produk.php(73): view('admin_produk/listing', [...])
 6 SYSTEMPATH\CodeIgniter.php(896): App\Controllers\Produk->index()
 7 SYSTEMPATH\CodeIgniter.php(466): CodeIgniter\CodeIgniter->runController(Object(App\Controllers\Produk))
 8 SYSTEMPATH\CodeIgniter.php(349): CodeIgniter\CodeIgniter->handleRequest(null, Object(Config\Cache), false)
 9 FCPATH\index.php(55): CodeIgniter\CodeIgniter->run()
CRITICAL - 2023-02-15 21:23:04 --> Undefined variable: kat
in APPPATH\Views\admin_produk\listing.php on line 62.
 1 APPPATH\Views\admin_produk\listing.php(62): CodeIgniter\Debug\Exceptions->errorHandler(8, 'Undefined variable: kat', 'APPPATH\\Views\\admin_produk\\listing.php', 62, [...])
 2 SYSTEMPATH\View\View.php(213): include('APPPATH\\Views\\admin_produk\\listing.php')
 3 SYSTEMPATH\View\View.php(216): CodeIgniter\View\View->CodeIgniter\View\{closure}()
 4 SYSTEMPATH\Common.php(1135): CodeIgniter\View\View->render('admin_produk/listing', [], true)
 5 APPPATH\Controllers\Produk.php(73): view('admin_produk/listing', [...])
 6 SYSTEMPATH\CodeIgniter.php(896): App\Controllers\Produk->index()
 7 SYSTEMPATH\CodeIgniter.php(466): CodeIgniter\CodeIgniter->runController(Object(App\Controllers\Produk))
 8 SYSTEMPATH\CodeIgniter.php(349): CodeIgniter\CodeIgniter->handleRequest(null, Object(Config\Cache), false)
 9 FCPATH\index.php(55): CodeIgniter\CodeIgniter->run()
CRITICAL - 2023-02-15 21:23:05 --> Undefined variable: kat
in APPPATH\Views\admin_produk\listing.php on line 62.
 1 APPPATH\Views\admin_produk\listing.php(62): CodeIgniter\Debug\Exceptions->errorHandler(8, 'Undefined variable: kat', 'APPPATH\\Views\\admin_produk\\listing.php', 62, [...])
 2 SYSTEMPATH\View\View.php(213): include('APPPATH\\Views\\admin_produk\\listing.php')
 3 SYSTEMPATH\View\View.php(216): CodeIgniter\View\View->CodeIgniter\View\{closure}()
 4 SYSTEMPATH\Common.php(1135): CodeIgniter\View\View->render('admin_produk/listing', [], true)
 5 APPPATH\Controllers\Produk.php(73): view('admin_produk/listing', [...])
 6 SYSTEMPATH\CodeIgniter.php(896): App\Controllers\Produk->index()
 7 SYSTEMPATH\CodeIgniter.php(466): CodeIgniter\CodeIgniter->runController(Object(App\Controllers\Produk))
 8 SYSTEMPATH\CodeIgniter.php(349): CodeIgniter\CodeIgniter->handleRequest(null, Object(Config\Cache), false)
 9 FCPATH\index.php(55): CodeIgniter\CodeIgniter->run()
CRITICAL - 2023-02-15 21:23:32 --> Undefined index: kategori_id
in APPPATH\Views\admin_produk\listing.php on line 62.
 1 APPPATH\Views\admin_produk\listing.php(62): CodeIgniter\Debug\Exceptions->errorHandler(8, 'Undefined index: kategori_id', 'APPPATH\\Views\\admin_produk\\listing.php', 62, [...])
 2 SYSTEMPATH\View\View.php(213): include('APPPATH\\Views\\admin_produk\\listing.php')
 3 SYSTEMPATH\View\View.php(216): CodeIgniter\View\View->CodeIgniter\View\{closure}()
 4 SYSTEMPATH\Common.php(1135): CodeIgniter\View\View->render('admin_produk/listing', [], true)
 5 APPPATH\Controllers\Produk.php(73): view('admin_produk/listing', [...])
 6 SYSTEMPATH\CodeIgniter.php(896): App\Controllers\Produk->index()
 7 SYSTEMPATH\CodeIgniter.php(466): CodeIgniter\CodeIgniter->runController(Object(App\Controllers\Produk))
 8 SYSTEMPATH\CodeIgniter.php(349): CodeIgniter\CodeIgniter->handleRequest(null, Object(Config\Cache), false)
 9 FCPATH\index.php(55): CodeIgniter\CodeIgniter->run()
CRITICAL - 2023-02-15 21:23:33 --> Undefined index: kategori_id
in APPPATH\Views\admin_produk\listing.php on line 62.
 1 APPPATH\Views\admin_produk\listing.php(62): CodeIgniter\Debug\Exceptions->errorHandler(8, 'Undefined index: kategori_id', 'APPPATH\\Views\\admin_produk\\listing.php', 62, [...])
 2 SYSTEMPATH\View\View.php(213): include('APPPATH\\Views\\admin_produk\\listing.php')
 3 SYSTEMPATH\View\View.php(216): CodeIgniter\View\View->CodeIgniter\View\{closure}()
 4 SYSTEMPATH\Common.php(1135): CodeIgniter\View\View->render('admin_produk/listing', [], true)
 5 APPPATH\Controllers\Produk.php(73): view('admin_produk/listing', [...])
 6 SYSTEMPATH\CodeIgniter.php(896): App\Controllers\Produk->index()
 7 SYSTEMPATH\CodeIgniter.php(466): CodeIgniter\CodeIgniter->runController(Object(App\Controllers\Produk))
 8 SYSTEMPATH\CodeIgniter.php(349): CodeIgniter\CodeIgniter->handleRequest(null, Object(Config\Cache), false)
 9 FCPATH\index.php(55): CodeIgniter\CodeIgniter->run()
CRITICAL - 2023-02-15 21:23:36 --> Undefined index: kategori_id
in APPPATH\Views\admin_produk\listing.php on line 62.
 1 APPPATH\Views\admin_produk\listing.php(62): CodeIgniter\Debug\Exceptions->errorHandler(8, 'Undefined index: kategori_id', 'APPPATH\\Views\\admin_produk\\listing.php', 62, [...])
 2 SYSTEMPATH\View\View.php(213): include('APPPATH\\Views\\admin_produk\\listing.php')
 3 SYSTEMPATH\View\View.php(216): CodeIgniter\View\View->CodeIgniter\View\{closure}()
 4 SYSTEMPATH\Common.php(1135): CodeIgniter\View\View->render('admin_produk/listing', [], true)
 5 APPPATH\Controllers\Produk.php(73): view('admin_produk/listing', [...])
 6 SYSTEMPATH\CodeIgniter.php(896): App\Controllers\Produk->index()
 7 SYSTEMPATH\CodeIgniter.php(466): CodeIgniter\CodeIgniter->runController(Object(App\Controllers\Produk))
 8 SYSTEMPATH\CodeIgniter.php(349): CodeIgniter\CodeIgniter->handleRequest(null, Object(Config\Cache), false)
 9 FCPATH\index.php(55): CodeIgniter\CodeIgniter->run()
CRITICAL - 2023-02-15 21:24:38 --> Undefined index: kategori_id
in APPPATH\Views\admin_produk\listing.php on line 62.
 1 APPPATH\Views\admin_produk\listing.php(62): CodeIgniter\Debug\Exceptions->errorHandler(8, 'Undefined index: kategori_id', 'APPPATH\\Views\\admin_produk\\listing.php', 62, [...])
 2 SYSTEMPATH\View\View.php(213): include('APPPATH\\Views\\admin_produk\\listing.php')
 3 SYSTEMPATH\View\View.php(216): CodeIgniter\View\View->CodeIgniter\View\{closure}()
 4 SYSTEMPATH\Common.php(1135): CodeIgniter\View\View->render('admin_produk/listing', [], true)
 5 APPPATH\Controllers\Produk.php(76): view('admin_produk/listing', [...])
 6 SYSTEMPATH\CodeIgniter.php(896): App\Controllers\Produk->index()
 7 SYSTEMPATH\CodeIgniter.php(466): CodeIgniter\CodeIgniter->runController(Object(App\Controllers\Produk))
 8 SYSTEMPATH\CodeIgniter.php(349): CodeIgniter\CodeIgniter->handleRequest(null, Object(Config\Cache), false)
 9 FCPATH\index.php(55): CodeIgniter\CodeIgniter->run()
CRITICAL - 2023-02-15 21:24:39 --> Undefined index: kategori_id
in APPPATH\Views\admin_produk\listing.php on line 62.
 1 APPPATH\Views\admin_produk\listing.php(62): CodeIgniter\Debug\Exceptions->errorHandler(8, 'Undefined index: kategori_id', 'APPPATH\\Views\\admin_produk\\listing.php', 62, [...])
 2 SYSTEMPATH\View\View.php(213): include('APPPATH\\Views\\admin_produk\\listing.php')
 3 SYSTEMPATH\View\View.php(216): CodeIgniter\View\View->CodeIgniter\View\{closure}()
 4 SYSTEMPATH\Common.php(1135): CodeIgniter\View\View->render('admin_produk/listing', [], true)
 5 APPPATH\Controllers\Produk.php(76): view('admin_produk/listing', [...])
 6 SYSTEMPATH\CodeIgniter.php(896): App\Controllers\Produk->index()
 7 SYSTEMPATH\CodeIgniter.php(466): CodeIgniter\CodeIgniter->runController(Object(App\Controllers\Produk))
 8 SYSTEMPATH\CodeIgniter.php(349): CodeIgniter\CodeIgniter->handleRequest(null, Object(Config\Cache), false)
 9 FCPATH\index.php(55): CodeIgniter\CodeIgniter->run()
CRITICAL - 2023-02-15 21:24:40 --> Undefined index: kategori_id
in APPPATH\Views\admin_produk\listing.php on line 62.
 1 APPPATH\Views\admin_produk\listing.php(62): CodeIgniter\Debug\Exceptions->errorHandler(8, 'Undefined index: kategori_id', 'APPPATH\\Views\\admin_produk\\listing.php', 62, [...])
 2 SYSTEMPATH\View\View.php(213): include('APPPATH\\Views\\admin_produk\\listing.php')
 3 SYSTEMPATH\View\View.php(216): CodeIgniter\View\View->CodeIgniter\View\{closure}()
 4 SYSTEMPATH\Common.php(1135): CodeIgniter\View\View->render('admin_produk/listing', [], true)
 5 APPPATH\Controllers\Produk.php(76): view('admin_produk/listing', [...])
 6 SYSTEMPATH\CodeIgniter.php(896): App\Controllers\Produk->index()
 7 SYSTEMPATH\CodeIgniter.php(466): CodeIgniter\CodeIgniter->runController(Object(App\Controllers\Produk))
 8 SYSTEMPATH\CodeIgniter.php(349): CodeIgniter\CodeIgniter->handleRequest(null, Object(Config\Cache), false)
 9 FCPATH\index.php(55): CodeIgniter\CodeIgniter->run()
CRITICAL - 2023-02-15 21:24:41 --> Undefined index: kategori_id
in APPPATH\Views\admin_produk\listing.php on line 62.
 1 APPPATH\Views\admin_produk\listing.php(62): CodeIgniter\Debug\Exceptions->errorHandler(8, 'Undefined index: kategori_id', 'APPPATH\\Views\\admin_produk\\listing.php', 62, [...])
 2 SYSTEMPATH\View\View.php(213): include('APPPATH\\Views\\admin_produk\\listing.php')
 3 SYSTEMPATH\View\View.php(216): CodeIgniter\View\View->CodeIgniter\View\{closure}()
 4 SYSTEMPATH\Common.php(1135): CodeIgniter\View\View->render('admin_produk/listing', [], true)
 5 APPPATH\Controllers\Produk.php(76): view('admin_produk/listing', [...])
 6 SYSTEMPATH\CodeIgniter.php(896): App\Controllers\Produk->index()
 7 SYSTEMPATH\CodeIgniter.php(466): CodeIgniter\CodeIgniter->runController(Object(App\Controllers\Produk))
 8 SYSTEMPATH\CodeIgniter.php(349): CodeIgniter\CodeIgniter->handleRequest(null, Object(Config\Cache), false)
 9 FCPATH\index.php(55): CodeIgniter\CodeIgniter->run()
CRITICAL - 2023-02-15 21:24:41 --> Undefined index: kategori_id
in APPPATH\Views\admin_produk\listing.php on line 62.
 1 APPPATH\Views\admin_produk\listing.php(62): CodeIgniter\Debug\Exceptions->errorHandler(8, 'Undefined index: kategori_id', 'APPPATH\\Views\\admin_produk\\listing.php', 62, [...])
 2 SYSTEMPATH\View\View.php(213): include('APPPATH\\Views\\admin_produk\\listing.php')
 3 SYSTEMPATH\View\View.php(216): CodeIgniter\View\View->CodeIgniter\View\{closure}()
 4 SYSTEMPATH\Common.php(1135): CodeIgniter\View\View->render('admin_produk/listing', [], true)
 5 APPPATH\Controllers\Produk.php(76): view('admin_produk/listing', [...])
 6 SYSTEMPATH\CodeIgniter.php(896): App\Controllers\Produk->index()
 7 SYSTEMPATH\CodeIgniter.php(466): CodeIgniter\CodeIgniter->runController(Object(App\Controllers\Produk))
 8 SYSTEMPATH\CodeIgniter.php(349): CodeIgniter\CodeIgniter->handleRequest(null, Object(Config\Cache), false)
 9 FCPATH\index.php(55): CodeIgniter\CodeIgniter->run()
CRITICAL - 2023-02-15 21:24:42 --> Undefined index: kategori_id
in APPPATH\Views\admin_produk\listing.php on line 62.
 1 APPPATH\Views\admin_produk\listing.php(62): CodeIgniter\Debug\Exceptions->errorHandler(8, 'Undefined index: kategori_id', 'APPPATH\\Views\\admin_produk\\listing.php', 62, [...])
 2 SYSTEMPATH\View\View.php(213): include('APPPATH\\Views\\admin_produk\\listing.php')
 3 SYSTEMPATH\View\View.php(216): CodeIgniter\View\View->CodeIgniter\View\{closure}()
 4 SYSTEMPATH\Common.php(1135): CodeIgniter\View\View->render('admin_produk/listing', [], true)
 5 APPPATH\Controllers\Produk.php(76): view('admin_produk/listing', [...])
 6 SYSTEMPATH\CodeIgniter.php(896): App\Controllers\Produk->index()
 7 SYSTEMPATH\CodeIgniter.php(466): CodeIgniter\CodeIgniter->runController(Object(App\Controllers\Produk))
 8 SYSTEMPATH\CodeIgniter.php(349): CodeIgniter\CodeIgniter->handleRequest(null, Object(Config\Cache), false)
 9 FCPATH\index.php(55): CodeIgniter\CodeIgniter->run()
CRITICAL - 2023-02-15 21:24:44 --> Undefined index: kategori_id
in APPPATH\Views\admin_produk\listing.php on line 62.
 1 APPPATH\Views\admin_produk\listing.php(62): CodeIgniter\Debug\Exceptions->errorHandler(8, 'Undefined index: kategori_id', 'APPPATH\\Views\\admin_produk\\listing.php', 62, [...])
 2 SYSTEMPATH\View\View.php(213): include('APPPATH\\Views\\admin_produk\\listing.php')
 3 SYSTEMPATH\View\View.php(216): CodeIgniter\View\View->CodeIgniter\View\{closure}()
 4 SYSTEMPATH\Common.php(1135): CodeIgniter\View\View->render('admin_produk/listing', [], true)
 5 APPPATH\Controllers\Produk.php(76): view('admin_produk/listing', [...])
 6 SYSTEMPATH\CodeIgniter.php(896): App\Controllers\Produk->index()
 7 SYSTEMPATH\CodeIgniter.php(466): CodeIgniter\CodeIgniter->runController(Object(App\Controllers\Produk))
 8 SYSTEMPATH\CodeIgniter.php(349): CodeIgniter\CodeIgniter->handleRequest(null, Object(Config\Cache), false)
 9 FCPATH\index.php(55): CodeIgniter\CodeIgniter->run()
CRITICAL - 2023-02-15 21:25:41 --> Undefined index: kategori_id
in APPPATH\Views\admin_produk\listing.php on line 62.
 1 APPPATH\Views\admin_produk\listing.php(62): CodeIgniter\Debug\Exceptions->errorHandler(8, 'Undefined index: kategori_id', 'APPPATH\\Views\\admin_produk\\listing.php', 62, [...])
 2 SYSTEMPATH\View\View.php(213): include('APPPATH\\Views\\admin_produk\\listing.php')
 3 SYSTEMPATH\View\View.php(216): CodeIgniter\View\View->CodeIgniter\View\{closure}()
 4 SYSTEMPATH\Common.php(1135): CodeIgniter\View\View->render('admin_produk/listing', [], true)
 5 APPPATH\Controllers\Produk.php(74): view('admin_produk/listing', [...])
 6 SYSTEMPATH\CodeIgniter.php(896): App\Controllers\Produk->index()
 7 SYSTEMPATH\CodeIgniter.php(466): CodeIgniter\CodeIgniter->runController(Object(App\Controllers\Produk))
 8 SYSTEMPATH\CodeIgniter.php(349): CodeIgniter\CodeIgniter->handleRequest(null, Object(Config\Cache), false)
 9 FCPATH\index.php(55): CodeIgniter\CodeIgniter->run()
CRITICAL - 2023-02-15 21:26:10 --> Undefined variable: k
in APPPATH\Views\admin_produk\listing.php on line 62.
 1 APPPATH\Views\admin_produk\listing.php(62): CodeIgniter\Debug\Exceptions->errorHandler(8, 'Undefined variable: k', 'APPPATH\\Views\\admin_produk\\listing.php', 62, [...])
 2 SYSTEMPATH\View\View.php(213): include('APPPATH\\Views\\admin_produk\\listing.php')
 3 SYSTEMPATH\View\View.php(216): CodeIgniter\View\View->CodeIgniter\View\{closure}()
 4 SYSTEMPATH\Common.php(1135): CodeIgniter\View\View->render('admin_produk/listing', [], true)
 5 APPPATH\Controllers\Produk.php(74): view('admin_produk/listing', [...])
 6 SYSTEMPATH\CodeIgniter.php(896): App\Controllers\Produk->index()
 7 SYSTEMPATH\CodeIgniter.php(466): CodeIgniter\CodeIgniter->runController(Object(App\Controllers\Produk))
 8 SYSTEMPATH\CodeIgniter.php(349): CodeIgniter\CodeIgniter->handleRequest(null, Object(Config\Cache), false)
 9 FCPATH\index.php(55): CodeIgniter\CodeIgniter->run()
