CRITICAL - 2022-08-27 10:34:57 --> Undefined index: nama_fail
in APPPATH\Views\admin_produk\listing.php on line 113.
 1 APPPATH\Views\admin_produk\listing.php(113): CodeIgniter\Debug\Exceptions->errorHandler(8, 'Undefined index: nama_fail', 'APPPATH\\Views\\admin_produk\\listing.php', 113, [...])
 2 SYSTEMPATH\View\View.php(213): include('APPPATH\\Views\\admin_produk\\listing.php')
 3 SYSTEMPATH\View\View.php(216): CodeIgniter\View\View->CodeIgniter\View\{closure}()
 4 SYSTEMPATH\Common.php(1135): CodeIgniter\View\View->render('admin_produk/listing', [], true)
 5 APPPATH\Controllers\Produk.php(56): view('admin_produk/listing', [...])
 6 SYSTEMPATH\CodeIgniter.php(896): App\Controllers\Produk->index()
 7 SYSTEMPATH\CodeIgniter.php(466): CodeIgniter\CodeIgniter->runController(Object(App\Controllers\Produk))
 8 SYSTEMPATH\CodeIgniter.php(349): CodeIgniter\CodeIgniter->handleRequest(null, Object(Config\Cache), false)
 9 FCPATH\index.php(55): CodeIgniter\CodeIgniter->run()
CRITICAL - 2022-08-27 10:37:36 --> Undefined index: nama_fail
in APPPATH\Views\admin_produk\listing.php on line 113.
 1 APPPATH\Views\admin_produk\listing.php(113): CodeIgniter\Debug\Exceptions->errorHandler(8, 'Undefined index: nama_fail', 'APPPATH\\Views\\admin_produk\\listing.php', 113, [...])
 2 SYSTEMPATH\View\View.php(213): include('APPPATH\\Views\\admin_produk\\listing.php')
 3 SYSTEMPATH\View\View.php(216): CodeIgniter\View\View->CodeIgniter\View\{closure}()
 4 SYSTEMPATH\Common.php(1135): CodeIgniter\View\View->render('admin_produk/listing', [], true)
 5 APPPATH\Controllers\Produk.php(56): view('admin_produk/listing', [...])
 6 SYSTEMPATH\CodeIgniter.php(896): App\Controllers\Produk->index()
 7 SYSTEMPATH\CodeIgniter.php(466): CodeIgniter\CodeIgniter->runController(Object(App\Controllers\Produk))
 8 SYSTEMPATH\CodeIgniter.php(349): CodeIgniter\CodeIgniter->handleRequest(null, Object(Config\Cache), false)
 9 FCPATH\index.php(55): CodeIgniter\CodeIgniter->run()
CRITICAL - 2022-08-27 10:37:38 --> Undefined index: nama_fail
in APPPATH\Views\admin_produk\listing.php on line 113.
 1 APPPATH\Views\admin_produk\listing.php(113): CodeIgniter\Debug\Exceptions->errorHandler(8, 'Undefined index: nama_fail', 'APPPATH\\Views\\admin_produk\\listing.php', 113, [...])
 2 SYSTEMPATH\View\View.php(213): include('APPPATH\\Views\\admin_produk\\listing.php')
 3 SYSTEMPATH\View\View.php(216): CodeIgniter\View\View->CodeIgniter\View\{closure}()
 4 SYSTEMPATH\Common.php(1135): CodeIgniter\View\View->render('admin_produk/listing', [], true)
 5 APPPATH\Controllers\Produk.php(56): view('admin_produk/listing', [...])
 6 SYSTEMPATH\CodeIgniter.php(896): App\Controllers\Produk->index()
 7 SYSTEMPATH\CodeIgniter.php(466): CodeIgniter\CodeIgniter->runController(Object(App\Controllers\Produk))
 8 SYSTEMPATH\CodeIgniter.php(349): CodeIgniter\CodeIgniter->handleRequest(null, Object(Config\Cache), false)
 9 FCPATH\index.php(55): CodeIgniter\CodeIgniter->run()
CRITICAL - 2022-08-27 10:37:41 --> Undefined index: nama_fail
in APPPATH\Views\admin_produk\listing.php on line 113.
 1 APPPATH\Views\admin_produk\listing.php(113): CodeIgniter\Debug\Exceptions->errorHandler(8, 'Undefined index: nama_fail', 'APPPATH\\Views\\admin_produk\\listing.php', 113, [...])
 2 SYSTEMPATH\View\View.php(213): include('APPPATH\\Views\\admin_produk\\listing.php')
 3 SYSTEMPATH\View\View.php(216): CodeIgniter\View\View->CodeIgniter\View\{closure}()
 4 SYSTEMPATH\Common.php(1135): CodeIgniter\View\View->render('admin_produk/listing', [], true)
 5 APPPATH\Controllers\Produk.php(56): view('admin_produk/listing', [...])
 6 SYSTEMPATH\CodeIgniter.php(896): App\Controllers\Produk->index()
 7 SYSTEMPATH\CodeIgniter.php(466): CodeIgniter\CodeIgniter->runController(Object(App\Controllers\Produk))
 8 SYSTEMPATH\CodeIgniter.php(349): CodeIgniter\CodeIgniter->handleRequest(null, Object(Config\Cache), false)
 9 FCPATH\index.php(55): CodeIgniter\CodeIgniter->run()
CRITICAL - 2022-08-27 11:16:42 --> Undefined index: nama_fail
in APPPATH\Views\admin_produk\listing.php on line 113.
 1 APPPATH\Views\admin_produk\listing.php(113): CodeIgniter\Debug\Exceptions->errorHandler(8, 'Undefined index: nama_fail', 'APPPATH\\Views\\admin_produk\\listing.php', 113, [...])
 2 SYSTEMPATH\View\View.php(213): include('APPPATH\\Views\\admin_produk\\listing.php')
 3 SYSTEMPATH\View\View.php(216): CodeIgniter\View\View->CodeIgniter\View\{closure}()
 4 SYSTEMPATH\Common.php(1135): CodeIgniter\View\View->render('admin_produk/listing', [], true)
 5 APPPATH\Controllers\Produk.php(56): view('admin_produk/listing', [...])
 6 SYSTEMPATH\CodeIgniter.php(896): App\Controllers\Produk->index()
 7 SYSTEMPATH\CodeIgniter.php(466): CodeIgniter\CodeIgniter->runController(Object(App\Controllers\Produk))
 8 SYSTEMPATH\CodeIgniter.php(349): CodeIgniter\CodeIgniter->handleRequest(null, Object(Config\Cache), false)
 9 FCPATH\index.php(55): CodeIgniter\CodeIgniter->run()
CRITICAL - 2022-08-27 11:16:43 --> Undefined index: nama_fail
in APPPATH\Views\admin_produk\listing.php on line 113.
 1 APPPATH\Views\admin_produk\listing.php(113): CodeIgniter\Debug\Exceptions->errorHandler(8, 'Undefined index: nama_fail', 'APPPATH\\Views\\admin_produk\\listing.php', 113, [...])
 2 SYSTEMPATH\View\View.php(213): include('APPPATH\\Views\\admin_produk\\listing.php')
 3 SYSTEMPATH\View\View.php(216): CodeIgniter\View\View->CodeIgniter\View\{closure}()
 4 SYSTEMPATH\Common.php(1135): CodeIgniter\View\View->render('admin_produk/listing', [], true)
 5 APPPATH\Controllers\Produk.php(56): view('admin_produk/listing', [...])
 6 SYSTEMPATH\CodeIgniter.php(896): App\Controllers\Produk->index()
 7 SYSTEMPATH\CodeIgniter.php(466): CodeIgniter\CodeIgniter->runController(Object(App\Controllers\Produk))
 8 SYSTEMPATH\CodeIgniter.php(349): CodeIgniter\CodeIgniter->handleRequest(null, Object(Config\Cache), false)
 9 FCPATH\index.php(55): CodeIgniter\CodeIgniter->run()
CRITICAL - 2022-08-27 11:19:41 --> Undefined index: nama_fail
in APPPATH\Views\admin_produk\listing.php on line 113.
 1 APPPATH\Views\admin_produk\listing.php(113): CodeIgniter\Debug\Exceptions->errorHandler(8, 'Undefined index: nama_fail', 'APPPATH\\Views\\admin_produk\\listing.php', 113, [...])
 2 SYSTEMPATH\View\View.php(213): include('APPPATH\\Views\\admin_produk\\listing.php')
 3 SYSTEMPATH\View\View.php(216): CodeIgniter\View\View->CodeIgniter\View\{closure}()
 4 SYSTEMPATH\Common.php(1135): CodeIgniter\View\View->render('admin_produk/listing', [], true)
 5 APPPATH\Controllers\Produk.php(56): view('admin_produk/listing', [...])
 6 SYSTEMPATH\CodeIgniter.php(896): App\Controllers\Produk->index()
 7 SYSTEMPATH\CodeIgniter.php(466): CodeIgniter\CodeIgniter->runController(Object(App\Controllers\Produk))
 8 SYSTEMPATH\CodeIgniter.php(349): CodeIgniter\CodeIgniter->handleRequest(null, Object(Config\Cache), false)
 9 FCPATH\index.php(55): CodeIgniter\CodeIgniter->run()
CRITICAL - 2022-08-27 11:20:00 --> Undefined index: nama_fail
in APPPATH\Views\admin_produk\listing.php on line 113.
 1 APPPATH\Views\admin_produk\listing.php(113): CodeIgniter\Debug\Exceptions->errorHandler(8, 'Undefined index: nama_fail', 'APPPATH\\Views\\admin_produk\\listing.php', 113, [...])
 2 SYSTEMPATH\View\View.php(213): include('APPPATH\\Views\\admin_produk\\listing.php')
 3 SYSTEMPATH\View\View.php(216): CodeIgniter\View\View->CodeIgniter\View\{closure}()
 4 SYSTEMPATH\Common.php(1135): CodeIgniter\View\View->render('admin_produk/listing', [], true)
 5 APPPATH\Controllers\Produk.php(56): view('admin_produk/listing', [...])
 6 SYSTEMPATH\CodeIgniter.php(896): App\Controllers\Produk->index()
 7 SYSTEMPATH\CodeIgniter.php(466): CodeIgniter\CodeIgniter->runController(Object(App\Controllers\Produk))
 8 SYSTEMPATH\CodeIgniter.php(349): CodeIgniter\CodeIgniter->handleRequest(null, Object(Config\Cache), false)
 9 FCPATH\index.php(55): CodeIgniter\CodeIgniter->run()
CRITICAL - 2022-08-27 11:20:01 --> Undefined index: nama_fail
in APPPATH\Views\admin_produk\listing.php on line 113.
 1 APPPATH\Views\admin_produk\listing.php(113): CodeIgniter\Debug\Exceptions->errorHandler(8, 'Undefined index: nama_fail', 'APPPATH\\Views\\admin_produk\\listing.php', 113, [...])
 2 SYSTEMPATH\View\View.php(213): include('APPPATH\\Views\\admin_produk\\listing.php')
 3 SYSTEMPATH\View\View.php(216): CodeIgniter\View\View->CodeIgniter\View\{closure}()
 4 SYSTEMPATH\Common.php(1135): CodeIgniter\View\View->render('admin_produk/listing', [], true)
 5 APPPATH\Controllers\Produk.php(56): view('admin_produk/listing', [...])
 6 SYSTEMPATH\CodeIgniter.php(896): App\Controllers\Produk->index()
 7 SYSTEMPATH\CodeIgniter.php(466): CodeIgniter\CodeIgniter->runController(Object(App\Controllers\Produk))
 8 SYSTEMPATH\CodeIgniter.php(349): CodeIgniter\CodeIgniter->handleRequest(null, Object(Config\Cache), false)
 9 FCPATH\index.php(55): CodeIgniter\CodeIgniter->run()
CRITICAL - 2022-08-27 11:20:03 --> Undefined index: nama_fail
in APPPATH\Views\admin_produk\listing.php on line 113.
 1 APPPATH\Views\admin_produk\listing.php(113): CodeIgniter\Debug\Exceptions->errorHandler(8, 'Undefined index: nama_fail', 'APPPATH\\Views\\admin_produk\\listing.php', 113, [...])
 2 SYSTEMPATH\View\View.php(213): include('APPPATH\\Views\\admin_produk\\listing.php')
 3 SYSTEMPATH\View\View.php(216): CodeIgniter\View\View->CodeIgniter\View\{closure}()
 4 SYSTEMPATH\Common.php(1135): CodeIgniter\View\View->render('admin_produk/listing', [], true)
 5 APPPATH\Controllers\Produk.php(56): view('admin_produk/listing', [...])
 6 SYSTEMPATH\CodeIgniter.php(896): App\Controllers\Produk->index()
 7 SYSTEMPATH\CodeIgniter.php(466): CodeIgniter\CodeIgniter->runController(Object(App\Controllers\Produk))
 8 SYSTEMPATH\CodeIgniter.php(349): CodeIgniter\CodeIgniter->handleRequest(null, Object(Config\Cache), false)
 9 FCPATH\index.php(55): CodeIgniter\CodeIgniter->run()
CRITICAL - 2022-08-27 11:22:17 --> Undefined index: tingkatan
in APPPATH\Views\admin_produk\listing.php on line 116.
 1 APPPATH\Views\admin_produk\listing.php(116): CodeIgniter\Debug\Exceptions->errorHandler(8, 'Undefined index: tingkatan', 'APPPATH\\Views\\admin_produk\\listing.php', 116, [...])
 2 SYSTEMPATH\View\View.php(213): include('APPPATH\\Views\\admin_produk\\listing.php')
 3 SYSTEMPATH\View\View.php(216): CodeIgniter\View\View->CodeIgniter\View\{closure}()
 4 SYSTEMPATH\Common.php(1135): CodeIgniter\View\View->render('admin_produk/listing', [], true)
 5 APPPATH\Controllers\Produk.php(56): view('admin_produk/listing', [...])
 6 SYSTEMPATH\CodeIgniter.php(896): App\Controllers\Produk->index()
 7 SYSTEMPATH\CodeIgniter.php(466): CodeIgniter\CodeIgniter->runController(Object(App\Controllers\Produk))
 8 SYSTEMPATH\CodeIgniter.php(349): CodeIgniter\CodeIgniter->handleRequest(null, Object(Config\Cache), false)
 9 FCPATH\index.php(55): CodeIgniter\CodeIgniter->run()
CRITICAL - 2022-08-27 11:24:19 --> Undefined index: tingkatan
in APPPATH\Views\admin_produk\listing.php on line 116.
 1 APPPATH\Views\admin_produk\listing.php(116): CodeIgniter\Debug\Exceptions->errorHandler(8, 'Undefined index: tingkatan', 'APPPATH\\Views\\admin_produk\\listing.php', 116, [...])
 2 SYSTEMPATH\View\View.php(213): include('APPPATH\\Views\\admin_produk\\listing.php')
 3 SYSTEMPATH\View\View.php(216): CodeIgniter\View\View->CodeIgniter\View\{closure}()
 4 SYSTEMPATH\Common.php(1135): CodeIgniter\View\View->render('admin_produk/listing', [], true)
 5 APPPATH\Controllers\Produk.php(56): view('admin_produk/listing', [...])
 6 SYSTEMPATH\CodeIgniter.php(896): App\Controllers\Produk->index()
 7 SYSTEMPATH\CodeIgniter.php(466): CodeIgniter\CodeIgniter->runController(Object(App\Controllers\Produk))
 8 SYSTEMPATH\CodeIgniter.php(349): CodeIgniter\CodeIgniter->handleRequest(null, Object(Config\Cache), false)
 9 FCPATH\index.php(55): CodeIgniter\CodeIgniter->run()
CRITICAL - 2022-08-27 11:24:21 --> Undefined index: tingkatan
in APPPATH\Views\admin_produk\listing.php on line 116.
 1 APPPATH\Views\admin_produk\listing.php(116): CodeIgniter\Debug\Exceptions->errorHandler(8, 'Undefined index: tingkatan', 'APPPATH\\Views\\admin_produk\\listing.php', 116, [...])
 2 SYSTEMPATH\View\View.php(213): include('APPPATH\\Views\\admin_produk\\listing.php')
 3 SYSTEMPATH\View\View.php(216): CodeIgniter\View\View->CodeIgniter\View\{closure}()
 4 SYSTEMPATH\Common.php(1135): CodeIgniter\View\View->render('admin_produk/listing', [], true)
 5 APPPATH\Controllers\Produk.php(56): view('admin_produk/listing', [...])
 6 SYSTEMPATH\CodeIgniter.php(896): App\Controllers\Produk->index()
 7 SYSTEMPATH\CodeIgniter.php(466): CodeIgniter\CodeIgniter->runController(Object(App\Controllers\Produk))
 8 SYSTEMPATH\CodeIgniter.php(349): CodeIgniter\CodeIgniter->handleRequest(null, Object(Config\Cache), false)
 9 FCPATH\index.php(55): CodeIgniter\CodeIgniter->run()
CRITICAL - 2022-08-27 11:37:30 --> Undefined index: tingkatan
in APPPATH\Views\admin_produk\edit.php on line 95.
 1 APPPATH\Views\admin_produk\edit.php(95): CodeIgniter\Debug\Exceptions->errorHandler(8, 'Undefined index: tingkatan', 'APPPATH\\Views\\admin_produk\\edit.php', 95, [...])
 2 SYSTEMPATH\View\View.php(213): include('APPPATH\\Views\\admin_produk\\edit.php')
 3 SYSTEMPATH\View\View.php(216): CodeIgniter\View\View->CodeIgniter\View\{closure}()
 4 SYSTEMPATH\Common.php(1135): CodeIgniter\View\View->render('admin_produk/edit', [], true)
 5 APPPATH\Controllers\Produk.php(69): view('admin_produk/edit', [...])
 6 SYSTEMPATH\CodeIgniter.php(896): App\Controllers\Produk->edit('1')
 7 SYSTEMPATH\CodeIgniter.php(466): CodeIgniter\CodeIgniter->runController(Object(App\Controllers\Produk))
 8 SYSTEMPATH\CodeIgniter.php(349): CodeIgniter\CodeIgniter->handleRequest(null, Object(Config\Cache), false)
 9 FCPATH\index.php(55): CodeIgniter\CodeIgniter->run()
CRITICAL - 2022-08-27 11:37:53 --> Undefined index: tingkatan
in APPPATH\Views\admin_produk\edit.php on line 95.
 1 APPPATH\Views\admin_produk\edit.php(95): CodeIgniter\Debug\Exceptions->errorHandler(8, 'Undefined index: tingkatan', 'APPPATH\\Views\\admin_produk\\edit.php', 95, [...])
 2 SYSTEMPATH\View\View.php(213): include('APPPATH\\Views\\admin_produk\\edit.php')
 3 SYSTEMPATH\View\View.php(216): CodeIgniter\View\View->CodeIgniter\View\{closure}()
 4 SYSTEMPATH\Common.php(1135): CodeIgniter\View\View->render('admin_produk/edit', [], true)
 5 APPPATH\Controllers\Produk.php(69): view('admin_produk/edit', [...])
 6 SYSTEMPATH\CodeIgniter.php(896): App\Controllers\Produk->edit('1')
 7 SYSTEMPATH\CodeIgniter.php(466): CodeIgniter\CodeIgniter->runController(Object(App\Controllers\Produk))
 8 SYSTEMPATH\CodeIgniter.php(349): CodeIgniter\CodeIgniter->handleRequest(null, Object(Config\Cache), false)
 9 FCPATH\index.php(55): CodeIgniter\CodeIgniter->run()
CRITICAL - 2022-08-27 11:38:36 --> Undefined index: kelas
in APPPATH\Views\admin_produk\edit.php on line 102.
 1 APPPATH\Views\admin_produk\edit.php(102): CodeIgniter\Debug\Exceptions->errorHandler(8, 'Undefined index: kelas', 'APPPATH\\Views\\admin_produk\\edit.php', 102, [...])
 2 SYSTEMPATH\View\View.php(213): include('APPPATH\\Views\\admin_produk\\edit.php')
 3 SYSTEMPATH\View\View.php(216): CodeIgniter\View\View->CodeIgniter\View\{closure}()
 4 SYSTEMPATH\Common.php(1135): CodeIgniter\View\View->render('admin_produk/edit', [], true)
 5 APPPATH\Controllers\Produk.php(69): view('admin_produk/edit', [...])
 6 SYSTEMPATH\CodeIgniter.php(896): App\Controllers\Produk->edit('1')
 7 SYSTEMPATH\CodeIgniter.php(466): CodeIgniter\CodeIgniter->runController(Object(App\Controllers\Produk))
 8 SYSTEMPATH\CodeIgniter.php(349): CodeIgniter\CodeIgniter->handleRequest(null, Object(Config\Cache), false)
 9 FCPATH\index.php(55): CodeIgniter\CodeIgniter->run()
CRITICAL - 2022-08-27 11:38:58 --> Undefined index: nama_fail
in APPPATH\Views\admin_produk\edit.php on line 117.
 1 APPPATH\Views\admin_produk\edit.php(117): CodeIgniter\Debug\Exceptions->errorHandler(8, 'Undefined index: nama_fail', 'APPPATH\\Views\\admin_produk\\edit.php', 117, [...])
 2 SYSTEMPATH\View\View.php(213): include('APPPATH\\Views\\admin_produk\\edit.php')
 3 SYSTEMPATH\View\View.php(216): CodeIgniter\View\View->CodeIgniter\View\{closure}()
 4 SYSTEMPATH\Common.php(1135): CodeIgniter\View\View->render('admin_produk/edit', [], true)
 5 APPPATH\Controllers\Produk.php(69): view('admin_produk/edit', [...])
 6 SYSTEMPATH\CodeIgniter.php(896): App\Controllers\Produk->edit('1')
 7 SYSTEMPATH\CodeIgniter.php(466): CodeIgniter\CodeIgniter->runController(Object(App\Controllers\Produk))
 8 SYSTEMPATH\CodeIgniter.php(349): CodeIgniter\CodeIgniter->handleRequest(null, Object(Config\Cache), false)
 9 FCPATH\index.php(55): CodeIgniter\CodeIgniter->run()
CRITICAL - 2022-08-27 21:01:25 --> Undefined variable: gambar
in APPPATH\Views\admin_produk\edit.php on line 117.
 1 APPPATH\Views\admin_produk\edit.php(117): CodeIgniter\Debug\Exceptions->errorHandler(8, 'Undefined variable: gambar', 'APPPATH\\Views\\admin_produk\\edit.php', 117, [...])
 2 SYSTEMPATH\View\View.php(213): include('APPPATH\\Views\\admin_produk\\edit.php')
 3 SYSTEMPATH\View\View.php(216): CodeIgniter\View\View->CodeIgniter\View\{closure}()
 4 SYSTEMPATH\Common.php(1135): CodeIgniter\View\View->render('admin_produk/edit', [], true)
 5 APPPATH\Controllers\Produk.php(69): view('admin_produk/edit', [...])
 6 SYSTEMPATH\CodeIgniter.php(896): App\Controllers\Produk->edit('11')
 7 SYSTEMPATH\CodeIgniter.php(466): CodeIgniter\CodeIgniter->runController(Object(App\Controllers\Produk))
 8 SYSTEMPATH\CodeIgniter.php(349): CodeIgniter\CodeIgniter->handleRequest(null, Object(Config\Cache), false)
 9 FCPATH\index.php(55): CodeIgniter\CodeIgniter->run()
CRITICAL - 2022-08-27 22:03:26 --> Trying to access array offset on value of type null
in APPPATH\Views\admin_produk\edit.php on line 84.
 1 APPPATH\Views\admin_produk\edit.php(84): CodeIgniter\Debug\Exceptions->errorHandler(8, 'Trying to access array offset on value of type null', 'APPPATH\\Views\\admin_produk\\edit.php', 84, [...])
 2 SYSTEMPATH\View\View.php(213): include('APPPATH\\Views\\admin_produk\\edit.php')
 3 SYSTEMPATH\View\View.php(216): CodeIgniter\View\View->CodeIgniter\View\{closure}()
 4 SYSTEMPATH\Common.php(1135): CodeIgniter\View\View->render('admin_produk/edit', [], true)
 5 APPPATH\Controllers\Produk.php(69): view('admin_produk/edit', [...])
 6 SYSTEMPATH\CodeIgniter.php(896): App\Controllers\Produk->edit('FCPATH\\img', 'produk', 'default', 'default.jpg')
 7 SYSTEMPATH\CodeIgniter.php(466): CodeIgniter\CodeIgniter->runController(Object(App\Controllers\Produk))
 8 SYSTEMPATH\CodeIgniter.php(349): CodeIgniter\CodeIgniter->handleRequest(null, Object(Config\Cache), false)
 9 FCPATH\index.php(55): CodeIgniter\CodeIgniter->run()
CRITICAL - 2022-08-27 22:03:42 --> Trying to access array offset on value of type null
in APPPATH\Views\admin_produk\edit.php on line 84.
 1 APPPATH\Views\admin_produk\edit.php(84): CodeIgniter\Debug\Exceptions->errorHandler(8, 'Trying to access array offset on value of type null', 'APPPATH\\Views\\admin_produk\\edit.php', 84, [...])
 2 SYSTEMPATH\View\View.php(213): include('APPPATH\\Views\\admin_produk\\edit.php')
 3 SYSTEMPATH\View\View.php(216): CodeIgniter\View\View->CodeIgniter\View\{closure}()
 4 SYSTEMPATH\Common.php(1135): CodeIgniter\View\View->render('admin_produk/edit', [], true)
 5 APPPATH\Controllers\Produk.php(69): view('admin_produk/edit', [...])
 6 SYSTEMPATH\CodeIgniter.php(896): App\Controllers\Produk->edit('FCPATH\\img', 'produk', 'default', 'default.jpg')
 7 SYSTEMPATH\CodeIgniter.php(466): CodeIgniter\CodeIgniter->runController(Object(App\Controllers\Produk))
 8 SYSTEMPATH\CodeIgniter.php(349): CodeIgniter\CodeIgniter->handleRequest(null, Object(Config\Cache), false)
 9 FCPATH\index.php(55): CodeIgniter\CodeIgniter->run()
CRITICAL - 2022-08-27 22:03:44 --> Trying to access array offset on value of type null
in APPPATH\Views\admin_produk\edit.php on line 84.
 1 APPPATH\Views\admin_produk\edit.php(84): CodeIgniter\Debug\Exceptions->errorHandler(8, 'Trying to access array offset on value of type null', 'APPPATH\\Views\\admin_produk\\edit.php', 84, [...])
 2 SYSTEMPATH\View\View.php(213): include('APPPATH\\Views\\admin_produk\\edit.php')
 3 SYSTEMPATH\View\View.php(216): CodeIgniter\View\View->CodeIgniter\View\{closure}()
 4 SYSTEMPATH\Common.php(1135): CodeIgniter\View\View->render('admin_produk/edit', [], true)
 5 APPPATH\Controllers\Produk.php(69): view('admin_produk/edit', [...])
 6 SYSTEMPATH\CodeIgniter.php(896): App\Controllers\Produk->edit('FCPATH\\img', 'produk', 'default', 'default.jpg')
 7 SYSTEMPATH\CodeIgniter.php(466): CodeIgniter\CodeIgniter->runController(Object(App\Controllers\Produk))
 8 SYSTEMPATH\CodeIgniter.php(349): CodeIgniter\CodeIgniter->handleRequest(null, Object(Config\Cache), false)
 9 FCPATH\index.php(55): CodeIgniter\CodeIgniter->run()
CRITICAL - 2022-08-27 22:04:30 --> Trying to access array offset on value of type null
in APPPATH\Views\admin_produk\edit.php on line 84.
 1 APPPATH\Views\admin_produk\edit.php(84): CodeIgniter\Debug\Exceptions->errorHandler(8, 'Trying to access array offset on value of type null', 'APPPATH\\Views\\admin_produk\\edit.php', 84, [...])
 2 SYSTEMPATH\View\View.php(213): include('APPPATH\\Views\\admin_produk\\edit.php')
 3 SYSTEMPATH\View\View.php(216): CodeIgniter\View\View->CodeIgniter\View\{closure}()
 4 SYSTEMPATH\Common.php(1135): CodeIgniter\View\View->render('admin_produk/edit', [], true)
 5 APPPATH\Controllers\Produk.php(69): view('admin_produk/edit', [...])
 6 SYSTEMPATH\CodeIgniter.php(896): App\Controllers\Produk->edit('FCPATH\\img', 'produk', 'default', 'default.jpg')
 7 SYSTEMPATH\CodeIgniter.php(466): CodeIgniter\CodeIgniter->runController(Object(App\Controllers\Produk))
 8 SYSTEMPATH\CodeIgniter.php(349): CodeIgniter\CodeIgniter->handleRequest(null, Object(Config\Cache), false)
 9 FCPATH\index.php(55): CodeIgniter\CodeIgniter->run()
CRITICAL - 2022-08-27 22:04:34 --> Trying to access array offset on value of type null
in APPPATH\Views\admin_produk\edit.php on line 84.
 1 APPPATH\Views\admin_produk\edit.php(84): CodeIgniter\Debug\Exceptions->errorHandler(8, 'Trying to access array offset on value of type null', 'APPPATH\\Views\\admin_produk\\edit.php', 84, [...])
 2 SYSTEMPATH\View\View.php(213): include('APPPATH\\Views\\admin_produk\\edit.php')
 3 SYSTEMPATH\View\View.php(216): CodeIgniter\View\View->CodeIgniter\View\{closure}()
 4 SYSTEMPATH\Common.php(1135): CodeIgniter\View\View->render('admin_produk/edit', [], true)
 5 APPPATH\Controllers\Produk.php(69): view('admin_produk/edit', [...])
 6 SYSTEMPATH\CodeIgniter.php(896): App\Controllers\Produk->edit('FCPATH\\img', 'produk', 'default', 'default.jpg')
 7 SYSTEMPATH\CodeIgniter.php(466): CodeIgniter\CodeIgniter->runController(Object(App\Controllers\Produk))
 8 SYSTEMPATH\CodeIgniter.php(349): CodeIgniter\CodeIgniter->handleRequest(null, Object(Config\Cache), false)
 9 FCPATH\index.php(55): CodeIgniter\CodeIgniter->run()
CRITICAL - 2022-08-27 22:04:51 --> Trying to access array offset on value of type null
in APPPATH\Views\admin_produk\edit.php on line 84.
 1 APPPATH\Views\admin_produk\edit.php(84): CodeIgniter\Debug\Exceptions->errorHandler(8, 'Trying to access array offset on value of type null', 'APPPATH\\Views\\admin_produk\\edit.php', 84, [...])
 2 SYSTEMPATH\View\View.php(213): include('APPPATH\\Views\\admin_produk\\edit.php')
 3 SYSTEMPATH\View\View.php(216): CodeIgniter\View\View->CodeIgniter\View\{closure}()
 4 SYSTEMPATH\Common.php(1135): CodeIgniter\View\View->render('admin_produk/edit', [], true)
 5 APPPATH\Controllers\Produk.php(69): view('admin_produk/edit', [...])
 6 SYSTEMPATH\CodeIgniter.php(896): App\Controllers\Produk->edit('FCPATH\\img', 'produk', 'default.jpg')
 7 SYSTEMPATH\CodeIgniter.php(466): CodeIgniter\CodeIgniter->runController(Object(App\Controllers\Produk))
 8 SYSTEMPATH\CodeIgniter.php(349): CodeIgniter\CodeIgniter->handleRequest(null, Object(Config\Cache), false)
 9 FCPATH\index.php(55): CodeIgniter\CodeIgniter->run()
CRITICAL - 2022-08-27 22:04:53 --> Trying to access array offset on value of type null
in APPPATH\Views\admin_produk\edit.php on line 84.
 1 APPPATH\Views\admin_produk\edit.php(84): CodeIgniter\Debug\Exceptions->errorHandler(8, 'Trying to access array offset on value of type null', 'APPPATH\\Views\\admin_produk\\edit.php', 84, [...])
 2 SYSTEMPATH\View\View.php(213): include('APPPATH\\Views\\admin_produk\\edit.php')
 3 SYSTEMPATH\View\View.php(216): CodeIgniter\View\View->CodeIgniter\View\{closure}()
 4 SYSTEMPATH\Common.php(1135): CodeIgniter\View\View->render('admin_produk/edit', [], true)
 5 APPPATH\Controllers\Produk.php(69): view('admin_produk/edit', [...])
 6 SYSTEMPATH\CodeIgniter.php(896): App\Controllers\Produk->edit('FCPATH\\img', 'produk', 'default.jpg')
 7 SYSTEMPATH\CodeIgniter.php(466): CodeIgniter\CodeIgniter->runController(Object(App\Controllers\Produk))
 8 SYSTEMPATH\CodeIgniter.php(349): CodeIgniter\CodeIgniter->handleRequest(null, Object(Config\Cache), false)
 9 FCPATH\index.php(55): CodeIgniter\CodeIgniter->run()
CRITICAL - 2022-08-27 22:04:56 --> Trying to access array offset on value of type null
in APPPATH\Views\admin_produk\edit.php on line 84.
 1 APPPATH\Views\admin_produk\edit.php(84): CodeIgniter\Debug\Exceptions->errorHandler(8, 'Trying to access array offset on value of type null', 'APPPATH\\Views\\admin_produk\\edit.php', 84, [...])
 2 SYSTEMPATH\View\View.php(213): include('APPPATH\\Views\\admin_produk\\edit.php')
 3 SYSTEMPATH\View\View.php(216): CodeIgniter\View\View->CodeIgniter\View\{closure}()
 4 SYSTEMPATH\Common.php(1135): CodeIgniter\View\View->render('admin_produk/edit', [], true)
 5 APPPATH\Controllers\Produk.php(69): view('admin_produk/edit', [...])
 6 SYSTEMPATH\CodeIgniter.php(896): App\Controllers\Produk->edit('FCPATH\\img', 'produk', 'default.jpg')
 7 SYSTEMPATH\CodeIgniter.php(466): CodeIgniter\CodeIgniter->runController(Object(App\Controllers\Produk))
 8 SYSTEMPATH\CodeIgniter.php(349): CodeIgniter\CodeIgniter->handleRequest(null, Object(Config\Cache), false)
 9 FCPATH\index.php(55): CodeIgniter\CodeIgniter->run()
CRITICAL - 2022-08-27 22:05:31 --> Trying to access array offset on value of type null
in APPPATH\Views\admin_produk\edit.php on line 84.
 1 APPPATH\Views\admin_produk\edit.php(84): CodeIgniter\Debug\Exceptions->errorHandler(8, 'Trying to access array offset on value of type null', 'APPPATH\\Views\\admin_produk\\edit.php', 84, [...])
 2 SYSTEMPATH\View\View.php(213): include('APPPATH\\Views\\admin_produk\\edit.php')
 3 SYSTEMPATH\View\View.php(216): CodeIgniter\View\View->CodeIgniter\View\{closure}()
 4 SYSTEMPATH\Common.php(1135): CodeIgniter\View\View->render('admin_produk/edit', [], true)
 5 APPPATH\Controllers\Produk.php(69): view('admin_produk/edit', [...])
 6 SYSTEMPATH\CodeIgniter.php(896): App\Controllers\Produk->edit('FCPATH\\img', 'produk', 'default.jpg')
 7 SYSTEMPATH\CodeIgniter.php(466): CodeIgniter\CodeIgniter->runController(Object(App\Controllers\Produk))
 8 SYSTEMPATH\CodeIgniter.php(349): CodeIgniter\CodeIgniter->handleRequest(null, Object(Config\Cache), false)
 9 FCPATH\index.php(55): CodeIgniter\CodeIgniter->run()
CRITICAL - 2022-08-27 22:26:22 --> The original file is not a valid file.
in SYSTEMPATH\HTTP\Files\UploadedFile.php on line 137.
 1 SYSTEMPATH\HTTP\Files\UploadedFile.php(137): CodeIgniter\HTTP\Exceptions\HTTPException::forInvalidFile()
 2 APPPATH\Controllers\Produk.php(108): CodeIgniter\HTTP\Files\UploadedFile->move('FCPATH\\img\\produk', '1661657182_a435bb1545e6578a071d')
 3 SYSTEMPATH\CodeIgniter.php(896): App\Controllers\Produk->save_edit('11')
 4 SYSTEMPATH\CodeIgniter.php(466): CodeIgniter\CodeIgniter->runController(Object(App\Controllers\Produk))
 5 SYSTEMPATH\CodeIgniter.php(349): CodeIgniter\CodeIgniter->handleRequest(null, Object(Config\Cache), false)
 6 FCPATH\index.php(55): CodeIgniter\CodeIgniter->run()
