CRITICAL - 2022-11-22 12:07:32 --> Undefined variable: total_amount
in APPPATH\Views\bakul.php on line 85.
 1 APPPATH\Views\bakul.php(85): CodeIgniter\Debug\Exceptions->errorHandler(8, 'Undefined variable: total_amount', 'APPPATH\\Views\\bakul.php', 85, [])
 2 SYSTEMPATH\View\View.php(213): include('APPPATH\\Views\\bakul.php')
 3 SYSTEMPATH\View\View.php(216): CodeIgniter\View\View->CodeIgniter\View\{closure}()
 4 SYSTEMPATH\Common.php(1135): CodeIgniter\View\View->render('bakul', [], true)
 5 APPPATH\Controllers\Bakul.php(25): view('bakul')
 6 SYSTEMPATH\CodeIgniter.php(896): App\Controllers\Bakul->index()
 7 SYSTEMPATH\CodeIgniter.php(466): CodeIgniter\CodeIgniter->runController(Object(App\Controllers\Bakul))
 8 SYSTEMPATH\CodeIgniter.php(349): CodeIgniter\CodeIgniter->handleRequest(null, Object(Config\Cache), false)
 9 FCPATH\index.php(55): CodeIgniter\CodeIgniter->run()
CRITICAL - 2022-11-22 12:07:33 --> Undefined variable: total_amount
in APPPATH\Views\bakul.php on line 85.
 1 APPPATH\Views\bakul.php(85): CodeIgniter\Debug\Exceptions->errorHandler(8, 'Undefined variable: total_amount', 'APPPATH\\Views\\bakul.php', 85, [])
 2 SYSTEMPATH\View\View.php(213): include('APPPATH\\Views\\bakul.php')
 3 SYSTEMPATH\View\View.php(216): CodeIgniter\View\View->CodeIgniter\View\{closure}()
 4 SYSTEMPATH\Common.php(1135): CodeIgniter\View\View->render('bakul', [], true)
 5 APPPATH\Controllers\Bakul.php(25): view('bakul')
 6 SYSTEMPATH\CodeIgniter.php(896): App\Controllers\Bakul->index()
 7 SYSTEMPATH\CodeIgniter.php(466): CodeIgniter\CodeIgniter->runController(Object(App\Controllers\Bakul))
 8 SYSTEMPATH\CodeIgniter.php(349): CodeIgniter\CodeIgniter->handleRequest(null, Object(Config\Cache), false)
 9 FCPATH\index.php(55): CodeIgniter\CodeIgniter->run()
CRITICAL - 2022-11-22 12:13:18 --> Invalid argument supplied for foreach()
in APPPATH\Controllers\Bakul.php on line 76.
 1 APPPATH\Controllers\Bakul.php(76): CodeIgniter\Debug\Exceptions->errorHandler(2, 'Invalid argument supplied for foreach()', 'APPPATH\\Controllers\\Bakul.php', 76, [...])
 2 SYSTEMPATH\CodeIgniter.php(896): App\Controllers\Bakul->update()
 3 SYSTEMPATH\CodeIgniter.php(466): CodeIgniter\CodeIgniter->runController(Object(App\Controllers\Bakul))
 4 SYSTEMPATH\CodeIgniter.php(349): CodeIgniter\CodeIgniter->handleRequest(null, Object(Config\Cache), false)
 5 FCPATH\index.php(55): CodeIgniter\CodeIgniter->run()
CRITICAL - 2022-11-22 12:14:49 --> Undefined variable: total_amount
in APPPATH\Views\bakul.php on line 85.
 1 APPPATH\Views\bakul.php(85): CodeIgniter\Debug\Exceptions->errorHandler(8, 'Undefined variable: total_amount', 'APPPATH\\Views\\bakul.php', 85, [])
 2 SYSTEMPATH\View\View.php(213): include('APPPATH\\Views\\bakul.php')
 3 SYSTEMPATH\View\View.php(216): CodeIgniter\View\View->CodeIgniter\View\{closure}()
 4 SYSTEMPATH\Common.php(1135): CodeIgniter\View\View->render('bakul', [], true)
 5 APPPATH\Controllers\Bakul.php(25): view('bakul')
 6 SYSTEMPATH\CodeIgniter.php(896): App\Controllers\Bakul->index()
 7 SYSTEMPATH\CodeIgniter.php(466): CodeIgniter\CodeIgniter->runController(Object(App\Controllers\Bakul))
 8 SYSTEMPATH\CodeIgniter.php(349): CodeIgniter\CodeIgniter->handleRequest(null, Object(Config\Cache), false)
 9 FCPATH\index.php(55): CodeIgniter\CodeIgniter->run()
CRITICAL - 2022-11-22 12:17:52 --> Undefined variable: total_amount
in APPPATH\Views\bakul.php on line 85.
 1 APPPATH\Views\bakul.php(85): CodeIgniter\Debug\Exceptions->errorHandler(8, 'Undefined variable: total_amount', 'APPPATH\\Views\\bakul.php', 85, [])
 2 SYSTEMPATH\View\View.php(213): include('APPPATH\\Views\\bakul.php')
 3 SYSTEMPATH\View\View.php(216): CodeIgniter\View\View->CodeIgniter\View\{closure}()
 4 SYSTEMPATH\Common.php(1135): CodeIgniter\View\View->render('bakul', [], true)
 5 APPPATH\Controllers\Bakul.php(25): view('bakul')
 6 SYSTEMPATH\CodeIgniter.php(896): App\Controllers\Bakul->index()
 7 SYSTEMPATH\CodeIgniter.php(466): CodeIgniter\CodeIgniter->runController(Object(App\Controllers\Bakul))
 8 SYSTEMPATH\CodeIgniter.php(349): CodeIgniter\CodeIgniter->handleRequest(null, Object(Config\Cache), false)
 9 FCPATH\index.php(55): CodeIgniter\CodeIgniter->run()
CRITICAL - 2022-11-22 12:19:35 --> Undefined variable: total_amount
in APPPATH\Views\bakul.php on line 85.
 1 APPPATH\Views\bakul.php(85): CodeIgniter\Debug\Exceptions->errorHandler(8, 'Undefined variable: total_amount', 'APPPATH\\Views\\bakul.php', 85, [])
 2 SYSTEMPATH\View\View.php(213): include('APPPATH\\Views\\bakul.php')
 3 SYSTEMPATH\View\View.php(216): CodeIgniter\View\View->CodeIgniter\View\{closure}()
 4 SYSTEMPATH\Common.php(1135): CodeIgniter\View\View->render('bakul', [], true)
 5 APPPATH\Controllers\Bakul.php(25): view('bakul')
 6 SYSTEMPATH\CodeIgniter.php(896): App\Controllers\Bakul->index()
 7 SYSTEMPATH\CodeIgniter.php(466): CodeIgniter\CodeIgniter->runController(Object(App\Controllers\Bakul))
 8 SYSTEMPATH\CodeIgniter.php(349): CodeIgniter\CodeIgniter->handleRequest(null, Object(Config\Cache), false)
 9 FCPATH\index.php(55): CodeIgniter\CodeIgniter->run()
CRITICAL - 2022-11-22 12:20:49 --> Uninitialized string offset: 19
in APPPATH\Controllers\Bakul.php on line 51.
 1 APPPATH\Controllers\Bakul.php(51): CodeIgniter\Debug\Exceptions->errorHandler(8, 'Uninitialized string offset: 19', 'APPPATH\\Controllers\\Bakul.php', 51, [...])
 2 SYSTEMPATH\CodeIgniter.php(896): App\Controllers\Bakul->add()
 3 SYSTEMPATH\CodeIgniter.php(466): CodeIgniter\CodeIgniter->runController(Object(App\Controllers\Bakul))
 4 SYSTEMPATH\CodeIgniter.php(349): CodeIgniter\CodeIgniter->handleRequest(null, Object(Config\Cache), false)
 5 FCPATH\index.php(55): CodeIgniter\CodeIgniter->run()
CRITICAL - 2022-11-22 12:21:15 --> Illegal string offset 'kuantiti'
in APPPATH\Controllers\Bakul.php on line 51.
 1 APPPATH\Controllers\Bakul.php(51): CodeIgniter\Debug\Exceptions->errorHandler(2, 'Illegal string offset \'kuantiti\'', 'APPPATH\\Controllers\\Bakul.php', 51, [...])
 2 SYSTEMPATH\CodeIgniter.php(896): App\Controllers\Bakul->add()
 3 SYSTEMPATH\CodeIgniter.php(466): CodeIgniter\CodeIgniter->runController(Object(App\Controllers\Bakul))
 4 SYSTEMPATH\CodeIgniter.php(349): CodeIgniter\CodeIgniter->handleRequest(null, Object(Config\Cache), false)
 5 FCPATH\index.php(55): CodeIgniter\CodeIgniter->run()
CRITICAL - 2022-11-22 12:21:52 --> Undefined index: kuantiti
in APPPATH\Controllers\Bakul.php on line 51.
 1 APPPATH\Controllers\Bakul.php(51): CodeIgniter\Debug\Exceptions->errorHandler(8, 'Undefined index: kuantiti', 'APPPATH\\Controllers\\Bakul.php', 51, [...])
 2 SYSTEMPATH\CodeIgniter.php(896): App\Controllers\Bakul->add()
 3 SYSTEMPATH\CodeIgniter.php(466): CodeIgniter\CodeIgniter->runController(Object(App\Controllers\Bakul))
 4 SYSTEMPATH\CodeIgniter.php(349): CodeIgniter\CodeIgniter->handleRequest(null, Object(Config\Cache), false)
 5 FCPATH\index.php(55): CodeIgniter\CodeIgniter->run()
CRITICAL - 2022-11-22 12:31:12 --> Undefined variable: total_amount
in APPPATH\Views\bakul.php on line 85.
 1 APPPATH\Views\bakul.php(85): CodeIgniter\Debug\Exceptions->errorHandler(8, 'Undefined variable: total_amount', 'APPPATH\\Views\\bakul.php', 85, [])
 2 SYSTEMPATH\View\View.php(213): include('APPPATH\\Views\\bakul.php')
 3 SYSTEMPATH\View\View.php(216): CodeIgniter\View\View->CodeIgniter\View\{closure}()
 4 SYSTEMPATH\Common.php(1135): CodeIgniter\View\View->render('bakul', [], true)
 5 APPPATH\Controllers\Bakul.php(25): view('bakul')
 6 SYSTEMPATH\CodeIgniter.php(896): App\Controllers\Bakul->index()
 7 SYSTEMPATH\CodeIgniter.php(466): CodeIgniter\CodeIgniter->runController(Object(App\Controllers\Bakul))
 8 SYSTEMPATH\CodeIgniter.php(349): CodeIgniter\CodeIgniter->handleRequest(null, Object(Config\Cache), false)
 9 FCPATH\index.php(55): CodeIgniter\CodeIgniter->run()
CRITICAL - 2022-11-22 12:32:53 --> Undefined variable: total_amount
in APPPATH\Views\bakul.php on line 85.
 1 APPPATH\Views\bakul.php(85): CodeIgniter\Debug\Exceptions->errorHandler(8, 'Undefined variable: total_amount', 'APPPATH\\Views\\bakul.php', 85, [])
 2 SYSTEMPATH\View\View.php(213): include('APPPATH\\Views\\bakul.php')
 3 SYSTEMPATH\View\View.php(216): CodeIgniter\View\View->CodeIgniter\View\{closure}()
 4 SYSTEMPATH\Common.php(1135): CodeIgniter\View\View->render('bakul', [], true)
 5 APPPATH\Controllers\Bakul.php(25): view('bakul')
 6 SYSTEMPATH\CodeIgniter.php(896): App\Controllers\Bakul->index()
 7 SYSTEMPATH\CodeIgniter.php(466): CodeIgniter\CodeIgniter->runController(Object(App\Controllers\Bakul))
 8 SYSTEMPATH\CodeIgniter.php(349): CodeIgniter\CodeIgniter->handleRequest(null, Object(Config\Cache), false)
 9 FCPATH\index.php(55): CodeIgniter\CodeIgniter->run()
CRITICAL - 2022-11-22 12:44:23 --> syntax error, unexpected '>'
in APPPATH\Controllers\Bakul.php on line 40.
 1 SYSTEMPATH\Router\Router.php(499): CodeIgniter\Router\AutoRouter->getRoute('bakul/add')
 2 SYSTEMPATH\Router\Router.php(205): CodeIgniter\Router\Router->autoRoute('bakul/add')
 3 SYSTEMPATH\CodeIgniter.php(771): CodeIgniter\Router\Router->handle('bakul/add')
 4 SYSTEMPATH\CodeIgniter.php(415): CodeIgniter\CodeIgniter->tryToRouteIt(Object(CodeIgniter\Router\RouteCollection))
 5 SYSTEMPATH\CodeIgniter.php(349): CodeIgniter\CodeIgniter->handleRequest(null, Object(Config\Cache), false)
 6 FCPATH\index.php(55): CodeIgniter\CodeIgniter->run()
CRITICAL - 2022-11-22 12:45:14 --> syntax error, unexpected '->' (T_OBJECT_OPERATOR)
in APPPATH\Controllers\Bakul.php on line 62.
 1 SYSTEMPATH\Router\Router.php(499): CodeIgniter\Router\AutoRouter->getRoute('bakul/add')
 2 SYSTEMPATH\Router\Router.php(205): CodeIgniter\Router\Router->autoRoute('bakul/add')
 3 SYSTEMPATH\CodeIgniter.php(771): CodeIgniter\Router\Router->handle('bakul/add')
 4 SYSTEMPATH\CodeIgniter.php(415): CodeIgniter\CodeIgniter->tryToRouteIt(Object(CodeIgniter\Router\RouteCollection))
 5 SYSTEMPATH\CodeIgniter.php(349): CodeIgniter\CodeIgniter->handleRequest(null, Object(Config\Cache), false)
 6 FCPATH\index.php(55): CodeIgniter\CodeIgniter->run()
CRITICAL - 2022-11-22 12:46:45 --> Invalid argument supplied for foreach()
in APPPATH\Controllers\Bakul.php on line 76.
 1 APPPATH\Controllers\Bakul.php(76): CodeIgniter\Debug\Exceptions->errorHandler(2, 'Invalid argument supplied for foreach()', 'APPPATH\\Controllers\\Bakul.php', 76, [...])
 2 SYSTEMPATH\CodeIgniter.php(896): App\Controllers\Bakul->update()
 3 SYSTEMPATH\CodeIgniter.php(466): CodeIgniter\CodeIgniter->runController(Object(App\Controllers\Bakul))
 4 SYSTEMPATH\CodeIgniter.php(349): CodeIgniter\CodeIgniter->handleRequest(null, Object(Config\Cache), false)
 5 FCPATH\index.php(55): CodeIgniter\CodeIgniter->run()
CRITICAL - 2022-11-22 12:47:03 --> Invalid argument supplied for foreach()
in APPPATH\Controllers\Bakul.php on line 79.
 1 APPPATH\Controllers\Bakul.php(79): CodeIgniter\Debug\Exceptions->errorHandler(2, 'Invalid argument supplied for foreach()', 'APPPATH\\Controllers\\Bakul.php', 79, [...])
 2 SYSTEMPATH\CodeIgniter.php(896): App\Controllers\Bakul->update()
 3 SYSTEMPATH\CodeIgniter.php(466): CodeIgniter\CodeIgniter->runController(Object(App\Controllers\Bakul))
 4 SYSTEMPATH\CodeIgniter.php(349): CodeIgniter\CodeIgniter->handleRequest(null, Object(Config\Cache), false)
 5 FCPATH\index.php(55): CodeIgniter\CodeIgniter->run()
CRITICAL - 2022-11-22 12:47:05 --> Undefined variable: total_amount
in APPPATH\Views\bakul.php on line 85.
 1 APPPATH\Views\bakul.php(85): CodeIgniter\Debug\Exceptions->errorHandler(8, 'Undefined variable: total_amount', 'APPPATH\\Views\\bakul.php', 85, [])
 2 SYSTEMPATH\View\View.php(213): include('APPPATH\\Views\\bakul.php')
 3 SYSTEMPATH\View\View.php(216): CodeIgniter\View\View->CodeIgniter\View\{closure}()
 4 SYSTEMPATH\Common.php(1135): CodeIgniter\View\View->render('bakul', [], true)
 5 APPPATH\Controllers\Bakul.php(25): view('bakul')
 6 SYSTEMPATH\CodeIgniter.php(896): App\Controllers\Bakul->index()
 7 SYSTEMPATH\CodeIgniter.php(466): CodeIgniter\CodeIgniter->runController(Object(App\Controllers\Bakul))
 8 SYSTEMPATH\CodeIgniter.php(349): CodeIgniter\CodeIgniter->handleRequest(null, Object(Config\Cache), false)
 9 FCPATH\index.php(55): CodeIgniter\CodeIgniter->run()
CRITICAL - 2022-11-22 12:47:12 --> Invalid argument supplied for foreach()
in APPPATH\Controllers\Bakul.php on line 79.
 1 APPPATH\Controllers\Bakul.php(79): CodeIgniter\Debug\Exceptions->errorHandler(2, 'Invalid argument supplied for foreach()', 'APPPATH\\Controllers\\Bakul.php', 79, [...])
 2 SYSTEMPATH\CodeIgniter.php(896): App\Controllers\Bakul->update()
 3 SYSTEMPATH\CodeIgniter.php(466): CodeIgniter\CodeIgniter->runController(Object(App\Controllers\Bakul))
 4 SYSTEMPATH\CodeIgniter.php(349): CodeIgniter\CodeIgniter->handleRequest(null, Object(Config\Cache), false)
 5 FCPATH\index.php(55): CodeIgniter\CodeIgniter->run()
CRITICAL - 2022-11-22 12:47:47 --> Undefined variable: total_amount
in APPPATH\Views\bakul.php on line 85.
 1 APPPATH\Views\bakul.php(85): CodeIgniter\Debug\Exceptions->errorHandler(8, 'Undefined variable: total_amount', 'APPPATH\\Views\\bakul.php', 85, [])
 2 SYSTEMPATH\View\View.php(213): include('APPPATH\\Views\\bakul.php')
 3 SYSTEMPATH\View\View.php(216): CodeIgniter\View\View->CodeIgniter\View\{closure}()
 4 SYSTEMPATH\Common.php(1135): CodeIgniter\View\View->render('bakul', [], true)
 5 APPPATH\Controllers\Bakul.php(25): view('bakul')
 6 SYSTEMPATH\CodeIgniter.php(896): App\Controllers\Bakul->index()
 7 SYSTEMPATH\CodeIgniter.php(466): CodeIgniter\CodeIgniter->runController(Object(App\Controllers\Bakul))
 8 SYSTEMPATH\CodeIgniter.php(349): CodeIgniter\CodeIgniter->handleRequest(null, Object(Config\Cache), false)
 9 FCPATH\index.php(55): CodeIgniter\CodeIgniter->run()
CRITICAL - 2022-11-22 12:49:32 --> Undefined variable: total_amount
in APPPATH\Views\bakul.php on line 85.
 1 APPPATH\Views\bakul.php(85): CodeIgniter\Debug\Exceptions->errorHandler(8, 'Undefined variable: total_amount', 'APPPATH\\Views\\bakul.php', 85, [])
 2 SYSTEMPATH\View\View.php(213): include('APPPATH\\Views\\bakul.php')
 3 SYSTEMPATH\View\View.php(216): CodeIgniter\View\View->CodeIgniter\View\{closure}()
 4 SYSTEMPATH\Common.php(1135): CodeIgniter\View\View->render('bakul', [], true)
 5 APPPATH\Controllers\Bakul.php(25): view('bakul')
 6 SYSTEMPATH\CodeIgniter.php(896): App\Controllers\Bakul->index()
 7 SYSTEMPATH\CodeIgniter.php(466): CodeIgniter\CodeIgniter->runController(Object(App\Controllers\Bakul))
 8 SYSTEMPATH\CodeIgniter.php(349): CodeIgniter\CodeIgniter->handleRequest(null, Object(Config\Cache), false)
 9 FCPATH\index.php(55): CodeIgniter\CodeIgniter->run()
CRITICAL - 2022-11-22 12:51:03 --> Invalid argument supplied for foreach()
in APPPATH\Controllers\Bakul.php on line 80.
 1 APPPATH\Controllers\Bakul.php(80): CodeIgniter\Debug\Exceptions->errorHandler(2, 'Invalid argument supplied for foreach()', 'APPPATH\\Controllers\\Bakul.php', 80, [...])
 2 SYSTEMPATH\CodeIgniter.php(896): App\Controllers\Bakul->update()
 3 SYSTEMPATH\CodeIgniter.php(466): CodeIgniter\CodeIgniter->runController(Object(App\Controllers\Bakul))
 4 SYSTEMPATH\CodeIgniter.php(349): CodeIgniter\CodeIgniter->handleRequest(null, Object(Config\Cache), false)
 5 FCPATH\index.php(55): CodeIgniter\CodeIgniter->run()
CRITICAL - 2022-11-22 12:52:18 --> Invalid argument supplied for foreach()
in APPPATH\Controllers\Bakul.php on line 80.
 1 APPPATH\Controllers\Bakul.php(80): CodeIgniter\Debug\Exceptions->errorHandler(2, 'Invalid argument supplied for foreach()', 'APPPATH\\Controllers\\Bakul.php', 80, [...])
 2 SYSTEMPATH\CodeIgniter.php(896): App\Controllers\Bakul->update()
 3 SYSTEMPATH\CodeIgniter.php(466): CodeIgniter\CodeIgniter->runController(Object(App\Controllers\Bakul))
 4 SYSTEMPATH\CodeIgniter.php(349): CodeIgniter\CodeIgniter->handleRequest(null, Object(Config\Cache), false)
 5 FCPATH\index.php(55): CodeIgniter\CodeIgniter->run()
CRITICAL - 2022-11-22 12:56:55 --> Undefined variable: total_amount
in APPPATH\Views\bakul.php on line 85.
 1 APPPATH\Views\bakul.php(85): CodeIgniter\Debug\Exceptions->errorHandler(8, 'Undefined variable: total_amount', 'APPPATH\\Views\\bakul.php', 85, [])
 2 SYSTEMPATH\View\View.php(213): include('APPPATH\\Views\\bakul.php')
 3 SYSTEMPATH\View\View.php(216): CodeIgniter\View\View->CodeIgniter\View\{closure}()
 4 SYSTEMPATH\Common.php(1135): CodeIgniter\View\View->render('bakul', [], true)
 5 APPPATH\Controllers\Bakul.php(25): view('bakul')
 6 SYSTEMPATH\CodeIgniter.php(896): App\Controllers\Bakul->index()
 7 SYSTEMPATH\CodeIgniter.php(466): CodeIgniter\CodeIgniter->runController(Object(App\Controllers\Bakul))
 8 SYSTEMPATH\CodeIgniter.php(349): CodeIgniter\CodeIgniter->handleRequest(null, Object(Config\Cache), false)
 9 FCPATH\index.php(55): CodeIgniter\CodeIgniter->run()
CRITICAL - 2022-11-22 12:57:02 --> Invalid argument supplied for foreach()
in APPPATH\Controllers\Bakul.php on line 81.
 1 APPPATH\Controllers\Bakul.php(81): CodeIgniter\Debug\Exceptions->errorHandler(2, 'Invalid argument supplied for foreach()', 'APPPATH\\Controllers\\Bakul.php', 81, [...])
 2 SYSTEMPATH\CodeIgniter.php(896): App\Controllers\Bakul->update()
 3 SYSTEMPATH\CodeIgniter.php(466): CodeIgniter\CodeIgniter->runController(Object(App\Controllers\Bakul))
 4 SYSTEMPATH\CodeIgniter.php(349): CodeIgniter\CodeIgniter->handleRequest(null, Object(Config\Cache), false)
 5 FCPATH\index.php(55): CodeIgniter\CodeIgniter->run()
CRITICAL - 2022-11-22 13:01:59 --> Undefined variable: total_amount
in APPPATH\Views\bakul.php on line 85.
 1 APPPATH\Views\bakul.php(85): CodeIgniter\Debug\Exceptions->errorHandler(8, 'Undefined variable: total_amount', 'APPPATH\\Views\\bakul.php', 85, [])
 2 SYSTEMPATH\View\View.php(213): include('APPPATH\\Views\\bakul.php')
 3 SYSTEMPATH\View\View.php(216): CodeIgniter\View\View->CodeIgniter\View\{closure}()
 4 SYSTEMPATH\Common.php(1135): CodeIgniter\View\View->render('bakul', [], true)
 5 APPPATH\Controllers\Bakul.php(25): view('bakul')
 6 SYSTEMPATH\CodeIgniter.php(896): App\Controllers\Bakul->index()
 7 SYSTEMPATH\CodeIgniter.php(466): CodeIgniter\CodeIgniter->runController(Object(App\Controllers\Bakul))
 8 SYSTEMPATH\CodeIgniter.php(349): CodeIgniter\CodeIgniter->handleRequest(null, Object(Config\Cache), false)
 9 FCPATH\index.php(55): CodeIgniter\CodeIgniter->run()
CRITICAL - 2022-11-22 13:02:07 --> Invalid argument supplied for foreach()
in APPPATH\Controllers\Bakul.php on line 82.
 1 APPPATH\Controllers\Bakul.php(82): CodeIgniter\Debug\Exceptions->errorHandler(2, 'Invalid argument supplied for foreach()', 'APPPATH\\Controllers\\Bakul.php', 82, [...])
 2 SYSTEMPATH\CodeIgniter.php(896): App\Controllers\Bakul->update()
 3 SYSTEMPATH\CodeIgniter.php(466): CodeIgniter\CodeIgniter->runController(Object(App\Controllers\Bakul))
 4 SYSTEMPATH\CodeIgniter.php(349): CodeIgniter\CodeIgniter->handleRequest(null, Object(Config\Cache), false)
 5 FCPATH\index.php(55): CodeIgniter\CodeIgniter->run()
CRITICAL - 2022-11-22 13:19:17 --> Undefined variable: total_amount
in APPPATH\Views\bakul.php on line 85.
 1 APPPATH\Views\bakul.php(85): CodeIgniter\Debug\Exceptions->errorHandler(8, 'Undefined variable: total_amount', 'APPPATH\\Views\\bakul.php', 85, [])
 2 SYSTEMPATH\View\View.php(213): include('APPPATH\\Views\\bakul.php')
 3 SYSTEMPATH\View\View.php(216): CodeIgniter\View\View->CodeIgniter\View\{closure}()
 4 SYSTEMPATH\Common.php(1135): CodeIgniter\View\View->render('bakul', [], true)
 5 APPPATH\Controllers\Bakul.php(25): view('bakul')
 6 SYSTEMPATH\CodeIgniter.php(896): App\Controllers\Bakul->index()
 7 SYSTEMPATH\CodeIgniter.php(466): CodeIgniter\CodeIgniter->runController(Object(App\Controllers\Bakul))
 8 SYSTEMPATH\CodeIgniter.php(349): CodeIgniter\CodeIgniter->handleRequest(null, Object(Config\Cache), false)
 9 FCPATH\index.php(55): CodeIgniter\CodeIgniter->run()
CRITICAL - 2022-11-22 13:19:24 --> Undefined property: App\Controllers\Bakul::$produk
in APPPATH\Controllers\Bakul.php on line 100.
 1 APPPATH\Controllers\Bakul.php(100): CodeIgniter\Debug\Exceptions->errorHandler(8, 'Undefined property: App\\Controllers\\Bakul::$produk', 'APPPATH\\Controllers\\Bakul.php', 100, [...])
 2 SYSTEMPATH\CodeIgniter.php(896): App\Controllers\Bakul->update()
 3 SYSTEMPATH\CodeIgniter.php(466): CodeIgniter\CodeIgniter->runController(Object(App\Controllers\Bakul))
 4 SYSTEMPATH\CodeIgniter.php(349): CodeIgniter\CodeIgniter->handleRequest(null, Object(Config\Cache), false)
 5 FCPATH\index.php(55): CodeIgniter\CodeIgniter->run()
CRITICAL - 2022-11-22 13:19:46 --> Undefined variable: total_amount
in APPPATH\Views\bakul.php on line 85.
 1 APPPATH\Views\bakul.php(85): CodeIgniter\Debug\Exceptions->errorHandler(8, 'Undefined variable: total_amount', 'APPPATH\\Views\\bakul.php', 85, [])
 2 SYSTEMPATH\View\View.php(213): include('APPPATH\\Views\\bakul.php')
 3 SYSTEMPATH\View\View.php(216): CodeIgniter\View\View->CodeIgniter\View\{closure}()
 4 SYSTEMPATH\Common.php(1135): CodeIgniter\View\View->render('bakul', [], true)
 5 APPPATH\Controllers\Bakul.php(25): view('bakul')
 6 SYSTEMPATH\CodeIgniter.php(896): App\Controllers\Bakul->index()
 7 SYSTEMPATH\CodeIgniter.php(466): CodeIgniter\CodeIgniter->runController(Object(App\Controllers\Bakul))
 8 SYSTEMPATH\CodeIgniter.php(349): CodeIgniter\CodeIgniter->handleRequest(null, Object(Config\Cache), false)
 9 FCPATH\index.php(55): CodeIgniter\CodeIgniter->run()
CRITICAL - 2022-11-22 13:20:14 --> Undefined variable: total_amount
in APPPATH\Views\bakul.php on line 85.
 1 APPPATH\Views\bakul.php(85): CodeIgniter\Debug\Exceptions->errorHandler(8, 'Undefined variable: total_amount', 'APPPATH\\Views\\bakul.php', 85, [])
 2 SYSTEMPATH\View\View.php(213): include('APPPATH\\Views\\bakul.php')
 3 SYSTEMPATH\View\View.php(216): CodeIgniter\View\View->CodeIgniter\View\{closure}()
 4 SYSTEMPATH\Common.php(1135): CodeIgniter\View\View->render('bakul', [], true)
 5 APPPATH\Controllers\Bakul.php(25): view('bakul')
 6 SYSTEMPATH\CodeIgniter.php(896): App\Controllers\Bakul->index()
 7 SYSTEMPATH\CodeIgniter.php(466): CodeIgniter\CodeIgniter->runController(Object(App\Controllers\Bakul))
 8 SYSTEMPATH\CodeIgniter.php(349): CodeIgniter\CodeIgniter->handleRequest(null, Object(Config\Cache), false)
 9 FCPATH\index.php(55): CodeIgniter\CodeIgniter->run()
CRITICAL - 2022-11-22 13:20:17 --> Undefined variable: total_amount
in APPPATH\Views\bakul.php on line 85.
 1 APPPATH\Views\bakul.php(85): CodeIgniter\Debug\Exceptions->errorHandler(8, 'Undefined variable: total_amount', 'APPPATH\\Views\\bakul.php', 85, [])
 2 SYSTEMPATH\View\View.php(213): include('APPPATH\\Views\\bakul.php')
 3 SYSTEMPATH\View\View.php(216): CodeIgniter\View\View->CodeIgniter\View\{closure}()
 4 SYSTEMPATH\Common.php(1135): CodeIgniter\View\View->render('bakul', [], true)
 5 APPPATH\Controllers\Bakul.php(25): view('bakul')
 6 SYSTEMPATH\CodeIgniter.php(896): App\Controllers\Bakul->index()
 7 SYSTEMPATH\CodeIgniter.php(466): CodeIgniter\CodeIgniter->runController(Object(App\Controllers\Bakul))
 8 SYSTEMPATH\CodeIgniter.php(349): CodeIgniter\CodeIgniter->handleRequest(null, Object(Config\Cache), false)
 9 FCPATH\index.php(55): CodeIgniter\CodeIgniter->run()
CRITICAL - 2022-11-22 13:25:21 --> Undefined property: App\Controllers\Bakul::$produk
in APPPATH\Controllers\Bakul.php on line 100.
 1 APPPATH\Controllers\Bakul.php(100): CodeIgniter\Debug\Exceptions->errorHandler(8, 'Undefined property: App\\Controllers\\Bakul::$produk', 'APPPATH\\Controllers\\Bakul.php', 100, [...])
 2 SYSTEMPATH\CodeIgniter.php(896): App\Controllers\Bakul->update()
 3 SYSTEMPATH\CodeIgniter.php(466): CodeIgniter\CodeIgniter->runController(Object(App\Controllers\Bakul))
 4 SYSTEMPATH\CodeIgniter.php(349): CodeIgniter\CodeIgniter->handleRequest(null, Object(Config\Cache), false)
 5 FCPATH\index.php(55): CodeIgniter\CodeIgniter->run()
CRITICAL - 2022-11-22 13:25:43 --> Undefined variable: total_amount
in APPPATH\Views\bakul.php on line 85.
 1 APPPATH\Views\bakul.php(85): CodeIgniter\Debug\Exceptions->errorHandler(8, 'Undefined variable: total_amount', 'APPPATH\\Views\\bakul.php', 85, [])
 2 SYSTEMPATH\View\View.php(213): include('APPPATH\\Views\\bakul.php')
 3 SYSTEMPATH\View\View.php(216): CodeIgniter\View\View->CodeIgniter\View\{closure}()
 4 SYSTEMPATH\Common.php(1135): CodeIgniter\View\View->render('bakul', [], true)
 5 APPPATH\Controllers\Bakul.php(25): view('bakul')
 6 SYSTEMPATH\CodeIgniter.php(896): App\Controllers\Bakul->index()
 7 SYSTEMPATH\CodeIgniter.php(466): CodeIgniter\CodeIgniter->runController(Object(App\Controllers\Bakul))
 8 SYSTEMPATH\CodeIgniter.php(349): CodeIgniter\CodeIgniter->handleRequest(null, Object(Config\Cache), false)
 9 FCPATH\index.php(55): CodeIgniter\CodeIgniter->run()
CRITICAL - 2022-11-22 13:26:47 --> Undefined property: App\Controllers\Bakul::$produk
in APPPATH\Controllers\Bakul.php on line 100.
 1 APPPATH\Controllers\Bakul.php(100): CodeIgniter\Debug\Exceptions->errorHandler(8, 'Undefined property: App\\Controllers\\Bakul::$produk', 'APPPATH\\Controllers\\Bakul.php', 100, [...])
 2 SYSTEMPATH\CodeIgniter.php(896): App\Controllers\Bakul->update()
 3 SYSTEMPATH\CodeIgniter.php(466): CodeIgniter\CodeIgniter->runController(Object(App\Controllers\Bakul))
 4 SYSTEMPATH\CodeIgniter.php(349): CodeIgniter\CodeIgniter->handleRequest(null, Object(Config\Cache), false)
 5 FCPATH\index.php(55): CodeIgniter\CodeIgniter->run()
CRITICAL - 2022-11-22 13:27:35 --> Undefined variable: total_amount
in APPPATH\Views\bakul.php on line 85.
 1 APPPATH\Views\bakul.php(85): CodeIgniter\Debug\Exceptions->errorHandler(8, 'Undefined variable: total_amount', 'APPPATH\\Views\\bakul.php', 85, [])
 2 SYSTEMPATH\View\View.php(213): include('APPPATH\\Views\\bakul.php')
 3 SYSTEMPATH\View\View.php(216): CodeIgniter\View\View->CodeIgniter\View\{closure}()
 4 SYSTEMPATH\Common.php(1135): CodeIgniter\View\View->render('bakul', [], true)
 5 APPPATH\Controllers\Bakul.php(25): view('bakul')
 6 SYSTEMPATH\CodeIgniter.php(896): App\Controllers\Bakul->index()
 7 SYSTEMPATH\CodeIgniter.php(466): CodeIgniter\CodeIgniter->runController(Object(App\Controllers\Bakul))
 8 SYSTEMPATH\CodeIgniter.php(349): CodeIgniter\CodeIgniter->handleRequest(null, Object(Config\Cache), false)
 9 FCPATH\index.php(55): CodeIgniter\CodeIgniter->run()
CRITICAL - 2022-11-22 13:27:45 --> Undefined property: App\Controllers\Bakul::$produk
in APPPATH\Controllers\Bakul.php on line 100.
 1 APPPATH\Controllers\Bakul.php(100): CodeIgniter\Debug\Exceptions->errorHandler(8, 'Undefined property: App\\Controllers\\Bakul::$produk', 'APPPATH\\Controllers\\Bakul.php', 100, [...])
 2 SYSTEMPATH\CodeIgniter.php(896): App\Controllers\Bakul->update()
 3 SYSTEMPATH\CodeIgniter.php(466): CodeIgniter\CodeIgniter->runController(Object(App\Controllers\Bakul))
 4 SYSTEMPATH\CodeIgniter.php(349): CodeIgniter\CodeIgniter->handleRequest(null, Object(Config\Cache), false)
 5 FCPATH\index.php(55): CodeIgniter\CodeIgniter->run()
